[2025-03-09 13:30:12] [INFO] ✅ Cliente conectado con ID: ijE0OS1nUjSYm6FOAAAB
[2025-03-09 13:30:14] [INFO] ✅ Cliente conectado con ID: 8yYpY99cizkUhKOrAAAD
[2025-03-09 13:30:18] [DEBUG] src/sockets/sockets.js los datos recibidos [object Object]
[2025-03-09 13:30:18] [DEBUG] src/sockets/auth/credenciales.js comprobarCredenciales() || Usuario: juan.perez@mail.com | Contraseña: contraseña_segura
[2025-03-09 13:30:18] [INFO] Conexión exitosa a MySQL
[2025-03-09 13:30:18] [INFO] Resultados de la consulta: [object Object]
[2025-03-09 13:30:18] [INFO] Conexión a MySQL cerrada
[2025-03-09 13:30:18] [DEBUG] src/sockets/auth/credenciales.js comprobarCredenciales() || FIREBASE_UID en MySQL: FR4igTSRuHTDIAxtRI9Xh08X1ZR2
[2025-03-09 13:30:18] [INFO] Conexión exitosa a MySQL
[2025-03-09 13:30:18] [INFO] Resultados de la consulta: [object Object]
[2025-03-09 13:30:18] [INFO] Conexión a MySQL cerrada
[2025-03-09 13:30:19] [DEBUG] src/sockets/auth/credenciales.js comprobarCredenciales() || El token es: 7d72d491179e7eb48243ea8057178304eeb09a8ad9f52f0f90c8fc779c987454 para el Usuario; juan.perez@mail.com
[2025-03-09 13:30:19] [DEBUG] src/sockets/auth/credenciales.js comprobarCredenciales() || TIPO DE CUENTA en MySQL: ADM
[2025-03-09 13:35:05] [INFO] ✅ Cliente conectado con ID: -BGFd7XRPTn4KWL-AAAF
[2025-03-09 13:35:05] [INFO] ✅ Cliente conectado con ID: kSa_oR_FbB28WmmbAAAH
[2025-03-09 13:35:07] [DEBUG] src/sockets/sockets.js los datos recibidos [object Object]
[2025-03-09 13:35:07] [DEBUG] src/sockets/auth/credenciales.js comprobarCredenciales() || Usuario: juan.perez@mail.com | Contraseña: contraseña_segura
[2025-03-09 13:35:07] [INFO] Conexión exitosa a MySQL
[2025-03-09 13:35:07] [INFO] Resultados de la consulta: [object Object]
[2025-03-09 13:35:07] [INFO] Conexión a MySQL cerrada
[2025-03-09 13:35:07] [DEBUG] src/sockets/auth/credenciales.js comprobarCredenciales() || FIREBASE_UID en MySQL: FR4igTSRuHTDIAxtRI9Xh08X1ZR2
[2025-03-09 13:35:07] [INFO] Conexión exitosa a MySQL
[2025-03-09 13:35:07] [INFO] Resultados de la consulta: [object Object]
[2025-03-09 13:35:07] [INFO] Conexión a MySQL cerrada
[2025-03-09 13:35:08] [DEBUG] src/sockets/auth/credenciales.js comprobarCredenciales() || El token es: b65abc3590b5955bdaf43b3f83ae8af7496b30e86c712093f8458c110559c97e para el Usuario; juan.perez@mail.com
[2025-03-09 13:35:08] [DEBUG] src/sockets/auth/credenciales.js comprobarCredenciales() || TIPO DE CUENTA en MySQL: ADM
[2025-03-09 13:35:09] [DEBUG] src/sockets/sockets.js los datos recibidos [object Object]
[2025-03-09 13:35:09] [DEBUG] src/sockets/auth/credenciales.js comprobarCredenciales() || Usuario: juan.perez@mail.com | Contraseña: contraseña_segura
[2025-03-09 13:35:09] [INFO] Conexión exitosa a MySQL
[2025-03-09 13:35:09] [INFO] Resultados de la consulta: [object Object]
[2025-03-09 13:35:09] [INFO] Conexión a MySQL cerrada
[2025-03-09 13:35:09] [DEBUG] src/sockets/auth/credenciales.js comprobarCredenciales() || FIREBASE_UID en MySQL: FR4igTSRuHTDIAxtRI9Xh08X1ZR2
[2025-03-09 13:35:09] [INFO] Conexión exitosa a MySQL
[2025-03-09 13:35:09] [INFO] Resultados de la consulta: [object Object]
[2025-03-09 13:35:09] [INFO] Conexión a MySQL cerrada
[2025-03-09 13:35:09] [DEBUG] src/sockets/auth/credenciales.js comprobarCredenciales() || El token es: 0574423a01fac81f45b29e69cd91c49345804b0b971d5bd93749666dafa118c3 para el Usuario; juan.perez@mail.com
[2025-03-09 13:35:09] [DEBUG] src/sockets/auth/credenciales.js comprobarCredenciales() || TIPO DE CUENTA en MySQL: ADM
[2025-03-09 13:35:16] [DEBUG] src/sockets/sockets.js los datos recibidos [object Object]
[2025-03-09 13:35:16] [DEBUG] src/sockets/auth/credenciales.js comprobarCredenciales() || Usuario: juan.perez@mail.com | Contraseña: contraseña_segura
[2025-03-09 13:35:16] [INFO] Conexión exitosa a MySQL
[2025-03-09 13:35:16] [INFO] Resultados de la consulta: [object Object]
[2025-03-09 13:35:16] [INFO] Conexión a MySQL cerrada
[2025-03-09 13:35:16] [DEBUG] src/sockets/auth/credenciales.js comprobarCredenciales() || FIREBASE_UID en MySQL: FR4igTSRuHTDIAxtRI9Xh08X1ZR2
[2025-03-09 13:35:16] [INFO] Conexión exitosa a MySQL
[2025-03-09 13:35:16] [INFO] Resultados de la consulta: [object Object]
[2025-03-09 13:35:16] [INFO] Conexión a MySQL cerrada
[2025-03-09 13:35:16] [DEBUG] src/sockets/sockets.js los datos recibidos [object Object]
[2025-03-09 13:35:16] [DEBUG] src/sockets/auth/credenciales.js comprobarCredenciales() || Usuario: juan.perez@mail.com | Contraseña: contraseña_segura
[2025-03-09 13:35:16] [INFO] Conexión exitosa a MySQL
[2025-03-09 13:35:16] [INFO] Resultados de la consulta: [object Object]
[2025-03-09 13:35:16] [INFO] Conexión a MySQL cerrada
[2025-03-09 13:35:16] [DEBUG] src/sockets/auth/credenciales.js comprobarCredenciales() || FIREBASE_UID en MySQL: FR4igTSRuHTDIAxtRI9Xh08X1ZR2
[2025-03-09 13:35:16] [INFO] Conexión exitosa a MySQL
[2025-03-09 13:35:16] [INFO] Resultados de la consulta: [object Object]
[2025-03-09 13:35:16] [INFO] Conexión a MySQL cerrada
[2025-03-09 13:35:16] [DEBUG] src/sockets/auth/credenciales.js comprobarCredenciales() || El token es: 1c788cebc6b8371a9c1d121c44f0af2e42c1ff501de30c5be92fe3c03add1680 para el Usuario; juan.perez@mail.com
[2025-03-09 13:35:16] [DEBUG] src/sockets/auth/credenciales.js comprobarCredenciales() || TIPO DE CUENTA en MySQL: ADM
[2025-03-09 13:35:16] [DEBUG] src/sockets/sockets.js los datos recibidos [object Object]
[2025-03-09 13:35:16] [DEBUG] src/sockets/auth/credenciales.js comprobarCredenciales() || Usuario: juan.perez@mail.com | Contraseña: contraseña_segura
[2025-03-09 13:35:16] [INFO] Conexión exitosa a MySQL
[2025-03-09 13:35:16] [INFO] Resultados de la consulta: [object Object]
[2025-03-09 13:35:16] [INFO] Conexión a MySQL cerrada
[2025-03-09 13:35:16] [DEBUG] src/sockets/auth/credenciales.js comprobarCredenciales() || FIREBASE_UID en MySQL: FR4igTSRuHTDIAxtRI9Xh08X1ZR2
[2025-03-09 13:35:16] [INFO] Conexión exitosa a MySQL
[2025-03-09 13:35:16] [INFO] Resultados de la consulta: [object Object]
[2025-03-09 13:35:16] [INFO] Conexión a MySQL cerrada
[2025-03-09 13:35:16] [DEBUG] src/sockets/auth/credenciales.js comprobarCredenciales() || El token es: 94b9b44743614e61a29433a4f15a5aaf5aa25d49d17c7c35860ae4f3a92257ad para el Usuario; juan.perez@mail.com
[2025-03-09 13:35:16] [DEBUG] src/sockets/auth/credenciales.js comprobarCredenciales() || TIPO DE CUENTA en MySQL: ADM
[2025-03-09 13:35:17] [DEBUG] src/sockets/auth/credenciales.js comprobarCredenciales() || El token es: b2e0d07a36d956d6675f1eaf299aa28534306026495954389bac36f68151c076 para el Usuario; juan.perez@mail.com
[2025-03-09 13:35:17] [DEBUG] src/sockets/auth/credenciales.js comprobarCredenciales() || TIPO DE CUENTA en MySQL: ADM
