[17-03-2025 14:18:27] [INFO] Firebase Configuración: cargada
[17-03-2025 14:18:27] [INFO] MySQL Configuración: cargada
[17-03-2025 14:18:27] [INFO] Parámetros de mysql:[object Object]
[17-03-2025 14:18:27] [INFO] Servidor UP, UP, UP puerto escucha: 10010
[17-03-2025 14:18:27] [INFO] Rutas cargadas correctamente
[17-03-2025 14:18:47] [INFO] ✅ Cliente conectado con ID: GAG2wXoBBSLtzOzPAAAB
[17-03-2025 14:19:10] [DEBUG] src/sockets/sockets.js los datos recibidos [object Object]
[17-03-2025 14:19:10] [DEBUG] src/sockets/auth/credenciales.js comprobarCredenciales() || Usuario: juan.perez@mail.com | Contraseña: contraseña_segura
[17-03-2025 14:19:10] [INFO] Conexión exitosa a MySQL
[17-03-2025 14:19:10] [INFO] Resultados de la consulta: [object Object]
[17-03-2025 14:19:10] [INFO] Conexión a MySQL cerrada
[17-03-2025 14:19:10] [DEBUG] src/sockets/auth/credenciales.js comprobarCredenciales() || FIREBASE_UID en MySQL: FR4igTSRuHTDIAxtRI9Xh08X1ZR2
[17-03-2025 14:19:10] [INFO] Conexión exitosa a MySQL
[17-03-2025 14:19:10] [INFO] Resultados de la consulta: [object Object]
[17-03-2025 14:19:10] [INFO] Conexión a MySQL cerrada
[17-03-2025 14:19:11] [DEBUG] src/sockets/auth/credenciales.js comprobarCredenciales() || El token es: b65276927d2d7f8197efc134140f6cf562faf19115c3326b9e2ef9aa37c7b780 para el Usuario; juan.perez@mail.com
[17-03-2025 14:19:11] [DEBUG] src/sockets/auth/credenciales.js comprobarCredenciales() || TIPO DE CUENTA en MySQL: ADM
[17-03-2025 14:19:11] [INFO] ✅ Usuario: juan.perez@mail.com logueado correctamente. Tipo de cuenta: EMPLEADO.
[17-03-2025 14:19:17] [INFO] ⏳ Temporizador reiniciado para juan.perez@mail.com
[17-03-2025 14:19:17] [INFO] El usuario: juan.perez@mail.com, realiza la actividad Solicitar datos para agregar a la tabla: VENDEDORES con el token: b65276927d2d7f8197efc134140f6cf562faf19115c3326b9e2ef9aa37c7b780
[17-03-2025 14:19:18] [INFO] ✅ Ruta /ObtenerNombreColumnas ha sido llamada
[17-03-2025 14:19:18] [DEBUG] /src/api/web_crud.js POST: ObtenerNombreColumnas || tabla consultada: VENDEDORES
[17-03-2025 14:19:18] [INFO] Conexión exitosa a MySQL
[17-03-2025 14:19:18] [INFO] Resultados de la consulta: [object Object],[object Object],[object Object],[object Object],[object Object],[object Object],[object Object],[object Object],[object Object],[object Object],[object Object]
[17-03-2025 14:19:18] [INFO] Conexión a MySQL cerrada
[17-03-2025 14:19:18] [DEBUG] /src/api/web_crud.js POST: ObtenerNombreColumnas || Resultado de la consulta de creación de la tabla VENDEDORES [{"COLUMN_NAME":"DIRECCION"},{"COLUMN_NAME":"CODIGO_POSTAL"},{"COLUMN_NAME":"CIUDAD"},{"COLUMN_NAME":"MUNICIPIO"},{"COLUMN_NAME":"TELEFONO"},{"COLUMN_NAME":"MOVIL"},{"COLUMN_NAME":"MAIL"},{"COLUMN_NAME":"DNI_CIF"},{"COLUMN_NAME":"RAZON_SOCIAL"},{"COLUMN_NAME":"NUMERO_CUENTA"}]
[17-03-2025 14:19:18] [INFO] ✅ Obtenidas las columnas correctamente para la tabla VENDEDORES
[17-03-2025 14:19:20] [INFO] ⏳ Temporizador reiniciado para juan.perez@mail.com
[17-03-2025 14:19:20] [INFO] El usuario: juan.perez@mail.com, realiza la actividad Solicitar datos para la tabla: VENDEDORES con el token: b65276927d2d7f8197efc134140f6cf562faf19115c3326b9e2ef9aa37c7b780
[17-03-2025 14:19:20] [INFO] ✅ Ruta /ObtenerDatosTablas ha sido llamada
[17-03-2025 14:19:20] [DEBUG] /src/api/web_crud.js POST: ObtenerDatosTablas || tabla consultada: VENDEDORES
[17-03-2025 14:19:20] [INFO] Conexión exitosa a MySQL
[17-03-2025 14:19:20] [INFO] Resultados de la consulta: [object Object]
[17-03-2025 14:19:20] [INFO] Conexión a MySQL cerrada
[17-03-2025 14:19:20] [DEBUG] /src/api/web_crud.js POST: ObtenerDatosTablas || Resultado de la consulta de creación de la tabla VENDEDORES [{"ID_VENDEDOR":1,"RAZON_SOCIAL":"Desguaces Manolín S.L.","DNI_CIF":"A69836912","MAIL":"pimpampum","DIRECCION":"avd de algun lado","CODIGO_POSTAL":15007,"CIUDAD":"La Coruña","MUNICIPIO":"La Coruña","TELEFONO":"981234567","MOVIL":"663312589","NUMERO_CUENTA":"es56251414"}]
[17-03-2025 14:19:20] [INFO] ✅ Datos para la tabla VENDEDORES obtenidos correctamente.
[17-03-2025 14:24:44] [INFO] 🔴 Usuario juan.perez@mail.com desconectado. Eliminando...
[17-03-2025 14:24:44] [INFO] 🔴 Usuario desconectado manualmente.
[17-03-2025 14:39:54] [INFO] Firebase Configuración: cargada
[17-03-2025 14:39:54] [INFO] MySQL Configuración: cargada
[17-03-2025 14:39:55] [INFO] Parámetros de mysql:[object Object]
[17-03-2025 14:39:55] [INFO] Servidor UP, UP, UP puerto escucha: 10010
[17-03-2025 14:39:55] [INFO] Rutas cargadas correctamente
[17-03-2025 14:41:01] [INFO] ✅ Cliente conectado con ID: _MAYgLd-NvQJViPvAAAB
[17-03-2025 14:41:01] [WARN] ⚠️ El usuario con el token: b65276927d2d7f8197efc134140f6cf562faf19115c3326b9e2ef9aa37c7b780 ha intentado conectarse al servidor token no válido.
[17-03-2025 14:41:22] [DEBUG] src/sockets/sockets.js los datos recibidos [object Object]
[17-03-2025 14:41:22] [DEBUG] src/sockets/auth/credenciales.js comprobarCredenciales() || Usuario: juan.perez@mail.com | Contraseña: contraseña_segura
[17-03-2025 14:41:22] [INFO] Conexión exitosa a MySQL
[17-03-2025 14:41:22] [INFO] Resultados de la consulta: [object Object]
[17-03-2025 14:41:22] [INFO] Conexión a MySQL cerrada
[17-03-2025 14:41:22] [DEBUG] src/sockets/auth/credenciales.js comprobarCredenciales() || FIREBASE_UID en MySQL: FR4igTSRuHTDIAxtRI9Xh08X1ZR2
[17-03-2025 14:41:22] [INFO] Conexión exitosa a MySQL
[17-03-2025 14:41:22] [INFO] Resultados de la consulta: [object Object]
[17-03-2025 14:41:22] [INFO] Conexión a MySQL cerrada
[17-03-2025 14:41:23] [DEBUG] src/sockets/auth/credenciales.js comprobarCredenciales() || El token es: 1648665bb3bb89d0b2073fc4dee1d3b9e7880cdc342ac3a9079b35bab10f3c5e para el Usuario; juan.perez@mail.com
[17-03-2025 14:41:23] [DEBUG] src/sockets/auth/credenciales.js comprobarCredenciales() || TIPO DE CUENTA en MySQL: ADM
[17-03-2025 14:41:23] [INFO] ✅ Usuario: juan.perez@mail.com logueado correctamente. Tipo de cuenta: EMPLEADO.
[17-03-2025 14:41:29] [INFO] ⏳ Temporizador reiniciado para juan.perez@mail.com
[17-03-2025 14:41:29] [INFO] El usuario: juan.perez@mail.com, realiza la actividad Solicitar datos para la tabla: VENDEDORES con el token: 1648665bb3bb89d0b2073fc4dee1d3b9e7880cdc342ac3a9079b35bab10f3c5e
[17-03-2025 14:41:29] [INFO] ✅ Ruta /ObtenerDatosTablas ha sido llamada
[17-03-2025 14:41:29] [DEBUG] /src/api/web_crud.js POST: ObtenerDatosTablas || tabla consultada: VENDEDORES
[17-03-2025 14:41:29] [INFO] Conexión exitosa a MySQL
[17-03-2025 14:41:29] [INFO] Resultados de la consulta: [object Object]
[17-03-2025 14:41:29] [INFO] Conexión a MySQL cerrada
[17-03-2025 14:41:29] [DEBUG] /src/api/web_crud.js POST: ObtenerDatosTablas || Resultado de la consulta de creación de la tabla VENDEDORES [{"ID_VENDEDOR":1,"RAZON_SOCIAL":"Desguaces Manolín S.L.","DNI_CIF":"A69836912","MAIL":"pimpampum","DIRECCION":"avd de algun lado","CODIGO_POSTAL":15007,"CIUDAD":"La Coruña","MUNICIPIO":"La Coruña","TELEFONO":"981234567","MOVIL":"663312589","NUMERO_CUENTA":"es56251414"}]
[17-03-2025 14:41:29] [INFO] ✅ Datos para la tabla VENDEDORES obtenidos correctamente.
[17-03-2025 14:41:44] [INFO] ⏳ Temporizador reiniciado para juan.perez@mail.com
[17-03-2025 14:41:44] [INFO] El usuario: juan.perez@mail.com, realiza la actividad Modificar datos para la tabla: VENDEDORES con el token: 1648665bb3bb89d0b2073fc4dee1d3b9e7880cdc342ac3a9079b35bab10f3c5e
[17-03-2025 14:41:44] [INFO] ✅Ruta /ModificarDatosTabla ha sido llamada
[17-03-2025 14:41:47] [INFO] ⏳ Temporizador reiniciado para juan.perez@mail.com
[17-03-2025 14:41:47] [INFO] El usuario: juan.perez@mail.com, realiza la actividad Solicitar datos para la tabla: VENDEDORES con el token: 1648665bb3bb89d0b2073fc4dee1d3b9e7880cdc342ac3a9079b35bab10f3c5e
[17-03-2025 14:41:47] [INFO] ✅ Ruta /ObtenerDatosTablas ha sido llamada
[17-03-2025 14:41:47] [DEBUG] /src/api/web_crud.js POST: ObtenerDatosTablas || tabla consultada: VENDEDORES
[17-03-2025 14:41:47] [INFO] Conexión exitosa a MySQL
[17-03-2025 14:41:47] [INFO] Resultados de la consulta: [object Object]
[17-03-2025 14:41:47] [INFO] Conexión a MySQL cerrada
[17-03-2025 14:41:47] [DEBUG] /src/api/web_crud.js POST: ObtenerDatosTablas || Resultado de la consulta de creación de la tabla VENDEDORES [{"ID_VENDEDOR":1,"RAZON_SOCIAL":"Desguaces Manolín S.L.","DNI_CIF":"A69836912","MAIL":"pimpampum","DIRECCION":"avd de algun lado","CODIGO_POSTAL":15007,"CIUDAD":"La Coruña","MUNICIPIO":"La Coruña","TELEFONO":"981234567","MOVIL":"663312589","NUMERO_CUENTA":"es56251414"}]
[17-03-2025 14:41:47] [INFO] ✅ Datos para la tabla VENDEDORES obtenidos correctamente.
[17-03-2025 14:41:50] [INFO] ✅ Cliente conectado con ID: 8NZcnXYuPgM-6e9HAAAD
[17-03-2025 14:41:50] [INFO] ⏳ Temporizador reiniciado para juan.perez@mail.com
[17-03-2025 14:41:50] [WARN] ⚠️ El usuario: juan.perez@mail.com se ha reconectado con el token: 1648665bb3bb89d0b2073fc4dee1d3b9e7880cdc342ac3a9079b35bab10f3c5e.
[17-03-2025 14:42:06] [INFO] ⏳ Temporizador reiniciado para juan.perez@mail.com
[17-03-2025 14:42:06] [INFO] El usuario: juan.perez@mail.com, realiza la actividad Solicitar datos para la tabla: VENDEDORES con el token: 1648665bb3bb89d0b2073fc4dee1d3b9e7880cdc342ac3a9079b35bab10f3c5e
[17-03-2025 14:42:06] [INFO] ✅ Ruta /ObtenerDatosTablas ha sido llamada
[17-03-2025 14:42:06] [DEBUG] /src/api/web_crud.js POST: ObtenerDatosTablas || tabla consultada: VENDEDORES
[17-03-2025 14:42:06] [INFO] Conexión exitosa a MySQL
[17-03-2025 14:42:06] [INFO] Resultados de la consulta: [object Object]
[17-03-2025 14:42:06] [INFO] Conexión a MySQL cerrada
[17-03-2025 14:42:06] [DEBUG] /src/api/web_crud.js POST: ObtenerDatosTablas || Resultado de la consulta de creación de la tabla VENDEDORES [{"ID_VENDEDOR":1,"RAZON_SOCIAL":"Desguaces Manolín S.L.","DNI_CIF":"A69836912","MAIL":"pimpampum","DIRECCION":"avd de algun lado","CODIGO_POSTAL":15007,"CIUDAD":"La Coruña","MUNICIPIO":"La Coruña","TELEFONO":"981234567","MOVIL":"663312589","NUMERO_CUENTA":"es56251414"}]
[17-03-2025 14:42:06] [INFO] ✅ Datos para la tabla VENDEDORES obtenidos correctamente.
[17-03-2025 14:42:14] [INFO] ⏳ Temporizador reiniciado para juan.perez@mail.com
[17-03-2025 14:42:14] [INFO] El usuario: juan.perez@mail.com, realiza la actividad Modificar datos para la tabla: VENDEDORES con el token: 1648665bb3bb89d0b2073fc4dee1d3b9e7880cdc342ac3a9079b35bab10f3c5e
[17-03-2025 14:42:14] [INFO] ✅Ruta /ModificarDatosTabla ha sido llamada
[17-03-2025 14:44:14] [INFO] Firebase Configuración: cargada
[17-03-2025 14:44:14] [INFO] MySQL Configuración: cargada
[17-03-2025 14:44:14] [INFO] Parámetros de mysql:[object Object]
[17-03-2025 14:44:14] [INFO] Servidor UP, UP, UP puerto escucha: 10010
[17-03-2025 14:44:14] [INFO] Rutas cargadas correctamente
[17-03-2025 14:44:17] [INFO] ✅ Cliente conectado con ID: PAd3S8_QGN_PE1ZWAAAB
[17-03-2025 14:44:17] [WARN] ⚠️ El usuario con el token: 1648665bb3bb89d0b2073fc4dee1d3b9e7880cdc342ac3a9079b35bab10f3c5e ha intentado conectarse al servidor token no válido.
[17-03-2025 14:44:19] [INFO] ✅ Cliente conectado con ID: FeCF-CtSgRR_pZ1CAAAD
[17-03-2025 14:44:39] [DEBUG] src/sockets/sockets.js los datos recibidos [object Object]
[17-03-2025 14:44:39] [DEBUG] src/sockets/auth/credenciales.js comprobarCredenciales() || Usuario: juan.perez@mail.com | Contraseña: contraseña_segura
[17-03-2025 14:44:39] [INFO] Conexión exitosa a MySQL
[17-03-2025 14:44:39] [INFO] Resultados de la consulta: [object Object]
[17-03-2025 14:44:39] [INFO] Conexión a MySQL cerrada
[17-03-2025 14:44:39] [DEBUG] src/sockets/auth/credenciales.js comprobarCredenciales() || FIREBASE_UID en MySQL: FR4igTSRuHTDIAxtRI9Xh08X1ZR2
[17-03-2025 14:44:39] [INFO] Conexión exitosa a MySQL
[17-03-2025 14:44:39] [INFO] Resultados de la consulta: [object Object]
[17-03-2025 14:44:39] [INFO] Conexión a MySQL cerrada
[17-03-2025 14:44:40] [DEBUG] src/sockets/auth/credenciales.js comprobarCredenciales() || El token es: 2a5484bcc4f8412c66032b9ff0f4723cb8dd770a1b6108f1dc4642fc042f9db5 para el Usuario; juan.perez@mail.com
[17-03-2025 14:44:40] [DEBUG] src/sockets/auth/credenciales.js comprobarCredenciales() || TIPO DE CUENTA en MySQL: ADM
[17-03-2025 14:44:40] [INFO] ✅ Usuario: juan.perez@mail.com logueado correctamente. Tipo de cuenta: EMPLEADO.
[17-03-2025 14:44:46] [INFO] ⏳ Temporizador reiniciado para juan.perez@mail.com
[17-03-2025 14:44:46] [INFO] El usuario: juan.perez@mail.com, realiza la actividad Solicitar datos para la tabla: VENDEDORES con el token: 2a5484bcc4f8412c66032b9ff0f4723cb8dd770a1b6108f1dc4642fc042f9db5
[17-03-2025 14:44:46] [INFO] ✅ Ruta /ObtenerDatosTablas ha sido llamada
[17-03-2025 14:44:46] [DEBUG] /src/api/web_crud.js POST: ObtenerDatosTablas || tabla consultada: VENDEDORES
[17-03-2025 14:44:46] [INFO] Conexión exitosa a MySQL
[17-03-2025 14:44:46] [INFO] Resultados de la consulta: [object Object]
[17-03-2025 14:44:46] [INFO] Conexión a MySQL cerrada
[17-03-2025 14:44:46] [DEBUG] /src/api/web_crud.js POST: ObtenerDatosTablas || Resultado de la consulta de creación de la tabla VENDEDORES [{"ID_VENDEDOR":1,"RAZON_SOCIAL":"Desguaces Manolín S.L.","DNI_CIF":"A69836912","MAIL":"pimpampum","DIRECCION":"avd de algun lado","CODIGO_POSTAL":15007,"CIUDAD":"La Coruña","MUNICIPIO":"La Coruña","TELEFONO":"981234567","MOVIL":"663312589","NUMERO_CUENTA":"es56251414"}]
[17-03-2025 14:44:46] [INFO] ✅ Datos para la tabla VENDEDORES obtenidos correctamente.
[17-03-2025 14:44:54] [INFO] ⏳ Temporizador reiniciado para juan.perez@mail.com
[17-03-2025 14:44:54] [INFO] El usuario: juan.perez@mail.com, realiza la actividad Modificar datos para la tabla: VENDEDORES con el token: 2a5484bcc4f8412c66032b9ff0f4723cb8dd770a1b6108f1dc4642fc042f9db5
[17-03-2025 14:44:54] [INFO] ✅Ruta /ModificarDatosTabla ha sido llamada
[17-03-2025 14:44:54] [INFO] Datos son: {"ID_VENDEDOR":"1","RAZON_SOCIAL":"Desguaces Manolín S.L.","DNI_CIF":"A69836912","MAIL":"pimpampum","DIRECCION":"avd de algun lado","CODIGO_POSTAL":"15007","CIUDAD":"La Coruña","MUNICIPIO":"Arteixo","TELEFONO":"981234567","MOVIL":"663312589","NUMERO_CUENTA":"es56251414"}
[17-03-2025 14:44:54] [INFO] Conexión exitosa a MySQL
[17-03-2025 14:44:54] [ERROR] Error al realizar la consulta: Error: Table 'DESGUACE.VENDEDORES' doesn't exist
[17-03-2025 14:44:54] [INFO] Conexión a MySQL cerrada
[17-03-2025 14:44:54] [ERROR] ❌ Error: datos no encontrados src/api/web_crud.js para tabla: VENDEDORES
[17-03-2025 14:46:32] [INFO] Firebase Configuración: cargada
[17-03-2025 14:46:32] [INFO] MySQL Configuración: cargada
[17-03-2025 14:46:32] [INFO] Parámetros de mysql:[object Object]
[17-03-2025 14:46:32] [INFO] Servidor UP, UP, UP puerto escucha: 10010
[17-03-2025 14:46:32] [INFO] Rutas cargadas correctamente
[17-03-2025 14:46:35] [INFO] ✅ Cliente conectado con ID: _oGtIPOcC8vRtKj8AAAB
[17-03-2025 14:46:35] [WARN] ⚠️ El usuario con el token: 2a5484bcc4f8412c66032b9ff0f4723cb8dd770a1b6108f1dc4642fc042f9db5 ha intentado conectarse al servidor token no válido.
[17-03-2025 14:47:01] [DEBUG] src/sockets/sockets.js los datos recibidos [object Object]
[17-03-2025 14:47:01] [DEBUG] src/sockets/auth/credenciales.js comprobarCredenciales() || Usuario: juan.perez@gmail.com | Contraseña: contraseña_segura
[17-03-2025 14:47:01] [INFO] Conexión exitosa a MySQL
[17-03-2025 14:47:01] [INFO] Resultados de la consulta: 
[17-03-2025 14:47:01] [INFO] Conexión a MySQL cerrada
[17-03-2025 14:47:01] [ERROR] ❌ Error al comprobar el código: TypeError: Cannot destructure property 'ID_DATOS_COMUNES' of 'resultado[0]' as it is undefined.
[17-03-2025 14:47:08] [DEBUG] src/sockets/sockets.js los datos recibidos [object Object]
[17-03-2025 14:47:08] [DEBUG] src/sockets/auth/credenciales.js comprobarCredenciales() || Usuario: juan.perez@gmail.com | Contraseña: contraseña_segura
[17-03-2025 14:47:08] [INFO] Conexión exitosa a MySQL
[17-03-2025 14:47:08] [INFO] Resultados de la consulta: 
[17-03-2025 14:47:08] [INFO] Conexión a MySQL cerrada
[17-03-2025 14:47:08] [ERROR] ❌ Error al comprobar el código: TypeError: Cannot destructure property 'ID_DATOS_COMUNES' of 'resultado[0]' as it is undefined.
[17-03-2025 14:47:24] [INFO] ✅ Cliente conectado con ID: wvaksdMTJa1EuoaHAAAD
[17-03-2025 14:47:34] [DEBUG] src/sockets/sockets.js los datos recibidos [object Object]
[17-03-2025 14:47:34] [DEBUG] src/sockets/auth/credenciales.js comprobarCredenciales() || Usuario: juan.perez@gmail.com | Contraseña: contraseña_segura
[17-03-2025 14:47:34] [INFO] Conexión exitosa a MySQL
[17-03-2025 14:47:34] [INFO] Resultados de la consulta: 
[17-03-2025 14:47:34] [INFO] Conexión a MySQL cerrada
[17-03-2025 14:47:34] [ERROR] ❌ Error al comprobar el código: TypeError: Cannot destructure property 'ID_DATOS_COMUNES' of 'resultado[0]' as it is undefined.
[17-03-2025 14:47:53] [INFO] Firebase Configuración: cargada
[17-03-2025 14:47:53] [INFO] MySQL Configuración: cargada
[17-03-2025 14:47:53] [INFO] Parámetros de mysql:[object Object]
[17-03-2025 14:47:53] [INFO] Servidor UP, UP, UP puerto escucha: 10010
[17-03-2025 14:47:53] [INFO] Rutas cargadas correctamente
[17-03-2025 14:47:55] [INFO] ✅ Cliente conectado con ID: 8AqVS_SVLdXsYiHpAAAB
[17-03-2025 14:48:16] [DEBUG] src/sockets/sockets.js los datos recibidos [object Object]
[17-03-2025 14:48:16] [DEBUG] src/sockets/auth/credenciales.js comprobarCredenciales() || Usuario: juan.perez@gmail.com | Contraseña: contraseña_segura
[17-03-2025 14:48:16] [INFO] Conexión exitosa a MySQL
[17-03-2025 14:48:16] [INFO] Resultados de la consulta: 
[17-03-2025 14:48:16] [INFO] Conexión a MySQL cerrada
[17-03-2025 14:48:16] [ERROR] ❌ Error al comprobar el código: TypeError: Cannot destructure property 'ID_DATOS_COMUNES' of 'resultado[0]' as it is undefined.
[17-03-2025 14:49:05] [INFO] Firebase Configuración: cargada
[17-03-2025 14:49:05] [INFO] MySQL Configuración: cargada
[17-03-2025 14:49:05] [INFO] Parámetros de mysql:[object Object]
[17-03-2025 14:49:05] [INFO] Servidor UP, UP, UP puerto escucha: 10010
[17-03-2025 14:49:05] [INFO] Rutas cargadas correctamente
[17-03-2025 14:49:07] [INFO] ✅ Cliente conectado con ID: jjOvwtloE9NgpT8uAAAB
[17-03-2025 14:49:08] [INFO] ✅ Cliente conectado con ID: Dbq-wepVXKfw8BSxAAAD
[17-03-2025 14:49:18] [DEBUG] src/sockets/sockets.js los datos recibidos [object Object]
[17-03-2025 14:49:18] [DEBUG] src/sockets/auth/credenciales.js comprobarCredenciales() || Usuario: juan.perez@gmail.com | Contraseña: contraseña_segura
[17-03-2025 14:49:18] [INFO] Conexión exitosa a MySQL
[17-03-2025 14:49:19] [INFO] Resultados de la consulta: 
[17-03-2025 14:49:19] [INFO] Conexión a MySQL cerrada
[17-03-2025 14:49:19] [ERROR] ❌ Error al comprobar el código: TypeError: Cannot destructure property 'ID_DATOS_COMUNES' of 'resultado[0]' as it is undefined.
[17-03-2025 14:55:25] [INFO] Firebase Configuración: cargada
[17-03-2025 14:55:25] [INFO] MySQL Configuración: cargada
[17-03-2025 14:55:25] [INFO] Parámetros de mysql:[object Object]
[17-03-2025 14:55:25] [INFO] Servidor UP, UP, UP puerto escucha: 10010
[17-03-2025 14:55:25] [INFO] Rutas cargadas correctamente
[17-03-2025 14:55:26] [INFO] ✅ Cliente conectado con ID: u3saJuXiAptqBZ8SAAAB
[17-03-2025 14:55:39] [DEBUG] src/sockets/sockets.js los datos recibidos [object Object]
[17-03-2025 14:55:39] [DEBUG] src/sockets/auth/credenciales.js comprobarCredenciales() || Usuario: juan.perez@gmail.com | Contraseña: contraseña_segura
[17-03-2025 14:55:40] [INFO] Conexión exitosa a MySQL
[17-03-2025 14:55:40] [INFO] Resultados de la consulta: 
[17-03-2025 14:55:40] [INFO] Conexión a MySQL cerrada
[17-03-2025 14:55:40] [ERROR] ❌ Error al comprobar el código: TypeError: Cannot destructure property 'ID_DATOS_COMUNES' of 'resultado[0]' as it is undefined.
[17-03-2025 14:55:42] [DEBUG] src/sockets/sockets.js los datos recibidos [object Object]
[17-03-2025 14:55:42] [DEBUG] src/sockets/auth/credenciales.js comprobarCredenciales() || Usuario: juan.perez@gmail.com | Contraseña: contraseña_segura
[17-03-2025 14:55:42] [INFO] Conexión exitosa a MySQL
[17-03-2025 14:55:42] [INFO] Resultados de la consulta: 
[17-03-2025 14:55:42] [INFO] Conexión a MySQL cerrada
[17-03-2025 14:55:42] [ERROR] ❌ Error al comprobar el código: TypeError: Cannot destructure property 'ID_DATOS_COMUNES' of 'resultado[0]' as it is undefined.
[17-03-2025 14:56:43] [INFO] ✅ Cliente conectado con ID: lEkaSzV4oYL50A5kAAAD
[17-03-2025 14:56:55] [DEBUG] src/sockets/sockets.js los datos recibidos [object Object]
[17-03-2025 14:56:55] [DEBUG] src/sockets/auth/credenciales.js comprobarCredenciales() || Usuario: juan.perez@gmail.com | Contraseña: contraseña_segura
[17-03-2025 14:56:55] [INFO] Conexión exitosa a MySQL
[17-03-2025 14:56:55] [INFO] Resultados de la consulta: 
[17-03-2025 14:56:55] [INFO] Conexión a MySQL cerrada
[17-03-2025 14:56:55] [ERROR] ❌ Error al comprobar el código: TypeError: Cannot destructure property 'ID_DATOS_COMUNES' of 'resultado[0]' as it is undefined.
[17-03-2025 14:58:27] [DEBUG] src/sockets/sockets.js los datos recibidos [object Object]
[17-03-2025 14:58:27] [DEBUG] src/sockets/auth/credenciales.js comprobarCredenciales() || Usuario: juan.perez@mail.com | Contraseña: contraseña_segura
[17-03-2025 14:58:27] [INFO] Conexión exitosa a MySQL
[17-03-2025 14:58:27] [INFO] Resultados de la consulta: [object Object]
[17-03-2025 14:58:27] [INFO] Conexión a MySQL cerrada
[17-03-2025 14:58:27] [DEBUG] src/sockets/auth/credenciales.js comprobarCredenciales() || FIREBASE_UID en MySQL: FR4igTSRuHTDIAxtRI9Xh08X1ZR2
[17-03-2025 14:58:27] [INFO] Conexión exitosa a MySQL
[17-03-2025 14:58:27] [INFO] Resultados de la consulta: [object Object]
[17-03-2025 14:58:27] [INFO] Conexión a MySQL cerrada
[17-03-2025 14:58:28] [DEBUG] src/sockets/auth/credenciales.js comprobarCredenciales() || El token es: 6fa232f753995db1df7088616254da6aa5dd1f89afcc1a347575d96f645c38d8 para el Usuario; juan.perez@mail.com
[17-03-2025 14:58:28] [DEBUG] src/sockets/auth/credenciales.js comprobarCredenciales() || TIPO DE CUENTA en MySQL: ADM
[17-03-2025 14:58:28] [INFO] ✅ Usuario: juan.perez@mail.com logueado correctamente. Tipo de cuenta: EMPLEADO.
[17-03-2025 14:58:38] [INFO] ⏳ Temporizador reiniciado para juan.perez@mail.com
[17-03-2025 14:58:38] [INFO] El usuario: juan.perez@mail.com, realiza la actividad Solicitar datos para la tabla: VENDEDORES con el token: 6fa232f753995db1df7088616254da6aa5dd1f89afcc1a347575d96f645c38d8
[17-03-2025 14:58:38] [INFO] ✅ Ruta /ObtenerDatosTablas ha sido llamada
[17-03-2025 14:58:38] [DEBUG] /src/api/web_crud.js POST: ObtenerDatosTablas || tabla consultada: VENDEDORES
[17-03-2025 14:58:38] [INFO] Conexión exitosa a MySQL
[17-03-2025 14:58:38] [INFO] Resultados de la consulta: [object Object]
[17-03-2025 14:58:38] [INFO] Conexión a MySQL cerrada
[17-03-2025 14:58:38] [DEBUG] /src/api/web_crud.js POST: ObtenerDatosTablas || Resultado de la consulta de creación de la tabla VENDEDORES [{"ID_VENDEDOR":1,"RAZON_SOCIAL":"Desguaces Manolín S.L.","DNI_CIF":"A69836912","MAIL":"pimpampum","DIRECCION":"avd de algun lado","CODIGO_POSTAL":15007,"CIUDAD":"La Coruña","MUNICIPIO":"La Coruña","TELEFONO":"981234567","MOVIL":"663312589","NUMERO_CUENTA":"es56251414"}]
[17-03-2025 14:58:38] [INFO] ✅ Datos para la tabla VENDEDORES obtenidos correctamente.
[17-03-2025 14:58:48] [INFO] ⏳ Temporizador reiniciado para juan.perez@mail.com
[17-03-2025 14:58:48] [INFO] El usuario: juan.perez@mail.com, realiza la actividad Modificar datos para la tabla: VENDEDORES con el token: 6fa232f753995db1df7088616254da6aa5dd1f89afcc1a347575d96f645c38d8
[17-03-2025 14:58:48] [INFO] ✅Ruta /ModificarDatosTabla ha sido llamada
[17-03-2025 14:58:48] [INFO] Datos son: {"ID_VENDEDOR":"1","RAZON_SOCIAL":"Desguaces Manolín S.L.","DNI_CIF":"A69836912","MAIL":"pimpampum","DIRECCION":"avd de algun lado","CODIGO_POSTAL":"15007","CIUDAD":"La Coruña","MUNICIPIO":"Arteixo","TELEFONO":"981234567","MOVIL":"663312589","NUMERO_CUENTA":"es56251414"}
[17-03-2025 14:58:50] [INFO] ⏳ Temporizador reiniciado para juan.perez@mail.com
[17-03-2025 14:58:50] [INFO] El usuario: juan.perez@mail.com, realiza la actividad Solicitar datos para la tabla: VENDEDORES con el token: 6fa232f753995db1df7088616254da6aa5dd1f89afcc1a347575d96f645c38d8
[17-03-2025 14:58:50] [INFO] ✅ Ruta /ObtenerDatosTablas ha sido llamada
[17-03-2025 14:58:50] [DEBUG] /src/api/web_crud.js POST: ObtenerDatosTablas || tabla consultada: VENDEDORES
[17-03-2025 14:58:50] [INFO] Conexión exitosa a MySQL
[17-03-2025 14:58:50] [INFO] Resultados de la consulta: [object Object]
[17-03-2025 14:58:50] [INFO] Conexión a MySQL cerrada
[17-03-2025 14:58:50] [DEBUG] /src/api/web_crud.js POST: ObtenerDatosTablas || Resultado de la consulta de creación de la tabla VENDEDORES [{"ID_VENDEDOR":1,"RAZON_SOCIAL":"Desguaces Manolín S.L.","DNI_CIF":"A69836912","MAIL":"pimpampum","DIRECCION":"avd de algun lado","CODIGO_POSTAL":15007,"CIUDAD":"La Coruña","MUNICIPIO":"La Coruña","TELEFONO":"981234567","MOVIL":"663312589","NUMERO_CUENTA":"es56251414"}]
[17-03-2025 14:58:50] [INFO] ✅ Datos para la tabla VENDEDORES obtenidos correctamente.
[17-03-2025 14:58:51] [INFO] ⏳ Temporizador reiniciado para juan.perez@mail.com
[17-03-2025 14:58:51] [INFO] El usuario: juan.perez@mail.com, realiza la actividad Solicitar datos para la tabla: VENDEDORES con el token: 6fa232f753995db1df7088616254da6aa5dd1f89afcc1a347575d96f645c38d8
[17-03-2025 14:58:51] [INFO] ✅ Ruta /ObtenerDatosTablas ha sido llamada
[17-03-2025 14:58:51] [DEBUG] /src/api/web_crud.js POST: ObtenerDatosTablas || tabla consultada: VENDEDORES
[17-03-2025 14:58:51] [INFO] Conexión exitosa a MySQL
[17-03-2025 14:58:51] [INFO] Resultados de la consulta: [object Object]
[17-03-2025 14:58:51] [INFO] Conexión a MySQL cerrada
[17-03-2025 14:58:51] [DEBUG] /src/api/web_crud.js POST: ObtenerDatosTablas || Resultado de la consulta de creación de la tabla VENDEDORES [{"ID_VENDEDOR":1,"RAZON_SOCIAL":"Desguaces Manolín S.L.","DNI_CIF":"A69836912","MAIL":"pimpampum","DIRECCION":"avd de algun lado","CODIGO_POSTAL":15007,"CIUDAD":"La Coruña","MUNICIPIO":"La Coruña","TELEFONO":"981234567","MOVIL":"663312589","NUMERO_CUENTA":"es56251414"}]
[17-03-2025 14:58:51] [INFO] ✅ Datos para la tabla VENDEDORES obtenidos correctamente.
[17-03-2025 14:59:14] [INFO] ⏳ Temporizador reiniciado para juan.perez@mail.com
[17-03-2025 14:59:14] [INFO] El usuario: juan.perez@mail.com, realiza la actividad Modificar datos para la tabla: VENDEDORES con el token: 6fa232f753995db1df7088616254da6aa5dd1f89afcc1a347575d96f645c38d8
[17-03-2025 14:59:14] [INFO] ✅Ruta /ModificarDatosTabla ha sido llamada
[17-03-2025 14:59:14] [INFO] Datos son: {"ID_VENDEDOR":"1","RAZON_SOCIAL":"Desguaces Manolín S.L.","DNI_CIF":"A69836912","MAIL":"pimpampum","DIRECCION":"avd de algun lado","CODIGO_POSTAL":"15007","CIUDAD":"La Coruña","MUNICIPIO":"Arteixo","TELEFONO":"981234567","MOVIL":"663312589","NUMERO_CUENTA":"es56251414"}
[17-03-2025 15:00:30] [INFO] Firebase Configuración: cargada
[17-03-2025 15:00:30] [INFO] MySQL Configuración: cargada
[17-03-2025 15:00:30] [INFO] Parámetros de mysql:[object Object]
[17-03-2025 15:00:30] [INFO] Servidor UP, UP, UP puerto escucha: 10010
[17-03-2025 15:00:30] [INFO] Rutas cargadas correctamente
[17-03-2025 15:00:33] [INFO] ✅ Cliente conectado con ID: ZxtRxpBRp41_E8h0AAAB
[17-03-2025 15:00:33] [WARN] ⚠️ El usuario con el token: 6fa232f753995db1df7088616254da6aa5dd1f89afcc1a347575d96f645c38d8 ha intentado conectarse al servidor token no válido.
[17-03-2025 15:00:50] [DEBUG] src/sockets/sockets.js los datos recibidos [object Object]
[17-03-2025 15:00:50] [DEBUG] src/sockets/auth/credenciales.js comprobarCredenciales() || Usuario: juan.perez@mail.com | Contraseña: contraseña_segura
[17-03-2025 15:00:51] [INFO] Conexión exitosa a MySQL
[17-03-2025 15:00:51] [INFO] Resultados de la consulta: [object Object]
[17-03-2025 15:00:51] [INFO] Conexión a MySQL cerrada
[17-03-2025 15:00:51] [DEBUG] src/sockets/auth/credenciales.js comprobarCredenciales() || FIREBASE_UID en MySQL: FR4igTSRuHTDIAxtRI9Xh08X1ZR2
[17-03-2025 15:00:51] [INFO] Conexión exitosa a MySQL
[17-03-2025 15:00:51] [INFO] Resultados de la consulta: [object Object]
[17-03-2025 15:00:51] [INFO] Conexión a MySQL cerrada
[17-03-2025 15:00:52] [DEBUG] src/sockets/auth/credenciales.js comprobarCredenciales() || El token es: 3c890c934e9d6d1ed2ab85ad1b12b03ae077e830a1d60fe6b0f4ecd4daeee1bd para el Usuario; juan.perez@mail.com
[17-03-2025 15:00:52] [DEBUG] src/sockets/auth/credenciales.js comprobarCredenciales() || TIPO DE CUENTA en MySQL: ADM
[17-03-2025 15:00:52] [INFO] ✅ Usuario: juan.perez@mail.com logueado correctamente. Tipo de cuenta: EMPLEADO.
[17-03-2025 15:00:54] [INFO] ⏳ Temporizador reiniciado para juan.perez@mail.com
[17-03-2025 15:00:54] [INFO] El usuario: juan.perez@mail.com, realiza la actividad Solicitar datos para la tabla: VENDEDORES con el token: 3c890c934e9d6d1ed2ab85ad1b12b03ae077e830a1d60fe6b0f4ecd4daeee1bd
[17-03-2025 15:00:54] [INFO] ✅ Ruta /ObtenerDatosTablas ha sido llamada
[17-03-2025 15:00:54] [DEBUG] /src/api/web_crud.js POST: ObtenerDatosTablas || tabla consultada: VENDEDORES
[17-03-2025 15:00:54] [INFO] Conexión exitosa a MySQL
[17-03-2025 15:00:54] [INFO] Resultados de la consulta: [object Object]
[17-03-2025 15:00:54] [INFO] Conexión a MySQL cerrada
[17-03-2025 15:00:54] [DEBUG] /src/api/web_crud.js POST: ObtenerDatosTablas || Resultado de la consulta de creación de la tabla VENDEDORES [{"ID_VENDEDOR":1,"RAZON_SOCIAL":"Desguaces Manolín S.L.","DNI_CIF":"A69836912","MAIL":"pimpampum","DIRECCION":"avd de algun lado","CODIGO_POSTAL":15007,"CIUDAD":"La Coruña","MUNICIPIO":"La Coruña","TELEFONO":"981234567","MOVIL":"663312589","NUMERO_CUENTA":"es56251414"}]
[17-03-2025 15:00:54] [INFO] ✅ Datos para la tabla VENDEDORES obtenidos correctamente.
[17-03-2025 15:01:04] [INFO] ⏳ Temporizador reiniciado para juan.perez@mail.com
[17-03-2025 15:01:04] [INFO] El usuario: juan.perez@mail.com, realiza la actividad Modificar datos para la tabla: VENDEDORES con el token: 3c890c934e9d6d1ed2ab85ad1b12b03ae077e830a1d60fe6b0f4ecd4daeee1bd
[17-03-2025 15:01:04] [INFO] ✅Ruta /ModificarDatosTabla ha sido llamada
[17-03-2025 15:01:04] [INFO] Datos son: {"ID_VENDEDOR":"1","RAZON_SOCIAL":"Desguaces Manolín S.L.","DNI_CIF":"A69836912","MAIL":"pimpampum","DIRECCION":"avd de algun lado","CODIGO_POSTAL":"15007","CIUDAD":"La Coruña","MUNICIPIO":"Arteixo","TELEFONO":"981234567","MOVIL":"663312589","NUMERO_CUENTA":"es56251414"}
[17-03-2025 15:01:09] [INFO] ⏳ Temporizador reiniciado para juan.perez@mail.com
[17-03-2025 15:01:09] [INFO] El usuario: juan.perez@mail.com, realiza la actividad Solicitar datos para la tabla: VENDEDORES con el token: 3c890c934e9d6d1ed2ab85ad1b12b03ae077e830a1d60fe6b0f4ecd4daeee1bd
[17-03-2025 15:01:09] [INFO] ✅ Ruta /ObtenerDatosTablas ha sido llamada
[17-03-2025 15:01:09] [DEBUG] /src/api/web_crud.js POST: ObtenerDatosTablas || tabla consultada: VENDEDORES
[17-03-2025 15:01:09] [INFO] Conexión exitosa a MySQL
[17-03-2025 15:01:09] [INFO] Resultados de la consulta: [object Object]
[17-03-2025 15:01:09] [INFO] Conexión a MySQL cerrada
[17-03-2025 15:01:09] [DEBUG] /src/api/web_crud.js POST: ObtenerDatosTablas || Resultado de la consulta de creación de la tabla VENDEDORES [{"ID_VENDEDOR":1,"RAZON_SOCIAL":"Desguaces Manolín S.L.","DNI_CIF":"A69836912","MAIL":"pimpampum","DIRECCION":"avd de algun lado","CODIGO_POSTAL":15007,"CIUDAD":"La Coruña","MUNICIPIO":"La Coruña","TELEFONO":"981234567","MOVIL":"663312589","NUMERO_CUENTA":"es56251414"}]
[17-03-2025 15:01:09] [INFO] ✅ Datos para la tabla VENDEDORES obtenidos correctamente.
[17-03-2025 15:01:23] [INFO] ⏳ Temporizador reiniciado para juan.perez@mail.com
[17-03-2025 15:01:23] [INFO] El usuario: juan.perez@mail.com, realiza la actividad Modificar datos para la tabla: VENDEDORES con el token: 3c890c934e9d6d1ed2ab85ad1b12b03ae077e830a1d60fe6b0f4ecd4daeee1bd
[17-03-2025 15:01:23] [INFO] ✅Ruta /ModificarDatosTabla ha sido llamada
[17-03-2025 15:01:23] [INFO] Datos son: {"ID_VENDEDOR":"1","RAZON_SOCIAL":"Desguaces Manolín S.L.","DNI_CIF":"A69836912","MAIL":"pimpampum","DIRECCION":"avd de algun lado","CODIGO_POSTAL":"15007","CIUDAD":"La Coruña","MUNICIPIO":"Arteixo","TELEFONO":"981234567","MOVIL":"663312589","NUMERO_CUENTA":"es56251414"}
[17-03-2025 15:03:19] [INFO] Firebase Configuración: cargada
[17-03-2025 15:03:19] [INFO] MySQL Configuración: cargada
[17-03-2025 15:03:19] [INFO] Parámetros de mysql:[object Object]
[17-03-2025 15:03:19] [INFO] Servidor UP, UP, UP puerto escucha: 10010
[17-03-2025 15:03:19] [INFO] Rutas cargadas correctamente
[17-03-2025 15:03:21] [INFO] ✅ Cliente conectado con ID: sYe-c0XpkzOVaRd_AAAB
[17-03-2025 15:03:21] [WARN] ⚠️ El usuario con el token: 3c890c934e9d6d1ed2ab85ad1b12b03ae077e830a1d60fe6b0f4ecd4daeee1bd ha intentado conectarse al servidor token no válido.
[17-03-2025 15:03:39] [DEBUG] src/sockets/sockets.js los datos recibidos [object Object]
[17-03-2025 15:03:39] [DEBUG] src/sockets/auth/credenciales.js comprobarCredenciales() || Usuario: juan.perez@mail.com | Contraseña: contraseña_segura
[17-03-2025 15:03:39] [INFO] Conexión exitosa a MySQL
[17-03-2025 15:03:39] [INFO] Resultados de la consulta: [object Object]
[17-03-2025 15:03:39] [INFO] Conexión a MySQL cerrada
[17-03-2025 15:03:39] [DEBUG] src/sockets/auth/credenciales.js comprobarCredenciales() || FIREBASE_UID en MySQL: FR4igTSRuHTDIAxtRI9Xh08X1ZR2
[17-03-2025 15:03:39] [INFO] Conexión exitosa a MySQL
[17-03-2025 15:03:39] [INFO] Resultados de la consulta: [object Object]
[17-03-2025 15:03:39] [INFO] Conexión a MySQL cerrada
[17-03-2025 15:03:40] [DEBUG] src/sockets/auth/credenciales.js comprobarCredenciales() || El token es: db0bbbbd6b2818ec4d5221f863918a1ec40d5b9bac16c5a6013f47d06a2eba6b para el Usuario; juan.perez@mail.com
[17-03-2025 15:03:40] [DEBUG] src/sockets/auth/credenciales.js comprobarCredenciales() || TIPO DE CUENTA en MySQL: ADM
[17-03-2025 15:03:40] [INFO] ✅ Usuario: juan.perez@mail.com logueado correctamente. Tipo de cuenta: EMPLEADO.
[17-03-2025 15:03:43] [INFO] ✅ Cliente conectado con ID: RnF6JDzacMGgwddiAAAD
[17-03-2025 15:03:43] [INFO] ⏳ Temporizador reiniciado para juan.perez@mail.com
[17-03-2025 15:03:43] [WARN] ⚠️ El usuario: juan.perez@mail.com se ha reconectado con el token: db0bbbbd6b2818ec4d5221f863918a1ec40d5b9bac16c5a6013f47d06a2eba6b.
[17-03-2025 15:03:47] [INFO] ⏳ Temporizador reiniciado para juan.perez@mail.com
[17-03-2025 15:03:47] [INFO] El usuario: juan.perez@mail.com, realiza la actividad Solicitar datos para la tabla: VENDEDORES con el token: db0bbbbd6b2818ec4d5221f863918a1ec40d5b9bac16c5a6013f47d06a2eba6b
[17-03-2025 15:03:47] [INFO] ✅ Ruta /ObtenerDatosTablas ha sido llamada
[17-03-2025 15:03:47] [DEBUG] /src/api/web_crud.js POST: ObtenerDatosTablas || tabla consultada: VENDEDORES
[17-03-2025 15:03:47] [INFO] Conexión exitosa a MySQL
[17-03-2025 15:03:47] [INFO] Resultados de la consulta: [object Object]
[17-03-2025 15:03:47] [INFO] Conexión a MySQL cerrada
[17-03-2025 15:03:47] [DEBUG] /src/api/web_crud.js POST: ObtenerDatosTablas || Resultado de la consulta de creación de la tabla VENDEDORES [{"ID_VENDEDOR":1,"RAZON_SOCIAL":"Desguaces Manolín S.L.","DNI_CIF":"A69836912","MAIL":"pimpampum","DIRECCION":"avd de algun lado","CODIGO_POSTAL":15007,"CIUDAD":"La Coruña","MUNICIPIO":"La Coruña","TELEFONO":"981234567","MOVIL":"663312589","NUMERO_CUENTA":"es56251414"}]
[17-03-2025 15:03:47] [INFO] ✅ Datos para la tabla VENDEDORES obtenidos correctamente.
[17-03-2025 15:03:53] [INFO] ⏳ Temporizador reiniciado para juan.perez@mail.com
[17-03-2025 15:03:53] [INFO] El usuario: juan.perez@mail.com, realiza la actividad Modificar datos para la tabla: VENDEDORES con el token: db0bbbbd6b2818ec4d5221f863918a1ec40d5b9bac16c5a6013f47d06a2eba6b
[17-03-2025 15:03:53] [INFO] ✅Ruta /ModificarDatosTabla ha sido llamada
[17-03-2025 15:03:53] [INFO] Datos son: {"ID_VENDEDOR":"1","RAZON_SOCIAL":"Desguaces Manolín S.L.","DNI_CIF":"A69836912","MAIL":"pimpampum","DIRECCION":"avd de algun lado","CODIGO_POSTAL":"15007","CIUDAD":"La Coruña","MUNICIPIO":"Arteixo","TELEFONO":"981234567","MOVIL":"663312589","NUMERO_CUENTA":"es56251414"}
[17-03-2025 15:03:58] [INFO] ⏳ Temporizador reiniciado para juan.perez@mail.com
[17-03-2025 15:03:58] [INFO] El usuario: juan.perez@mail.com, realiza la actividad Solicitar datos para la tabla: VENDEDORES con el token: db0bbbbd6b2818ec4d5221f863918a1ec40d5b9bac16c5a6013f47d06a2eba6b
[17-03-2025 15:03:58] [INFO] ✅ Ruta /ObtenerDatosTablas ha sido llamada
[17-03-2025 15:03:58] [DEBUG] /src/api/web_crud.js POST: ObtenerDatosTablas || tabla consultada: VENDEDORES
[17-03-2025 15:03:58] [INFO] Conexión exitosa a MySQL
[17-03-2025 15:03:58] [INFO] Resultados de la consulta: [object Object]
[17-03-2025 15:03:58] [INFO] Conexión a MySQL cerrada
[17-03-2025 15:03:58] [DEBUG] /src/api/web_crud.js POST: ObtenerDatosTablas || Resultado de la consulta de creación de la tabla VENDEDORES [{"ID_VENDEDOR":1,"RAZON_SOCIAL":"Desguaces Manolín S.L.","DNI_CIF":"A69836912","MAIL":"pimpampum","DIRECCION":"avd de algun lado","CODIGO_POSTAL":15007,"CIUDAD":"La Coruña","MUNICIPIO":"La Coruña","TELEFONO":"981234567","MOVIL":"663312589","NUMERO_CUENTA":"es56251414"}]
[17-03-2025 15:03:58] [INFO] ✅ Datos para la tabla VENDEDORES obtenidos correctamente.
[17-03-2025 15:03:59] [INFO] ⏳ Temporizador reiniciado para juan.perez@mail.com
[17-03-2025 15:03:59] [INFO] El usuario: juan.perez@mail.com, realiza la actividad Solicitar datos para la tabla: VENDEDORES con el token: db0bbbbd6b2818ec4d5221f863918a1ec40d5b9bac16c5a6013f47d06a2eba6b
[17-03-2025 15:03:59] [INFO] ✅ Ruta /ObtenerDatosTablas ha sido llamada
[17-03-2025 15:03:59] [DEBUG] /src/api/web_crud.js POST: ObtenerDatosTablas || tabla consultada: VENDEDORES
[17-03-2025 15:03:59] [INFO] Conexión exitosa a MySQL
[17-03-2025 15:03:59] [INFO] Resultados de la consulta: [object Object]
[17-03-2025 15:03:59] [INFO] Conexión a MySQL cerrada
[17-03-2025 15:03:59] [DEBUG] /src/api/web_crud.js POST: ObtenerDatosTablas || Resultado de la consulta de creación de la tabla VENDEDORES [{"ID_VENDEDOR":1,"RAZON_SOCIAL":"Desguaces Manolín S.L.","DNI_CIF":"A69836912","MAIL":"pimpampum","DIRECCION":"avd de algun lado","CODIGO_POSTAL":15007,"CIUDAD":"La Coruña","MUNICIPIO":"La Coruña","TELEFONO":"981234567","MOVIL":"663312589","NUMERO_CUENTA":"es56251414"}]
[17-03-2025 15:03:59] [INFO] ✅ Datos para la tabla VENDEDORES obtenidos correctamente.
[17-03-2025 15:04:47] [INFO] Firebase Configuración: cargada
[17-03-2025 15:04:47] [INFO] MySQL Configuración: cargada
[17-03-2025 15:04:47] [INFO] Parámetros de mysql:[object Object]
[17-03-2025 15:04:47] [INFO] Servidor UP, UP, UP puerto escucha: 10010
[17-03-2025 15:04:47] [INFO] Rutas cargadas correctamente
[17-03-2025 15:04:49] [INFO] ✅ Cliente conectado con ID: iGgpGyhVlJ7NfvZvAAAB
[17-03-2025 15:04:49] [WARN] ⚠️ El usuario con el token: db0bbbbd6b2818ec4d5221f863918a1ec40d5b9bac16c5a6013f47d06a2eba6b ha intentado conectarse al servidor token no válido.
[17-03-2025 15:05:20] [DEBUG] src/sockets/sockets.js los datos recibidos [object Object]
[17-03-2025 15:05:20] [DEBUG] src/sockets/auth/credenciales.js comprobarCredenciales() || Usuario: juan.perez@mail.com | Contraseña: contraseña_segura
[17-03-2025 15:05:20] [INFO] Conexión exitosa a MySQL
[17-03-2025 15:05:20] [INFO] Resultados de la consulta: [object Object]
[17-03-2025 15:05:20] [INFO] Conexión a MySQL cerrada
[17-03-2025 15:05:20] [DEBUG] src/sockets/auth/credenciales.js comprobarCredenciales() || FIREBASE_UID en MySQL: FR4igTSRuHTDIAxtRI9Xh08X1ZR2
[17-03-2025 15:05:20] [INFO] Conexión exitosa a MySQL
[17-03-2025 15:05:20] [INFO] Resultados de la consulta: [object Object]
[17-03-2025 15:05:20] [INFO] Conexión a MySQL cerrada
[17-03-2025 15:05:21] [DEBUG] src/sockets/auth/credenciales.js comprobarCredenciales() || El token es: c3f7c640bea7d5148274b3c4d57b2f986715c30a1a1bb0963d8168a0d11a7a0e para el Usuario; juan.perez@mail.com
[17-03-2025 15:05:21] [DEBUG] src/sockets/auth/credenciales.js comprobarCredenciales() || TIPO DE CUENTA en MySQL: ADM
[17-03-2025 15:05:21] [INFO] ✅ Usuario: juan.perez@mail.com logueado correctamente. Tipo de cuenta: EMPLEADO.
[17-03-2025 15:05:24] [INFO] ✅ Cliente conectado con ID: Qmtk8KdqDvbU5Q0IAAAD
[17-03-2025 15:05:24] [INFO] ⏳ Temporizador reiniciado para juan.perez@mail.com
[17-03-2025 15:05:24] [WARN] ⚠️ El usuario: juan.perez@mail.com se ha reconectado con el token: c3f7c640bea7d5148274b3c4d57b2f986715c30a1a1bb0963d8168a0d11a7a0e.
[17-03-2025 15:05:28] [INFO] ⏳ Temporizador reiniciado para juan.perez@mail.com
[17-03-2025 15:05:28] [INFO] El usuario: juan.perez@mail.com, realiza la actividad Solicitar datos para la tabla: VENDEDORES con el token: c3f7c640bea7d5148274b3c4d57b2f986715c30a1a1bb0963d8168a0d11a7a0e
[17-03-2025 15:05:28] [INFO] ✅ Ruta /ObtenerDatosTablas ha sido llamada
[17-03-2025 15:05:28] [DEBUG] /src/api/web_crud.js POST: ObtenerDatosTablas || tabla consultada: VENDEDORES
[17-03-2025 15:05:28] [INFO] Conexión exitosa a MySQL
[17-03-2025 15:05:28] [INFO] Resultados de la consulta: [object Object]
[17-03-2025 15:05:28] [INFO] Conexión a MySQL cerrada
[17-03-2025 15:05:28] [DEBUG] /src/api/web_crud.js POST: ObtenerDatosTablas || Resultado de la consulta de creación de la tabla VENDEDORES [{"ID_VENDEDOR":1,"RAZON_SOCIAL":"Desguaces Manolín S.L.","DNI_CIF":"A69836912","MAIL":"pimpampum","DIRECCION":"avd de algun lado","CODIGO_POSTAL":15007,"CIUDAD":"La Coruña","MUNICIPIO":"La Coruña","TELEFONO":"981234567","MOVIL":"663312589","NUMERO_CUENTA":"es56251414"}]
[17-03-2025 15:05:28] [INFO] ✅ Datos para la tabla VENDEDORES obtenidos correctamente.
[17-03-2025 15:05:35] [INFO] ⏳ Temporizador reiniciado para juan.perez@mail.com
[17-03-2025 15:05:35] [INFO] El usuario: juan.perez@mail.com, realiza la actividad Modificar datos para la tabla: VENDEDORES con el token: c3f7c640bea7d5148274b3c4d57b2f986715c30a1a1bb0963d8168a0d11a7a0e
[17-03-2025 15:05:35] [INFO] ✅Ruta /ModificarDatosTabla ha sido llamada
[17-03-2025 15:05:35] [INFO] Datos son: {"ID_VENDEDOR":"1","RAZON_SOCIAL":"Desguaces Manolín S.L.","DNI_CIF":"A69836912","MAIL":"pimpampum","DIRECCION":"avd de algun lado","CODIGO_POSTAL":"15007","CIUDAD":"La Coruña","MUNICIPIO":"Arteixo","TELEFONO":"981234567","MOVIL":"663312589","NUMERO_CUENTA":"es56251414"}
[17-03-2025 15:08:16] [INFO] Firebase Configuración: cargada
[17-03-2025 15:08:16] [INFO] MySQL Configuración: cargada
[17-03-2025 15:08:16] [INFO] Parámetros de mysql:[object Object]
[17-03-2025 15:08:16] [INFO] Servidor UP, UP, UP puerto escucha: 10010
[17-03-2025 15:08:16] [INFO] Rutas cargadas correctamente
[17-03-2025 15:08:18] [INFO] ✅ Cliente conectado con ID: 6knNuwD_G6eerkngAAAB
[17-03-2025 15:08:18] [WARN] ⚠️ El usuario con el token: c3f7c640bea7d5148274b3c4d57b2f986715c30a1a1bb0963d8168a0d11a7a0e ha intentado conectarse al servidor token no válido.
[17-03-2025 15:08:35] [DEBUG] src/sockets/sockets.js los datos recibidos [object Object]
[17-03-2025 15:08:35] [DEBUG] src/sockets/auth/credenciales.js comprobarCredenciales() || Usuario: juan.perez@mail.com | Contraseña: contraseña_segura
[17-03-2025 15:08:35] [INFO] Conexión exitosa a MySQL
[17-03-2025 15:08:35] [INFO] Resultados de la consulta: [object Object]
[17-03-2025 15:08:35] [INFO] Conexión a MySQL cerrada
[17-03-2025 15:08:35] [DEBUG] src/sockets/auth/credenciales.js comprobarCredenciales() || FIREBASE_UID en MySQL: FR4igTSRuHTDIAxtRI9Xh08X1ZR2
[17-03-2025 15:08:35] [INFO] Conexión exitosa a MySQL
[17-03-2025 15:08:35] [INFO] Resultados de la consulta: [object Object]
[17-03-2025 15:08:35] [INFO] Conexión a MySQL cerrada
[17-03-2025 15:08:36] [DEBUG] src/sockets/auth/credenciales.js comprobarCredenciales() || El token es: fc5bda4f9e26a8ca9176fb29ad49b8b985377c6674248e9ddf353c6778c77cbf para el Usuario; juan.perez@mail.com
[17-03-2025 15:08:36] [DEBUG] src/sockets/auth/credenciales.js comprobarCredenciales() || TIPO DE CUENTA en MySQL: ADM
[17-03-2025 15:08:36] [INFO] ✅ Usuario: juan.perez@mail.com logueado correctamente. Tipo de cuenta: EMPLEADO.
[17-03-2025 15:08:38] [INFO] ✅ Cliente conectado con ID: kB2BbUVCLSQWrtEHAAAD
[17-03-2025 15:08:38] [INFO] ⏳ Temporizador reiniciado para juan.perez@mail.com
[17-03-2025 15:08:38] [WARN] ⚠️ El usuario: juan.perez@mail.com se ha reconectado con el token: fc5bda4f9e26a8ca9176fb29ad49b8b985377c6674248e9ddf353c6778c77cbf.
[17-03-2025 15:08:42] [INFO] ⏳ Temporizador reiniciado para juan.perez@mail.com
[17-03-2025 15:08:42] [INFO] El usuario: juan.perez@mail.com, realiza la actividad Solicitar datos para la tabla: VENDEDORES con el token: fc5bda4f9e26a8ca9176fb29ad49b8b985377c6674248e9ddf353c6778c77cbf
[17-03-2025 15:08:42] [INFO] ✅ Ruta /ObtenerDatosTablas ha sido llamada
[17-03-2025 15:08:42] [DEBUG] /src/api/web_crud.js POST: ObtenerDatosTablas || tabla consultada: VENDEDORES
[17-03-2025 15:08:42] [INFO] Conexión exitosa a MySQL
[17-03-2025 15:08:42] [INFO] Resultados de la consulta: [object Object]
[17-03-2025 15:08:42] [INFO] Conexión a MySQL cerrada
[17-03-2025 15:08:42] [DEBUG] /src/api/web_crud.js POST: ObtenerDatosTablas || Resultado de la consulta de creación de la tabla VENDEDORES [{"ID_VENDEDOR":1,"RAZON_SOCIAL":"Desguaces Manolín S.L.","DNI_CIF":"A69836912","MAIL":"pimpampum","DIRECCION":"avd de algun lado","CODIGO_POSTAL":15007,"CIUDAD":"La Coruña","MUNICIPIO":"La Coruña","TELEFONO":"981234567","MOVIL":"663312589","NUMERO_CUENTA":"es56251414"}]
[17-03-2025 15:08:42] [INFO] ✅ Datos para la tabla VENDEDORES obtenidos correctamente.
[17-03-2025 15:08:49] [INFO] ⏳ Temporizador reiniciado para juan.perez@mail.com
[17-03-2025 15:08:49] [INFO] El usuario: juan.perez@mail.com, realiza la actividad Modificar datos para la tabla: VENDEDORES con el token: fc5bda4f9e26a8ca9176fb29ad49b8b985377c6674248e9ddf353c6778c77cbf
[17-03-2025 15:08:49] [INFO] ✅Ruta /ModificarDatosTabla ha sido llamada
[17-03-2025 15:08:49] [INFO] Datos son: {"ID_VENDEDOR":"1","RAZON_SOCIAL":"Desguaces Manolín S.L.","DNI_CIF":"A69836912","MAIL":"pimpampum","DIRECCION":"avd de algun lado","CODIGO_POSTAL":"15007","CIUDAD":"La Coruña","MUNICIPIO":"Arteixo","TELEFONO":"981234567","MOVIL":"663312589","NUMERO_CUENTA":"es56251414"}
[17-03-2025 15:09:04] [INFO] ⏳ Temporizador reiniciado para juan.perez@mail.com
[17-03-2025 15:09:04] [INFO] El usuario: juan.perez@mail.com, realiza la actividad Solicitar datos para la tabla: VENDEDORES con el token: fc5bda4f9e26a8ca9176fb29ad49b8b985377c6674248e9ddf353c6778c77cbf
[17-03-2025 15:09:04] [INFO] ✅ Ruta /ObtenerDatosTablas ha sido llamada
[17-03-2025 15:09:04] [DEBUG] /src/api/web_crud.js POST: ObtenerDatosTablas || tabla consultada: VENDEDORES
[17-03-2025 15:09:04] [INFO] Conexión exitosa a MySQL
[17-03-2025 15:09:04] [INFO] Resultados de la consulta: [object Object]
[17-03-2025 15:09:04] [INFO] Conexión a MySQL cerrada
[17-03-2025 15:09:04] [DEBUG] /src/api/web_crud.js POST: ObtenerDatosTablas || Resultado de la consulta de creación de la tabla VENDEDORES [{"ID_VENDEDOR":1,"RAZON_SOCIAL":"Desguaces Manolín S.L.","DNI_CIF":"A69836912","MAIL":"pimpampum","DIRECCION":"avd de algun lado","CODIGO_POSTAL":15007,"CIUDAD":"La Coruña","MUNICIPIO":"La Coruña","TELEFONO":"981234567","MOVIL":"663312589","NUMERO_CUENTA":"es56251414"}]
[17-03-2025 15:09:04] [INFO] ✅ Datos para la tabla VENDEDORES obtenidos correctamente.
[17-03-2025 15:14:24] [INFO] Firebase Configuración: cargada
[17-03-2025 15:14:24] [INFO] MySQL Configuración: cargada
[17-03-2025 15:14:24] [INFO] Parámetros de mysql:[object Object]
[17-03-2025 15:14:24] [INFO] Servidor UP, UP, UP puerto escucha: 10010
[17-03-2025 15:14:24] [INFO] Rutas cargadas correctamente
[17-03-2025 15:14:27] [INFO] ✅ Cliente conectado con ID: OBDVaFZFNEDTm3-yAAAB
[17-03-2025 15:14:27] [WARN] ⚠️ El usuario con el token: fc5bda4f9e26a8ca9176fb29ad49b8b985377c6674248e9ddf353c6778c77cbf ha intentado conectarse al servidor token no válido.
[17-03-2025 15:14:43] [DEBUG] src/sockets/sockets.js los datos recibidos [object Object]
[17-03-2025 15:14:43] [DEBUG] src/sockets/auth/credenciales.js comprobarCredenciales() || Usuario: juan.perez@mail.com | Contraseña: contraseña_segura
[17-03-2025 15:14:43] [INFO] Conexión exitosa a MySQL
[17-03-2025 15:14:43] [INFO] Resultados de la consulta: [object Object]
[17-03-2025 15:14:43] [INFO] Conexión a MySQL cerrada
[17-03-2025 15:14:43] [DEBUG] src/sockets/auth/credenciales.js comprobarCredenciales() || FIREBASE_UID en MySQL: FR4igTSRuHTDIAxtRI9Xh08X1ZR2
[17-03-2025 15:14:43] [INFO] Conexión exitosa a MySQL
[17-03-2025 15:14:43] [INFO] Resultados de la consulta: [object Object]
[17-03-2025 15:14:43] [INFO] Conexión a MySQL cerrada
[17-03-2025 15:14:44] [DEBUG] src/sockets/auth/credenciales.js comprobarCredenciales() || El token es: 096dfb73f16b042733a1196d3268b96be999580e967b0ebb8168cdb620c3618c para el Usuario; juan.perez@mail.com
[17-03-2025 15:14:44] [DEBUG] src/sockets/auth/credenciales.js comprobarCredenciales() || TIPO DE CUENTA en MySQL: ADM
[17-03-2025 15:14:44] [INFO] ✅ Usuario: juan.perez@mail.com logueado correctamente. Tipo de cuenta: EMPLEADO.
[17-03-2025 15:14:47] [INFO] ⏳ Temporizador reiniciado para juan.perez@mail.com
[17-03-2025 15:14:47] [INFO] El usuario: juan.perez@mail.com, realiza la actividad Solicitar datos para la tabla: VENDEDORES con el token: 096dfb73f16b042733a1196d3268b96be999580e967b0ebb8168cdb620c3618c
[17-03-2025 15:14:47] [INFO] ✅ Ruta /ObtenerDatosTablas ha sido llamada
[17-03-2025 15:14:47] [DEBUG] /src/api/web_crud.js POST: ObtenerDatosTablas || tabla consultada: VENDEDORES
[17-03-2025 15:14:47] [INFO] Conexión exitosa a MySQL
[17-03-2025 15:14:47] [INFO] Resultados de la consulta: [object Object]
[17-03-2025 15:14:47] [INFO] Conexión a MySQL cerrada
[17-03-2025 15:14:47] [DEBUG] /src/api/web_crud.js POST: ObtenerDatosTablas || Resultado de la consulta de creación de la tabla VENDEDORES [{"ID_VENDEDOR":1,"RAZON_SOCIAL":"Desguaces Manolín S.L.","DNI_CIF":"A69836912","MAIL":"pimpampum","DIRECCION":"avd de algun lado","CODIGO_POSTAL":15007,"CIUDAD":"La Coruña","MUNICIPIO":"La Coruña","TELEFONO":"981234567","MOVIL":"663312589","NUMERO_CUENTA":"es56251414"}]
[17-03-2025 15:14:47] [INFO] ✅ Datos para la tabla VENDEDORES obtenidos correctamente.
[17-03-2025 15:14:54] [INFO] ⏳ Temporizador reiniciado para juan.perez@mail.com
[17-03-2025 15:14:54] [INFO] El usuario: juan.perez@mail.com, realiza la actividad Modificar datos para la tabla: VENDEDORES con el token: 096dfb73f16b042733a1196d3268b96be999580e967b0ebb8168cdb620c3618c
[17-03-2025 15:14:54] [INFO] ✅Ruta /ModificarDatosTabla ha sido llamada
[17-03-2025 15:14:54] [INFO] Datos son: {"ID_VENDEDOR":"1","RAZON_SOCIAL":"Desguaces Manolín S.L.","DNI_CIF":"A69836912","MAIL":"pimpampum","DIRECCION":"avd de algun lado","CODIGO_POSTAL":"15007","CIUDAD":"La Coruña","MUNICIPIO":"Arteixo","TELEFONO":"981234567","MOVIL":"663312589","NUMERO_CUENTA":"es56251414"}
[17-03-2025 15:17:48] [INFO] Firebase Configuración: cargada
[17-03-2025 15:17:48] [INFO] MySQL Configuración: cargada
[17-03-2025 15:17:48] [INFO] Parámetros de mysql:[object Object]
[17-03-2025 15:17:48] [INFO] Servidor UP, UP, UP puerto escucha: 10010
[17-03-2025 15:17:48] [INFO] Rutas cargadas correctamente
[17-03-2025 15:17:51] [INFO] ✅ Cliente conectado con ID: chhDVreLYPA7jzJBAAAB
[17-03-2025 15:17:51] [WARN] ⚠️ El usuario con el token: 096dfb73f16b042733a1196d3268b96be999580e967b0ebb8168cdb620c3618c ha intentado conectarse al servidor token no válido.
[17-03-2025 15:18:06] [DEBUG] src/sockets/sockets.js los datos recibidos [object Object]
[17-03-2025 15:18:06] [DEBUG] src/sockets/auth/credenciales.js comprobarCredenciales() || Usuario: juan.perez@mail.com | Contraseña: contraseña_segura
[17-03-2025 15:18:06] [INFO] Conexión exitosa a MySQL
[17-03-2025 15:18:06] [INFO] Resultados de la consulta: [object Object]
[17-03-2025 15:18:06] [INFO] Conexión a MySQL cerrada
[17-03-2025 15:18:06] [DEBUG] src/sockets/auth/credenciales.js comprobarCredenciales() || FIREBASE_UID en MySQL: FR4igTSRuHTDIAxtRI9Xh08X1ZR2
[17-03-2025 15:18:06] [INFO] Conexión exitosa a MySQL
[17-03-2025 15:18:06] [INFO] Resultados de la consulta: [object Object]
[17-03-2025 15:18:06] [INFO] Conexión a MySQL cerrada
[17-03-2025 15:18:07] [DEBUG] src/sockets/sockets.js los datos recibidos [object Object]
[17-03-2025 15:18:07] [DEBUG] src/sockets/auth/credenciales.js comprobarCredenciales() || Usuario: juan.perez@mail.com | Contraseña: contraseña_segura
[17-03-2025 15:18:07] [INFO] Conexión exitosa a MySQL
[17-03-2025 15:18:07] [INFO] Resultados de la consulta: [object Object]
[17-03-2025 15:18:07] [INFO] Conexión a MySQL cerrada
[17-03-2025 15:18:07] [DEBUG] src/sockets/auth/credenciales.js comprobarCredenciales() || FIREBASE_UID en MySQL: FR4igTSRuHTDIAxtRI9Xh08X1ZR2
[17-03-2025 15:18:07] [INFO] Conexión exitosa a MySQL
[17-03-2025 15:18:07] [INFO] Resultados de la consulta: [object Object]
[17-03-2025 15:18:07] [INFO] Conexión a MySQL cerrada
[17-03-2025 15:18:07] [DEBUG] src/sockets/auth/credenciales.js comprobarCredenciales() || El token es: 784ecec7e4185204855abde5bd65502de3e3301a913532c4f6eec16aa118b9ec para el Usuario; juan.perez@mail.com
[17-03-2025 15:18:07] [DEBUG] src/sockets/auth/credenciales.js comprobarCredenciales() || TIPO DE CUENTA en MySQL: ADM
[17-03-2025 15:18:07] [INFO] ✅ Usuario: juan.perez@mail.com logueado correctamente. Tipo de cuenta: EMPLEADO.
[17-03-2025 15:18:07] [DEBUG] src/sockets/auth/credenciales.js comprobarCredenciales() || El token es: 6b2eeab9af99f3a8b51dda56f62fd3089b4d07af3102ef2409fd173ce6ac8bb1 para el Usuario; juan.perez@mail.com
[17-03-2025 15:18:07] [DEBUG] src/sockets/auth/credenciales.js comprobarCredenciales() || TIPO DE CUENTA en MySQL: ADM
[17-03-2025 15:18:07] [INFO] ✅ Usuario: juan.perez@mail.com logueado correctamente. Tipo de cuenta: EMPLEADO.
[17-03-2025 15:18:09] [INFO] ⏳ Temporizador reiniciado para juan.perez@mail.com
[17-03-2025 15:18:09] [INFO] El usuario: juan.perez@mail.com, realiza la actividad Solicitar datos para la tabla: VENDEDORES con el token: 6b2eeab9af99f3a8b51dda56f62fd3089b4d07af3102ef2409fd173ce6ac8bb1
[17-03-2025 15:18:09] [INFO] ✅ Ruta /ObtenerDatosTablas ha sido llamada
[17-03-2025 15:18:09] [DEBUG] /src/api/web_crud.js POST: ObtenerDatosTablas || tabla consultada: VENDEDORES
[17-03-2025 15:18:09] [INFO] Conexión exitosa a MySQL
[17-03-2025 15:18:09] [INFO] Resultados de la consulta: [object Object]
[17-03-2025 15:18:09] [INFO] Conexión a MySQL cerrada
[17-03-2025 15:18:09] [DEBUG] /src/api/web_crud.js POST: ObtenerDatosTablas || Resultado de la consulta de creación de la tabla VENDEDORES [{"ID_VENDEDOR":1,"RAZON_SOCIAL":"Desguaces Manolín S.L.","DNI_CIF":"A69836912","MAIL":"pimpampum","DIRECCION":"avd de algun lado","CODIGO_POSTAL":15007,"CIUDAD":"La Coruña","MUNICIPIO":"La Coruña","TELEFONO":"981234567","MOVIL":"663312589","NUMERO_CUENTA":"es56251414"}]
[17-03-2025 15:18:09] [INFO] ✅ Datos para la tabla VENDEDORES obtenidos correctamente.
[17-03-2025 15:18:15] [INFO] ⏳ Temporizador reiniciado para juan.perez@mail.com
[17-03-2025 15:18:15] [INFO] El usuario: juan.perez@mail.com, realiza la actividad Modificar datos para la tabla: VENDEDORES con el token: 6b2eeab9af99f3a8b51dda56f62fd3089b4d07af3102ef2409fd173ce6ac8bb1
[17-03-2025 15:18:15] [INFO] ✅Ruta /ModificarDatosTabla ha sido llamada
[17-03-2025 15:18:15] [INFO] Datos son: {"ID_VENDEDOR":"1","RAZON_SOCIAL":"Desguaces Manolín S.L.","DNI_CIF":"A69836912","MAIL":"pimpampum","DIRECCION":"avd de algun lado","CODIGO_POSTAL":"15007","CIUDAD":"La Coruña","MUNICIPIO":"Arteixo","TELEFONO":"981234567","MOVIL":"663312589","NUMERO_CUENTA":"es56251414"}
[17-03-2025 15:19:31] [INFO] Firebase Configuración: cargada
[17-03-2025 15:19:31] [INFO] MySQL Configuración: cargada
[17-03-2025 15:19:32] [INFO] Parámetros de mysql:[object Object]
[17-03-2025 15:19:32] [INFO] Servidor UP, UP, UP puerto escucha: 10010
[17-03-2025 15:19:32] [INFO] Rutas cargadas correctamente
[17-03-2025 15:19:35] [INFO] ✅ Cliente conectado con ID: 7MVjC4qkB-FOFIfCAAAB
[17-03-2025 15:19:35] [WARN] ⚠️ El usuario con el token: 6b2eeab9af99f3a8b51dda56f62fd3089b4d07af3102ef2409fd173ce6ac8bb1 ha intentado conectarse al servidor token no válido.
[17-03-2025 15:19:52] [DEBUG] src/sockets/sockets.js los datos recibidos [object Object]
[17-03-2025 15:19:52] [DEBUG] src/sockets/auth/credenciales.js comprobarCredenciales() || Usuario: juan.perez@mail.com | Contraseña: contraseña_segura
[17-03-2025 15:19:52] [INFO] Conexión exitosa a MySQL
[17-03-2025 15:19:52] [INFO] Resultados de la consulta: [object Object]
[17-03-2025 15:19:52] [INFO] Conexión a MySQL cerrada
[17-03-2025 15:19:52] [DEBUG] src/sockets/auth/credenciales.js comprobarCredenciales() || FIREBASE_UID en MySQL: FR4igTSRuHTDIAxtRI9Xh08X1ZR2
[17-03-2025 15:19:52] [INFO] Conexión exitosa a MySQL
[17-03-2025 15:19:52] [INFO] Resultados de la consulta: [object Object]
[17-03-2025 15:19:52] [INFO] Conexión a MySQL cerrada
[17-03-2025 15:19:53] [DEBUG] src/sockets/auth/credenciales.js comprobarCredenciales() || El token es: 29a3531be478d0576b18b599d465b20b54ea1d0a3290661507dff8b60238ff48 para el Usuario; juan.perez@mail.com
[17-03-2025 15:19:53] [DEBUG] src/sockets/auth/credenciales.js comprobarCredenciales() || TIPO DE CUENTA en MySQL: ADM
[17-03-2025 15:19:53] [INFO] ✅ Usuario: juan.perez@mail.com logueado correctamente. Tipo de cuenta: EMPLEADO.
[17-03-2025 15:19:54] [INFO] ⏳ Temporizador reiniciado para juan.perez@mail.com
[17-03-2025 15:19:54] [INFO] El usuario: juan.perez@mail.com, realiza la actividad Solicitar datos para la tabla: VENDEDORES con el token: 29a3531be478d0576b18b599d465b20b54ea1d0a3290661507dff8b60238ff48
[17-03-2025 15:19:54] [INFO] ✅ Ruta /ObtenerDatosTablas ha sido llamada
[17-03-2025 15:19:54] [DEBUG] /src/api/web_crud.js POST: ObtenerDatosTablas || tabla consultada: VENDEDORES
[17-03-2025 15:19:54] [INFO] Conexión exitosa a MySQL
[17-03-2025 15:19:54] [INFO] Resultados de la consulta: [object Object]
[17-03-2025 15:19:54] [INFO] Conexión a MySQL cerrada
[17-03-2025 15:19:54] [DEBUG] /src/api/web_crud.js POST: ObtenerDatosTablas || Resultado de la consulta de creación de la tabla VENDEDORES [{"ID_VENDEDOR":1,"RAZON_SOCIAL":"Desguaces Manolín S.L.","DNI_CIF":"A69836912","MAIL":"pimpampum","DIRECCION":"avd de algun lado","CODIGO_POSTAL":15007,"CIUDAD":"La Coruña","MUNICIPIO":"La Coruña","TELEFONO":"981234567","MOVIL":"663312589","NUMERO_CUENTA":"es56251414"}]
[17-03-2025 15:19:54] [INFO] ✅ Datos para la tabla VENDEDORES obtenidos correctamente.
[17-03-2025 15:20:01] [INFO] ⏳ Temporizador reiniciado para juan.perez@mail.com
[17-03-2025 15:20:01] [INFO] El usuario: juan.perez@mail.com, realiza la actividad Modificar datos para la tabla: VENDEDORES con el token: 29a3531be478d0576b18b599d465b20b54ea1d0a3290661507dff8b60238ff48
[17-03-2025 15:20:01] [INFO] ✅Ruta /ModificarDatosTabla ha sido llamada
[17-03-2025 15:20:01] [INFO] Datos son: {"ID_VENDEDOR":"1","RAZON_SOCIAL":"Desguaces Manolín S.L.","DNI_CIF":"A69836912","MAIL":"pimpampum","DIRECCION":"avd de algun lado","CODIGO_POSTAL":"15007","CIUDAD":"La Coruña","MUNICIPIO":"Arteixo","TELEFONO":"981234567","MOVIL":"663312589","NUMERO_CUENTA":"es56251414"}
[17-03-2025 15:21:47] [INFO] Firebase Configuración: cargada
[17-03-2025 15:21:47] [INFO] MySQL Configuración: cargada
[17-03-2025 15:21:47] [INFO] Parámetros de mysql:[object Object]
[17-03-2025 15:21:48] [INFO] Servidor UP, UP, UP puerto escucha: 10010
[17-03-2025 15:21:48] [INFO] Rutas cargadas correctamente
[17-03-2025 15:21:50] [INFO] ✅ Cliente conectado con ID: o5vToq3OmdoIoFZkAAAB
[17-03-2025 15:21:50] [WARN] ⚠️ El usuario con el token: 29a3531be478d0576b18b599d465b20b54ea1d0a3290661507dff8b60238ff48 ha intentado conectarse al servidor token no válido.
[17-03-2025 15:22:06] [DEBUG] src/sockets/sockets.js los datos recibidos [object Object]
[17-03-2025 15:22:06] [DEBUG] src/sockets/auth/credenciales.js comprobarCredenciales() || Usuario: juan.perez@mail.com | Contraseña: contraseña_segura
[17-03-2025 15:22:06] [INFO] Conexión exitosa a MySQL
[17-03-2025 15:22:06] [INFO] Resultados de la consulta: [object Object]
[17-03-2025 15:22:06] [INFO] Conexión a MySQL cerrada
[17-03-2025 15:22:06] [DEBUG] src/sockets/auth/credenciales.js comprobarCredenciales() || FIREBASE_UID en MySQL: FR4igTSRuHTDIAxtRI9Xh08X1ZR2
[17-03-2025 15:22:06] [INFO] Conexión exitosa a MySQL
[17-03-2025 15:22:06] [INFO] Resultados de la consulta: [object Object]
[17-03-2025 15:22:06] [INFO] Conexión a MySQL cerrada
[17-03-2025 15:22:07] [DEBUG] src/sockets/auth/credenciales.js comprobarCredenciales() || El token es: bcc2ba34fffd36615c2d99681c5e32d5a73cdf64566983e30e9e7512c056ddcf para el Usuario; juan.perez@mail.com
[17-03-2025 15:22:07] [DEBUG] src/sockets/auth/credenciales.js comprobarCredenciales() || TIPO DE CUENTA en MySQL: ADM
[17-03-2025 15:22:07] [INFO] ✅ Usuario: juan.perez@mail.com logueado correctamente. Tipo de cuenta: EMPLEADO.
[17-03-2025 15:22:09] [INFO] ⏳ Temporizador reiniciado para juan.perez@mail.com
[17-03-2025 15:22:09] [INFO] El usuario: juan.perez@mail.com, realiza la actividad Solicitar datos para la tabla: VENDEDORES con el token: bcc2ba34fffd36615c2d99681c5e32d5a73cdf64566983e30e9e7512c056ddcf
[17-03-2025 15:22:09] [INFO] ✅ Ruta /ObtenerDatosTablas ha sido llamada
[17-03-2025 15:22:10] [INFO] ⏳ Temporizador reiniciado para juan.perez@mail.com
[17-03-2025 15:22:10] [INFO] El usuario: juan.perez@mail.com, realiza la actividad Solicitar datos para la tabla: VENDEDORES con el token: bcc2ba34fffd36615c2d99681c5e32d5a73cdf64566983e30e9e7512c056ddcf
[17-03-2025 15:22:10] [INFO] ✅ Ruta /ObtenerDatosTablas ha sido llamada
[17-03-2025 15:22:11] [INFO] ⏳ Temporizador reiniciado para juan.perez@mail.com
[17-03-2025 15:22:11] [INFO] El usuario: juan.perez@mail.com, realiza la actividad Solicitar datos para la tabla: VENDEDORES con el token: bcc2ba34fffd36615c2d99681c5e32d5a73cdf64566983e30e9e7512c056ddcf
[17-03-2025 15:22:11] [INFO] ✅ Ruta /ObtenerDatosTablas ha sido llamada
[17-03-2025 15:22:23] [INFO] ⏳ Temporizador reiniciado para juan.perez@mail.com
[17-03-2025 15:22:23] [INFO] El usuario: juan.perez@mail.com, realiza la actividad Solicitar datos para agregar a la tabla: VENDEDORES con el token: bcc2ba34fffd36615c2d99681c5e32d5a73cdf64566983e30e9e7512c056ddcf
[17-03-2025 15:22:23] [INFO] ✅ Ruta /ObtenerNombreColumnas ha sido llamada
[17-03-2025 15:22:24] [INFO] ⏳ Temporizador reiniciado para juan.perez@mail.com
[17-03-2025 15:22:24] [INFO] El usuario: juan.perez@mail.com, realiza la actividad Solicitar datos para la tabla: VENDEDORES con el token: bcc2ba34fffd36615c2d99681c5e32d5a73cdf64566983e30e9e7512c056ddcf
[17-03-2025 15:22:24] [INFO] ✅ Ruta /ObtenerDatosTablas ha sido llamada
[17-03-2025 15:23:11] [INFO] Firebase Configuración: cargada
[17-03-2025 15:23:11] [INFO] MySQL Configuración: cargada
[17-03-2025 15:23:11] [INFO] Parámetros de mysql:[object Object]
[17-03-2025 15:23:11] [INFO] Servidor UP, UP, UP puerto escucha: 10010
[17-03-2025 15:23:11] [INFO] Rutas cargadas correctamente
[17-03-2025 15:23:14] [INFO] ✅ Cliente conectado con ID: YFE8OlDWNC4ctuiVAAAB
[17-03-2025 15:23:14] [WARN] ⚠️ El usuario con el token: bcc2ba34fffd36615c2d99681c5e32d5a73cdf64566983e30e9e7512c056ddcf ha intentado conectarse al servidor token no válido.
[17-03-2025 15:23:30] [DEBUG] src/sockets/sockets.js los datos recibidos [object Object]
[17-03-2025 15:23:30] [DEBUG] src/sockets/auth/credenciales.js comprobarCredenciales() || Usuario: juan.perez@mail.com | Contraseña: contraseña_segura
[17-03-2025 15:23:30] [INFO] Conexión exitosa a MySQL
[17-03-2025 15:23:30] [INFO] Resultados de la consulta: [object Object]
[17-03-2025 15:23:30] [INFO] Conexión a MySQL cerrada
[17-03-2025 15:23:30] [DEBUG] src/sockets/auth/credenciales.js comprobarCredenciales() || FIREBASE_UID en MySQL: FR4igTSRuHTDIAxtRI9Xh08X1ZR2
[17-03-2025 15:23:30] [INFO] Conexión exitosa a MySQL
[17-03-2025 15:23:30] [INFO] Resultados de la consulta: [object Object]
[17-03-2025 15:23:30] [INFO] Conexión a MySQL cerrada
[17-03-2025 15:23:31] [DEBUG] src/sockets/auth/credenciales.js comprobarCredenciales() || El token es: e04a48e7e477f078938bd67d9f30dfb711ae18ae31ec8314e439defe9e64d4f4 para el Usuario; juan.perez@mail.com
[17-03-2025 15:23:31] [DEBUG] src/sockets/auth/credenciales.js comprobarCredenciales() || TIPO DE CUENTA en MySQL: ADM
[17-03-2025 15:23:31] [INFO] ✅ Usuario: juan.perez@mail.com logueado correctamente. Tipo de cuenta: EMPLEADO.
[17-03-2025 15:23:33] [INFO] ⏳ Temporizador reiniciado para juan.perez@mail.com
[17-03-2025 15:23:33] [INFO] El usuario: juan.perez@mail.com, realiza la actividad Solicitar datos para la tabla: VENDEDORES con el token: e04a48e7e477f078938bd67d9f30dfb711ae18ae31ec8314e439defe9e64d4f4
[17-03-2025 15:23:33] [INFO] ✅ Ruta /ObtenerDatosTablas ha sido llamada
[17-03-2025 15:23:33] [DEBUG] /src/api/web_crud.js POST: ObtenerDatosTablas || tabla consultada: VENDEDORES
[17-03-2025 15:23:33] [INFO] Conexión exitosa a MySQL
[17-03-2025 15:23:33] [INFO] Resultados de la consulta: [object Object]
[17-03-2025 15:23:33] [INFO] Conexión a MySQL cerrada
[17-03-2025 15:23:33] [DEBUG] /src/api/web_crud.js POST: ObtenerDatosTablas || Resultado de la consulta de creación de la tabla VENDEDORES [{"ID_VENDEDOR":1,"RAZON_SOCIAL":"Desguaces Manolín S.L.","DNI_CIF":"A69836912","MAIL":"pimpampum","DIRECCION":"avd de algun lado","CODIGO_POSTAL":15007,"CIUDAD":"La Coruña","MUNICIPIO":"La Coruña","TELEFONO":"981234567","MOVIL":"663312589","NUMERO_CUENTA":"es56251414"}]
[17-03-2025 15:23:33] [INFO] ✅ Datos para la tabla VENDEDORES obtenidos correctamente.
[17-03-2025 15:23:44] [INFO] ⏳ Temporizador reiniciado para juan.perez@mail.com
[17-03-2025 15:23:44] [INFO] El usuario: juan.perez@mail.com, realiza la actividad Modificar datos para la tabla: VENDEDORES con el token: e04a48e7e477f078938bd67d9f30dfb711ae18ae31ec8314e439defe9e64d4f4
[17-03-2025 15:23:44] [INFO] ✅Ruta /ModificarDatosTabla ha sido llamada
[17-03-2025 15:23:44] [INFO] Datos son: {"ID_VENDEDOR":"1","RAZON_SOCIAL":"Desguaces Manolín S.L.","DNI_CIF":"A69836912","MAIL":"pimpampum","DIRECCION":"avd de algun lado","CODIGO_POSTAL":"15007","CIUDAD":"La Coruña","MUNICIPIO":"Arteixo","TELEFONO":"981234567","MOVIL":"663312589","NUMERO_CUENTA":"es56251414"}
[17-03-2025 15:23:44] [INFO] Conexión exitosa a MySQL
[17-03-2025 15:23:44] [ERROR] Error al realizar la consulta: Error: Table 'DESGUACE.VENDEDORES' doesn't exist
[17-03-2025 15:23:44] [INFO] Conexión a MySQL cerrada
[17-03-2025 15:23:44] [ERROR] ❌ Error: datos no encontrados src/api/web_crud.js para tabla: VENDEDOR
[17-03-2025 15:23:47] [INFO] ⏳ Temporizador reiniciado para juan.perez@mail.com
[17-03-2025 15:23:47] [INFO] El usuario: juan.perez@mail.com, realiza la actividad Solicitar datos para la tabla: VENDEDORES con el token: e04a48e7e477f078938bd67d9f30dfb711ae18ae31ec8314e439defe9e64d4f4
[17-03-2025 15:23:47] [INFO] ✅ Ruta /ObtenerDatosTablas ha sido llamada
[17-03-2025 15:23:47] [DEBUG] /src/api/web_crud.js POST: ObtenerDatosTablas || tabla consultada: VENDEDORES
[17-03-2025 15:23:47] [INFO] Conexión exitosa a MySQL
[17-03-2025 15:23:47] [INFO] Resultados de la consulta: [object Object]
[17-03-2025 15:23:47] [INFO] Conexión a MySQL cerrada
[17-03-2025 15:23:47] [DEBUG] /src/api/web_crud.js POST: ObtenerDatosTablas || Resultado de la consulta de creación de la tabla VENDEDORES [{"ID_VENDEDOR":1,"RAZON_SOCIAL":"Desguaces Manolín S.L.","DNI_CIF":"A69836912","MAIL":"pimpampum","DIRECCION":"avd de algun lado","CODIGO_POSTAL":15007,"CIUDAD":"La Coruña","MUNICIPIO":"La Coruña","TELEFONO":"981234567","MOVIL":"663312589","NUMERO_CUENTA":"es56251414"}]
[17-03-2025 15:23:47] [INFO] ✅ Datos para la tabla VENDEDORES obtenidos correctamente.
[17-03-2025 15:24:45] [INFO] Firebase Configuración: cargada
[17-03-2025 15:24:45] [INFO] MySQL Configuración: cargada
[17-03-2025 15:24:45] [INFO] Parámetros de mysql:[object Object]
[17-03-2025 15:24:45] [INFO] Servidor UP, UP, UP puerto escucha: 10010
[17-03-2025 15:24:45] [INFO] Rutas cargadas correctamente
[17-03-2025 15:24:45] [INFO] ✅ Cliente conectado con ID: VYwceKWN8lXvGnZvAAAB
[17-03-2025 15:24:45] [WARN] ⚠️ El usuario con el token: e04a48e7e477f078938bd67d9f30dfb711ae18ae31ec8314e439defe9e64d4f4 ha intentado conectarse al servidor token no válido.
[17-03-2025 15:25:03] [DEBUG] src/sockets/sockets.js los datos recibidos [object Object]
[17-03-2025 15:25:03] [DEBUG] src/sockets/auth/credenciales.js comprobarCredenciales() || Usuario: juan.perez@mail.com | Contraseña: contraseña_segura
[17-03-2025 15:25:03] [INFO] Conexión exitosa a MySQL
[17-03-2025 15:25:03] [INFO] Resultados de la consulta: [object Object]
[17-03-2025 15:25:03] [INFO] Conexión a MySQL cerrada
[17-03-2025 15:25:03] [DEBUG] src/sockets/auth/credenciales.js comprobarCredenciales() || FIREBASE_UID en MySQL: FR4igTSRuHTDIAxtRI9Xh08X1ZR2
[17-03-2025 15:25:03] [INFO] Conexión exitosa a MySQL
[17-03-2025 15:25:03] [INFO] Resultados de la consulta: [object Object]
[17-03-2025 15:25:03] [INFO] Conexión a MySQL cerrada
[17-03-2025 15:25:04] [DEBUG] src/sockets/auth/credenciales.js comprobarCredenciales() || El token es: 1781087ff1b79da38e3dbf58ab0893990137f43f371b38b926cab86574a54aea para el Usuario; juan.perez@mail.com
[17-03-2025 15:25:04] [DEBUG] src/sockets/auth/credenciales.js comprobarCredenciales() || TIPO DE CUENTA en MySQL: ADM
[17-03-2025 15:25:04] [INFO] ✅ Usuario: juan.perez@mail.com logueado correctamente. Tipo de cuenta: EMPLEADO.
[17-03-2025 15:25:05] [INFO] ⏳ Temporizador reiniciado para juan.perez@mail.com
[17-03-2025 15:25:05] [INFO] El usuario: juan.perez@mail.com, realiza la actividad Solicitar datos para la tabla: VENDEDORES con el token: 1781087ff1b79da38e3dbf58ab0893990137f43f371b38b926cab86574a54aea
[17-03-2025 15:25:05] [INFO] ✅ Ruta /ObtenerDatosTablas ha sido llamada
[17-03-2025 15:25:05] [DEBUG] /src/api/web_crud.js POST: ObtenerDatosTablas || tabla consultada: VENDEDORES
[17-03-2025 15:25:05] [INFO] Conexión exitosa a MySQL
[17-03-2025 15:25:05] [INFO] Resultados de la consulta: [object Object]
[17-03-2025 15:25:05] [INFO] Conexión a MySQL cerrada
[17-03-2025 15:25:05] [DEBUG] /src/api/web_crud.js POST: ObtenerDatosTablas || Resultado de la consulta de creación de la tabla VENDEDORES [{"ID_VENDEDOR":1,"RAZON_SOCIAL":"Desguaces Manolín S.L.","DNI_CIF":"A69836912","MAIL":"pimpampum","DIRECCION":"avd de algun lado","CODIGO_POSTAL":15007,"CIUDAD":"La Coruña","MUNICIPIO":"La Coruña","TELEFONO":"981234567","MOVIL":"663312589","NUMERO_CUENTA":"es56251414"}]
[17-03-2025 15:25:05] [INFO] ✅ Datos para la tabla VENDEDORES obtenidos correctamente.
[17-03-2025 15:25:12] [INFO] ⏳ Temporizador reiniciado para juan.perez@mail.com
[17-03-2025 15:25:12] [INFO] El usuario: juan.perez@mail.com, realiza la actividad Modificar datos para la tabla: VENDEDORES con el token: 1781087ff1b79da38e3dbf58ab0893990137f43f371b38b926cab86574a54aea
[17-03-2025 15:25:12] [INFO] ✅Ruta /ModificarDatosTabla ha sido llamada
[17-03-2025 15:25:12] [INFO] Datos son: {"ID_VENDEDOR":"1","RAZON_SOCIAL":"Desguaces Manolín S.L.","DNI_CIF":"A69836912","MAIL":"pimpampum","DIRECCION":"avd de algun lado","CODIGO_POSTAL":"15007","CIUDAD":"La Coruña","MUNICIPIO":"Arteixo","TELEFONO":"981234567","MOVIL":"663312589","NUMERO_CUENTA":"es56251414"}
[17-03-2025 15:25:12] [INFO] Conexión exitosa a MySQL
[17-03-2025 15:25:12] [INFO] Resultados de la consulta: [object Object]
[17-03-2025 15:25:12] [INFO] Conexión a MySQL cerrada
[17-03-2025 15:25:12] [INFO] Entra despues de realizar consulta
[17-03-2025 15:25:12] [INFO] ✅ Dato que se va actualizar src/api/web_crud.js/modificarDatos() con ID 1
[17-03-2025 15:25:12] [INFO] Ejecutando actualización datos comunes
[17-03-2025 15:25:12] [INFO] Conexión exitosa a MySQL
[17-03-2025 15:25:12] [INFO] Resultados de la consulta: [object Object]
[17-03-2025 15:25:12] [INFO] Conexión a MySQL cerrada
[17-03-2025 15:25:14] [INFO] ⏳ Temporizador reiniciado para juan.perez@mail.com
[17-03-2025 15:25:14] [INFO] El usuario: juan.perez@mail.com, realiza la actividad Solicitar datos para la tabla: VENDEDORES con el token: 1781087ff1b79da38e3dbf58ab0893990137f43f371b38b926cab86574a54aea
[17-03-2025 15:25:14] [INFO] ✅ Ruta /ObtenerDatosTablas ha sido llamada
[17-03-2025 15:25:14] [DEBUG] /src/api/web_crud.js POST: ObtenerDatosTablas || tabla consultada: VENDEDORES
[17-03-2025 15:25:14] [INFO] Conexión exitosa a MySQL
[17-03-2025 15:25:14] [INFO] Resultados de la consulta: [object Object]
[17-03-2025 15:25:14] [INFO] Conexión a MySQL cerrada
[17-03-2025 15:25:14] [DEBUG] /src/api/web_crud.js POST: ObtenerDatosTablas || Resultado de la consulta de creación de la tabla VENDEDORES [{"ID_VENDEDOR":1,"RAZON_SOCIAL":"Desguaces Manolín S.L.","DNI_CIF":"A69836912","MAIL":"pimpampum","DIRECCION":"avd de algun lado","CODIGO_POSTAL":15007,"CIUDAD":"La Coruña","MUNICIPIO":"Arteixo","TELEFONO":"981234567","MOVIL":"663312589","NUMERO_CUENTA":"es56251414"}]
[17-03-2025 15:25:14] [INFO] ✅ Datos para la tabla VENDEDORES obtenidos correctamente.
[17-03-2025 15:25:15] [INFO] ⏳ Temporizador reiniciado para juan.perez@mail.com
[17-03-2025 15:25:15] [INFO] El usuario: juan.perez@mail.com, realiza la actividad Solicitar datos para agregar a la tabla: VENDEDORES con el token: 1781087ff1b79da38e3dbf58ab0893990137f43f371b38b926cab86574a54aea
[17-03-2025 15:25:15] [INFO] ✅ Ruta /ObtenerNombreColumnas ha sido llamada
[17-03-2025 15:25:15] [DEBUG] /src/api/web_crud.js POST: ObtenerNombreColumnas || tabla consultada: VENDEDORES
[17-03-2025 15:25:15] [INFO] Conexión exitosa a MySQL
[17-03-2025 15:25:15] [INFO] Resultados de la consulta: [object Object],[object Object],[object Object],[object Object],[object Object],[object Object],[object Object],[object Object],[object Object],[object Object],[object Object]
[17-03-2025 15:25:15] [INFO] Conexión a MySQL cerrada
[17-03-2025 15:25:15] [DEBUG] /src/api/web_crud.js POST: ObtenerNombreColumnas || Resultado de la consulta de creación de la tabla VENDEDORES [{"COLUMN_NAME":"DIRECCION"},{"COLUMN_NAME":"CODIGO_POSTAL"},{"COLUMN_NAME":"CIUDAD"},{"COLUMN_NAME":"MUNICIPIO"},{"COLUMN_NAME":"TELEFONO"},{"COLUMN_NAME":"MOVIL"},{"COLUMN_NAME":"MAIL"},{"COLUMN_NAME":"DNI_CIF"},{"COLUMN_NAME":"RAZON_SOCIAL"},{"COLUMN_NAME":"NUMERO_CUENTA"}]
[17-03-2025 15:25:15] [INFO] ✅ Obtenidas las columnas correctamente para la tabla VENDEDORES
[17-03-2025 15:25:15] [INFO] ⏳ Temporizador reiniciado para juan.perez@mail.com
[17-03-2025 15:25:15] [INFO] El usuario: juan.perez@mail.com, realiza la actividad Solicitar datos para la tabla: VENDEDORES con el token: 1781087ff1b79da38e3dbf58ab0893990137f43f371b38b926cab86574a54aea
[17-03-2025 15:25:15] [INFO] ✅ Ruta /ObtenerDatosTablas ha sido llamada
[17-03-2025 15:25:15] [DEBUG] /src/api/web_crud.js POST: ObtenerDatosTablas || tabla consultada: VENDEDORES
[17-03-2025 15:25:15] [INFO] Conexión exitosa a MySQL
[17-03-2025 15:25:15] [INFO] Resultados de la consulta: [object Object]
[17-03-2025 15:25:15] [INFO] Conexión a MySQL cerrada
[17-03-2025 15:25:15] [DEBUG] /src/api/web_crud.js POST: ObtenerDatosTablas || Resultado de la consulta de creación de la tabla VENDEDORES [{"ID_VENDEDOR":1,"RAZON_SOCIAL":"Desguaces Manolín S.L.","DNI_CIF":"A69836912","MAIL":"pimpampum","DIRECCION":"avd de algun lado","CODIGO_POSTAL":15007,"CIUDAD":"La Coruña","MUNICIPIO":"Arteixo","TELEFONO":"981234567","MOVIL":"663312589","NUMERO_CUENTA":"es56251414"}]
[17-03-2025 15:25:15] [INFO] ✅ Datos para la tabla VENDEDORES obtenidos correctamente.
