[12-03-2025 14:00:00] [INFO] Firebase Configuración: cargada
[12-03-2025 14:00:00] [INFO] MySQL Configuración: cargada
[12-03-2025 14:00:00] [INFO] Parámetros de mysql:[object Object]
[12-03-2025 14:00:00] [INFO] Servidor UP, UP, UP puerto escucha: 10010
[12-03-2025 14:00:00] [INFO] Rutas cargadas correctamente
[12-03-2025 19:32:55] [INFO] ✅ Cliente conectado con ID: wZw3BR51j9X4Srl1AAAB
[12-03-2025 19:32:58] [INFO] ✅ Cliente conectado con ID: hRRbw1lVvJ54pPiCAAAD
[12-03-2025 19:59:13] [DEBUG] src/sockets/sockets.js los datos recibidos [object Object]
[12-03-2025 19:59:13] [DEBUG] src/sockets/auth/credenciales.js comprobarCredenciales() || Usuario: juan.perez@mail.com | Contraseña: contraseña_segura
[12-03-2025 19:59:13] [INFO] Conexión exitosa a MySQL
[12-03-2025 19:59:13] [INFO] Resultados de la consulta: [object Object]
[12-03-2025 19:59:13] [INFO] Conexión a MySQL cerrada
[12-03-2025 19:59:13] [DEBUG] src/sockets/auth/credenciales.js comprobarCredenciales() || FIREBASE_UID en MySQL: FR4igTSRuHTDIAxtRI9Xh08X1ZR2
[12-03-2025 19:59:13] [INFO] Conexión exitosa a MySQL
[12-03-2025 19:59:13] [INFO] Resultados de la consulta: [object Object]
[12-03-2025 19:59:13] [INFO] Conexión a MySQL cerrada
[12-03-2025 19:59:14] [DEBUG] src/sockets/auth/credenciales.js comprobarCredenciales() || El token es: a88ff7991a158c24a7687150e0948ea386e4daa322f840efde17e48d5a39974b para el Usuario; juan.perez@mail.com
[12-03-2025 19:59:14] [DEBUG] src/sockets/auth/credenciales.js comprobarCredenciales() || TIPO DE CUENTA en MySQL: ADM
[12-03-2025 19:59:14] [INFO] ✅ Usuario: juan.perez@mail.com logueado correctamente. Tipo de cuenta: EMPLEADO.
[12-03-2025 19:59:19] [INFO] ⏳ Temporizador reiniciado para juan.perez@mail.com
[12-03-2025 19:59:19] [INFO] El usuario: juan.perez@mail.com, realiza la actividad Solicitar datos para agregar a la tabla: EMPLEADOS con el token: a88ff7991a158c24a7687150e0948ea386e4daa322f840efde17e48d5a39974b
[12-03-2025 19:59:19] [INFO] ✅ Ruta /ObtenerNombreColumnas ha sido llamada
[12-03-2025 19:59:19] [DEBUG] /src/api/web_crud.js POST: ObtenerNombreColumnas || tabla consultada: EMPLEADOS
[12-03-2025 19:59:19] [INFO] Conexión exitosa a MySQL
[12-03-2025 19:59:19] [INFO] Resultados de la consulta: [object Object],[object Object],[object Object],[object Object],[object Object],[object Object],[object Object],[object Object],[object Object],[object Object],[object Object],[object Object],[object Object],[object Object],[object Object],[object Object],[object Object]
[12-03-2025 19:59:19] [INFO] Conexión a MySQL cerrada
[12-03-2025 19:59:19] [DEBUG] /src/api/web_crud.js POST: ObtenerNombreColumnas || Resultado de la consulta de creación de la tabla EMPLEADOS [{"COLUMN_NAME":"NOMBRE"},{"COLUMN_NAME":"APELLIDO_A"},{"COLUMN_NAME":"APELLIDO_B"},{"COLUMN_NAME":"CONTRASENA"},{"COLUMN_NAME":"DIRECCION"},{"COLUMN_NAME":"CODIGO_POSTAL"},{"COLUMN_NAME":"CIUDAD"},{"COLUMN_NAME":"MUNICIPIO"},{"COLUMN_NAME":"TELEFONO"},{"COLUMN_NAME":"MOVIL"},{"COLUMN_NAME":"MAIL"},{"COLUMN_NAME":"DNI_CIF"},{"COLUMN_NAME":"NUMERO_CUENTA"},{"COLUMN_NAME":"NUMERO_SS"},{"COLUMN_NAME":"TIPO_CUENTA"},{"COLUMN_NAME":"TOTAL_VACACIONES"}]
[12-03-2025 19:59:19] [INFO] ✅ Obtenidas las columnas correctamente para la tabla EMPLEADOS
[12-03-2025 20:14:19] [WARN] ⚠️ Usuario juan.perez@mail.com deslogueado por inactividad.
[12-03-2025 20:23:10] [INFO] Firebase Configuración: cargada
[12-03-2025 20:23:10] [INFO] MySQL Configuración: cargada
[12-03-2025 20:23:10] [INFO] Parámetros de mysql:[object Object]
[12-03-2025 20:23:10] [INFO] Servidor UP, UP, UP puerto escucha: 10010
[12-03-2025 20:23:10] [INFO] Rutas cargadas correctamente
[12-03-2025 20:23:10] [INFO] ✅ Cliente conectado con ID: U5ZA0-RN0vFcsxXCAAAB
[12-03-2025 20:58:42] [INFO] Firebase Configuración: cargada
[12-03-2025 20:58:42] [INFO] MySQL Configuración: cargada
[12-03-2025 20:58:42] [INFO] Parámetros de mysql:[object Object]
[12-03-2025 20:58:42] [INFO] Servidor UP, UP, UP puerto escucha: 10010
[12-03-2025 20:58:42] [INFO] Rutas cargadas correctamente
[12-03-2025 20:58:44] [INFO] ✅ Cliente conectado con ID: zOUfcrO67ewN3gOpAAAB
[12-03-2025 20:58:59] [INFO] ✅ Cliente conectado con ID: FyMnPmyudmr2yjyPAAAD
[12-03-2025 20:58:59] [WARN] ⚠️ El usuario con el token: a88ff7991a158c24a7687150e0948ea386e4daa322f840efde17e48d5a39974b ha intentado conectarse al servidor token no válido.
[12-03-2025 20:59:01] [DEBUG] src/sockets/sockets.js los datos recibidos [object Object]
[12-03-2025 20:59:01] [DEBUG] src/sockets/auth/credenciales.js comprobarCredenciales() || Usuario: juan.perez@mail.com | Contraseña: contraseña_segura
[12-03-2025 20:59:02] [INFO] Conexión exitosa a MySQL
[12-03-2025 20:59:02] [INFO] Resultados de la consulta: [object Object]
[12-03-2025 20:59:02] [INFO] Conexión a MySQL cerrada
[12-03-2025 20:59:02] [DEBUG] src/sockets/auth/credenciales.js comprobarCredenciales() || FIREBASE_UID en MySQL: FR4igTSRuHTDIAxtRI9Xh08X1ZR2
[12-03-2025 20:59:02] [INFO] Conexión exitosa a MySQL
[12-03-2025 20:59:02] [INFO] Resultados de la consulta: [object Object]
[12-03-2025 20:59:02] [INFO] Conexión a MySQL cerrada
[12-03-2025 20:59:03] [DEBUG] src/sockets/auth/credenciales.js comprobarCredenciales() || El token es: 14a97ddcae00eaf4aac0ab2a706abe8041737484dcf12789b3d307d1072760f2 para el Usuario; juan.perez@mail.com
[12-03-2025 20:59:03] [DEBUG] src/sockets/auth/credenciales.js comprobarCredenciales() || TIPO DE CUENTA en MySQL: ADM
[12-03-2025 20:59:03] [INFO] ✅ Usuario: juan.perez@mail.com logueado correctamente. Tipo de cuenta: EMPLEADO.
[12-03-2025 20:59:07] [INFO] ⏳ Temporizador reiniciado para juan.perez@mail.com
[12-03-2025 20:59:07] [INFO] El usuario: juan.perez@mail.com, realiza la actividad Solicitar datos para la tabla: EMPLEADOS con el token: 14a97ddcae00eaf4aac0ab2a706abe8041737484dcf12789b3d307d1072760f2
[12-03-2025 20:59:07] [INFO] ✅ Ruta /ObtenerDatosTablas ha sido llamada
[12-03-2025 20:59:07] [DEBUG] /src/api/web_crud.js POST: ObtenerDatosTablas || tabla consultada: EMPLEADOS
[12-03-2025 20:59:07] [INFO] Conexión exitosa a MySQL
[12-03-2025 20:59:07] [INFO] Resultados de la consulta: [object Object],[object Object]
[12-03-2025 20:59:07] [INFO] Conexión a MySQL cerrada
[12-03-2025 20:59:07] [DEBUG] /src/api/web_crud.js POST: ObtenerDatosTablas || Resultado de la consulta de creación de la tabla EMPLEADOS [{"ID_EMPLEADOS":1,"NOMBRE":"Juan","APELLIDO_A":"Pérez","APELLIDO_B":"Gómez","DIRECCION":"Calle Falsa 123","CODIGO_POSTAL":28001,"CIUDAD":"Madrid","MUNICIPIO":"Madrid","TELEFONO":"912345678","MOVIL":"612345678","MAIL":"juan.perez@mail.com","DNI_CIF":"12345678Z","NUMERO_CUENTA":"ES8300001111111111","NUMERO_SS":15155566698,"TIPO_CUENTA":"ADM","TOTAL_VACACIONES":30},{"ID_EMPLEADOS":2,"NOMBRE":"Fran","APELLIDO_A":"Pérez","APELLIDO_B":"Gómez","DIRECCION":"Calle Falsa 456","CODIGO_POSTAL":28001,"CIUDAD":"Coruña","MUNICIPIO":"Arteixo","TELEFONO":"912345678","MOVIL":"611666852","MAIL":"fran.perez@mail.com","DNI_CIF":"87654321Z","NUMERO_CUENTA":"ES8333301111111111","NUMERO_SS":121252445,"TIPO_CUENTA":"GESTOR","TOTAL_VACACIONES":30}]
[12-03-2025 20:59:07] [INFO] ✅ Datos para la tabla EMPLEADOS obtenidos correctamente.
[12-03-2025 20:59:09] [INFO] ⏳ Temporizador reiniciado para juan.perez@mail.com
[12-03-2025 20:59:09] [INFO] El usuario: juan.perez@mail.com, realiza la actividad Solicitar datos para agregar a la tabla: EMPLEADOS con el token: 14a97ddcae00eaf4aac0ab2a706abe8041737484dcf12789b3d307d1072760f2
[12-03-2025 20:59:09] [INFO] ✅ Ruta /ObtenerNombreColumnas ha sido llamada
[12-03-2025 20:59:09] [DEBUG] /src/api/web_crud.js POST: ObtenerNombreColumnas || tabla consultada: EMPLEADOS
[12-03-2025 20:59:09] [INFO] Conexión exitosa a MySQL
[12-03-2025 20:59:09] [INFO] Resultados de la consulta: [object Object],[object Object],[object Object],[object Object],[object Object],[object Object],[object Object],[object Object],[object Object],[object Object],[object Object],[object Object],[object Object],[object Object],[object Object],[object Object],[object Object]
[12-03-2025 20:59:09] [INFO] Conexión a MySQL cerrada
[12-03-2025 20:59:09] [DEBUG] /src/api/web_crud.js POST: ObtenerNombreColumnas || Resultado de la consulta de creación de la tabla EMPLEADOS [{"COLUMN_NAME":"NOMBRE"},{"COLUMN_NAME":"APELLIDO_A"},{"COLUMN_NAME":"APELLIDO_B"},{"COLUMN_NAME":"CONTRASENA"},{"COLUMN_NAME":"DIRECCION"},{"COLUMN_NAME":"CODIGO_POSTAL"},{"COLUMN_NAME":"CIUDAD"},{"COLUMN_NAME":"MUNICIPIO"},{"COLUMN_NAME":"TELEFONO"},{"COLUMN_NAME":"MOVIL"},{"COLUMN_NAME":"MAIL"},{"COLUMN_NAME":"DNI_CIF"},{"COLUMN_NAME":"NUMERO_CUENTA"},{"COLUMN_NAME":"NUMERO_SS"},{"COLUMN_NAME":"TIPO_CUENTA"},{"COLUMN_NAME":"TOTAL_VACACIONES"}]
[12-03-2025 20:59:09] [INFO] ✅ Obtenidas las columnas correctamente para la tabla EMPLEADOS
[12-03-2025 21:02:45] [INFO] ⏳ Temporizador reiniciado para juan.perez@mail.com
[12-03-2025 21:02:45] [INFO] El usuario: juan.perez@mail.com, realiza la actividad Agregar datos para la tabla: EMPLEADOS con el token: 14a97ddcae00eaf4aac0ab2a706abe8041737484dcf12789b3d307d1072760f2
[12-03-2025 21:02:45] [INFO] ✅Ruta /AgregarDatosTabla ha sido llamada
[12-03-2025 21:02:45] [ERROR] ❌ Error src/api/web_crud.js al insertar en EMPLEADOS: TypeError: auth.createUserWithEmailAndPassword is not a function
[12-03-2025 21:05:37] [INFO] Firebase Configuración: cargada
[12-03-2025 21:05:37] [INFO] MySQL Configuración: cargada
[12-03-2025 21:05:37] [INFO] Parámetros de mysql:[object Object]
[12-03-2025 21:05:37] [INFO] Servidor UP, UP, UP puerto escucha: 10010
[12-03-2025 21:05:37] [INFO] Rutas cargadas correctamente
[12-03-2025 21:05:37] [INFO] ✅ Cliente conectado con ID: FVtZdT8cqTsT2caYAAAB
[12-03-2025 21:05:42] [INFO] ✅ Cliente conectado con ID: RzQmal-Iu7UzXz2RAAAD
[12-03-2025 21:05:42] [WARN] ⚠️ El usuario con el token: 14a97ddcae00eaf4aac0ab2a706abe8041737484dcf12789b3d307d1072760f2 ha intentado conectarse al servidor token no válido.
[12-03-2025 21:05:49] [DEBUG] src/sockets/sockets.js los datos recibidos [object Object]
[12-03-2025 21:05:49] [DEBUG] src/sockets/auth/credenciales.js comprobarCredenciales() || Usuario: juan.perez@mail.com | Contraseña: contraseña_segura
[12-03-2025 21:05:49] [INFO] Conexión exitosa a MySQL
[12-03-2025 21:05:49] [INFO] Resultados de la consulta: [object Object]
[12-03-2025 21:05:49] [INFO] Conexión a MySQL cerrada
[12-03-2025 21:05:49] [DEBUG] src/sockets/auth/credenciales.js comprobarCredenciales() || FIREBASE_UID en MySQL: FR4igTSRuHTDIAxtRI9Xh08X1ZR2
[12-03-2025 21:05:49] [INFO] Conexión exitosa a MySQL
[12-03-2025 21:05:49] [INFO] Resultados de la consulta: [object Object]
[12-03-2025 21:05:49] [INFO] Conexión a MySQL cerrada
[12-03-2025 21:05:51] [DEBUG] src/sockets/auth/credenciales.js comprobarCredenciales() || El token es: 83646e7e9ee9b122647f6c984c952f01b616d6e0aade1b64f3bc7283e8ab2ffd para el Usuario; juan.perez@mail.com
[12-03-2025 21:05:51] [DEBUG] src/sockets/auth/credenciales.js comprobarCredenciales() || TIPO DE CUENTA en MySQL: ADM
[12-03-2025 21:05:51] [INFO] ✅ Usuario: juan.perez@mail.com logueado correctamente. Tipo de cuenta: EMPLEADO.
[12-03-2025 21:05:57] [INFO] ⏳ Temporizador reiniciado para juan.perez@mail.com
[12-03-2025 21:05:57] [INFO] El usuario: juan.perez@mail.com, realiza la actividad Agregar datos para la tabla: EMPLEADOS con el token: 83646e7e9ee9b122647f6c984c952f01b616d6e0aade1b64f3bc7283e8ab2ffd
[12-03-2025 21:05:57] [INFO] ✅Ruta /AgregarDatosTabla ha sido llamada
[12-03-2025 21:05:58] [INFO] User registered successfully: X2SqVo8xA8PHIbfTj3LuoKolHHw2
[12-03-2025 21:05:58] [INFO] Conexión exitosa a MySQL
[12-03-2025 21:05:58] [INFO] Resultados de la consulta: [object Object]
[12-03-2025 21:05:58] [INFO] Conexión a MySQL cerrada
[12-03-2025 21:05:58] [INFO] Conexión exitosa a MySQL
[12-03-2025 21:05:58] [INFO] Resultados de la consulta: [object Object]
[12-03-2025 21:05:58] [INFO] Conexión a MySQL cerrada
[12-03-2025 21:05:58] [INFO] ✅ Datos agregados correctamente en src/api/web_crud.js en la tabla EMPLEADOS con ID_DATOS_COMUNES: 7
[12-03-2025 21:08:07] [INFO] Firebase Configuración: cargada
[12-03-2025 21:08:07] [INFO] MySQL Configuración: cargada
[12-03-2025 21:08:07] [INFO] Parámetros de mysql:[object Object]
[12-03-2025 21:08:07] [INFO] Servidor UP, UP, UP puerto escucha: 10010
[12-03-2025 21:08:07] [INFO] ✅ Cliente conectado con ID: sdlaxqatHFJpSS_OAAAB
[12-03-2025 21:08:07] [INFO] Rutas cargadas correctamente
[12-03-2025 21:08:09] [INFO] ✅ Cliente conectado con ID: 2enQznZaii3xzjOXAAAD
[12-03-2025 21:08:09] [WARN] ⚠️ El usuario con el token: 83646e7e9ee9b122647f6c984c952f01b616d6e0aade1b64f3bc7283e8ab2ffd ha intentado conectarse al servidor token no válido.
[12-03-2025 21:08:17] [DEBUG] src/sockets/sockets.js los datos recibidos [object Object]
[12-03-2025 21:08:17] [DEBUG] src/sockets/auth/credenciales.js comprobarCredenciales() || Usuario: juan.perez@mail.com | Contraseña: contraseña_segura
[12-03-2025 21:08:17] [INFO] Conexión exitosa a MySQL
[12-03-2025 21:08:17] [INFO] Resultados de la consulta: [object Object]
[12-03-2025 21:08:17] [INFO] Conexión a MySQL cerrada
[12-03-2025 21:08:17] [DEBUG] src/sockets/auth/credenciales.js comprobarCredenciales() || FIREBASE_UID en MySQL: FR4igTSRuHTDIAxtRI9Xh08X1ZR2
[12-03-2025 21:08:17] [INFO] Conexión exitosa a MySQL
[12-03-2025 21:08:17] [INFO] Resultados de la consulta: [object Object]
[12-03-2025 21:08:17] [INFO] Conexión a MySQL cerrada
[12-03-2025 21:08:18] [DEBUG] src/sockets/auth/credenciales.js comprobarCredenciales() || El token es: 86ff90e59f0da87e8824b5acdc10a60a177ac76bb769a0afc7f405ee11280bbe para el Usuario; juan.perez@mail.com
[12-03-2025 21:08:18] [DEBUG] src/sockets/auth/credenciales.js comprobarCredenciales() || TIPO DE CUENTA en MySQL: ADM
[12-03-2025 21:08:18] [INFO] ✅ Usuario: juan.perez@mail.com logueado correctamente. Tipo de cuenta: EMPLEADO.
[12-03-2025 21:08:55] [INFO] ⏳ Temporizador reiniciado para juan.perez@mail.com
[12-03-2025 21:08:55] [INFO] El usuario: juan.perez@mail.com, realiza la actividad Agregar datos para la tabla: EMPLEADOS con el token: 86ff90e59f0da87e8824b5acdc10a60a177ac76bb769a0afc7f405ee11280bbe
[12-03-2025 21:08:55] [INFO] ✅Ruta /AgregarDatosTabla ha sido llamada
[12-03-2025 21:08:56] [INFO] User registered successfully: 54IURra9UFeWv9hzusEoshenfq43
[12-03-2025 21:08:56] [INFO] Conexión exitosa a MySQL
[12-03-2025 21:08:56] [ERROR] Error al realizar la consulta: Error: Column count doesn't match value count at row 1
[12-03-2025 21:08:56] [INFO] Conexión a MySQL cerrada
[12-03-2025 21:08:56] [ERROR] ❌ Error src/api/web_crud.js al insertar en DATOS_COMUNES.
[12-03-2025 21:09:47] [INFO] ⏳ Temporizador reiniciado para juan.perez@mail.com
[12-03-2025 21:09:47] [INFO] El usuario: juan.perez@mail.com, realiza la actividad Agregar datos para la tabla: EMPLEADOS con el token: 86ff90e59f0da87e8824b5acdc10a60a177ac76bb769a0afc7f405ee11280bbe
[12-03-2025 21:09:47] [INFO] ✅Ruta /AgregarDatosTabla ha sido llamada
[12-03-2025 21:09:47] [ERROR] Error registering user: auth/email-already-in-use Firebase: Error (auth/email-already-in-use).
[12-03-2025 21:09:47] [ERROR] ❌ Error src/api/web_crud.js al registrar usuario en Firebase.
[12-03-2025 21:10:09] [INFO] ⏳ Temporizador reiniciado para juan.perez@mail.com
[12-03-2025 21:10:09] [INFO] El usuario: juan.perez@mail.com, realiza la actividad Agregar datos para la tabla: EMPLEADOS con el token: 86ff90e59f0da87e8824b5acdc10a60a177ac76bb769a0afc7f405ee11280bbe
[12-03-2025 21:10:09] [INFO] ✅Ruta /AgregarDatosTabla ha sido llamada
[12-03-2025 21:10:09] [INFO] User registered successfully: xrUpRvy4mYdQgL8afOrSg9ytXON2
[12-03-2025 21:10:09] [INFO] Conexión exitosa a MySQL
[12-03-2025 21:10:09] [ERROR] Error al realizar la consulta: Error: Column count doesn't match value count at row 1
[12-03-2025 21:10:09] [INFO] Conexión a MySQL cerrada
[12-03-2025 21:10:09] [ERROR] ❌ Error src/api/web_crud.js al insertar en DATOS_COMUNES.
[12-03-2025 21:12:37] [INFO] Firebase Configuración: cargada
[12-03-2025 21:12:37] [INFO] MySQL Configuración: cargada
[12-03-2025 21:12:37] [INFO] Parámetros de mysql:[object Object]
[12-03-2025 21:12:37] [INFO] Servidor UP, UP, UP puerto escucha: 10010
[12-03-2025 21:12:37] [INFO] Rutas cargadas correctamente
[12-03-2025 21:12:37] [INFO] ✅ Cliente conectado con ID: W03cNsau01sOSmuKAAAC
[12-03-2025 21:12:37] [INFO] ✅ Cliente conectado con ID: 53GAPv44jgcF1DKdAAAD
[12-03-2025 21:12:37] [WARN] ⚠️ El usuario con el token: 86ff90e59f0da87e8824b5acdc10a60a177ac76bb769a0afc7f405ee11280bbe ha intentado conectarse al servidor token no válido.
[12-03-2025 21:12:45] [DEBUG] src/sockets/sockets.js los datos recibidos [object Object]
[12-03-2025 21:12:45] [DEBUG] src/sockets/auth/credenciales.js comprobarCredenciales() || Usuario: juan.perez@mail.com | Contraseña: contraseña_segura
[12-03-2025 21:12:46] [INFO] Conexión exitosa a MySQL
[12-03-2025 21:12:46] [INFO] Resultados de la consulta: [object Object]
[12-03-2025 21:12:46] [INFO] Conexión a MySQL cerrada
[12-03-2025 21:12:46] [DEBUG] src/sockets/auth/credenciales.js comprobarCredenciales() || FIREBASE_UID en MySQL: FR4igTSRuHTDIAxtRI9Xh08X1ZR2
[12-03-2025 21:12:46] [INFO] Conexión exitosa a MySQL
[12-03-2025 21:12:46] [INFO] Resultados de la consulta: [object Object]
[12-03-2025 21:12:46] [INFO] Conexión a MySQL cerrada
[12-03-2025 21:12:47] [DEBUG] src/sockets/auth/credenciales.js comprobarCredenciales() || El token es: bcab082356065669a70b139978e1b9704346a7c4e26a2c3406dc9f306f043522 para el Usuario; juan.perez@mail.com
[12-03-2025 21:12:47] [DEBUG] src/sockets/auth/credenciales.js comprobarCredenciales() || TIPO DE CUENTA en MySQL: ADM
[12-03-2025 21:12:47] [INFO] ✅ Usuario: juan.perez@mail.com logueado correctamente. Tipo de cuenta: EMPLEADO.
[12-03-2025 21:12:48] [INFO] ⏳ Temporizador reiniciado para juan.perez@mail.com
[12-03-2025 21:12:48] [INFO] El usuario: juan.perez@mail.com, realiza la actividad Agregar datos para la tabla: EMPLEADOS con el token: bcab082356065669a70b139978e1b9704346a7c4e26a2c3406dc9f306f043522
[12-03-2025 21:12:48] [INFO] ✅Ruta /AgregarDatosTabla ha sido llamada
[12-03-2025 21:12:48] [ERROR] Error registering user: auth/email-already-in-use Firebase: Error (auth/email-already-in-use).
[12-03-2025 21:12:48] [ERROR] ❌ Error src/api/web_crud.js al registrar usuario en Firebase.
[12-03-2025 21:13:09] [INFO] ⏳ Temporizador reiniciado para juan.perez@mail.com
[12-03-2025 21:13:09] [INFO] El usuario: juan.perez@mail.com, realiza la actividad Agregar datos para la tabla: EMPLEADOS con el token: bcab082356065669a70b139978e1b9704346a7c4e26a2c3406dc9f306f043522
[12-03-2025 21:13:09] [INFO] ✅Ruta /AgregarDatosTabla ha sido llamada
[12-03-2025 21:13:09] [INFO] User registered successfully: HilaVvQTtsacBtPA0wQd5wh2WT83
[12-03-2025 21:13:09] [INFO] Conexión exitosa a MySQL
[12-03-2025 21:13:09] [ERROR] Error al realizar la consulta: Error: Column count doesn't match value count at row 1
[12-03-2025 21:13:09] [INFO] Conexión a MySQL cerrada
[12-03-2025 21:13:09] [ERROR] ❌ Error src/api/web_crud.js al insertar en DATOS_COMUNES.
[12-03-2025 21:15:57] [INFO] ✅ Cliente conectado con ID: awR1xPuoAyOGlHd5AAAF
[12-03-2025 21:15:57] [INFO] ⏳ Temporizador reiniciado para juan.perez@mail.com
[12-03-2025 21:15:57] [WARN] ⚠️ El usuario: juan.perez@mail.com se ha reconectado con el token: bcab082356065669a70b139978e1b9704346a7c4e26a2c3406dc9f306f043522.
[12-03-2025 21:16:44] [INFO] ✅ Cliente conectado con ID: JrP00Vc03oTc0J5ZAAAH
[12-03-2025 21:16:44] [INFO] ⏳ Temporizador reiniciado para juan.perez@mail.com
[12-03-2025 21:16:44] [WARN] ⚠️ El usuario: juan.perez@mail.com se ha reconectado con el token: bcab082356065669a70b139978e1b9704346a7c4e26a2c3406dc9f306f043522.
[12-03-2025 21:17:55] [INFO] ✅ Cliente conectado con ID: RutD4lDm1s0i3vyoAAAJ
[12-03-2025 21:17:55] [INFO] ⏳ Temporizador reiniciado para juan.perez@mail.com
[12-03-2025 21:17:55] [WARN] ⚠️ El usuario: juan.perez@mail.com se ha reconectado con el token: bcab082356065669a70b139978e1b9704346a7c4e26a2c3406dc9f306f043522.
[12-03-2025 21:18:42] [INFO] ✅ Cliente conectado con ID: jrJGPlsajxdaF-6qAAAL
[12-03-2025 21:18:42] [INFO] ⏳ Temporizador reiniciado para juan.perez@mail.com
[12-03-2025 21:18:42] [WARN] ⚠️ El usuario: juan.perez@mail.com se ha reconectado con el token: bcab082356065669a70b139978e1b9704346a7c4e26a2c3406dc9f306f043522.
[12-03-2025 21:19:54] [INFO] ✅ Cliente conectado con ID: jfLTkiBHUvmmqL_tAAAN
[12-03-2025 21:19:54] [INFO] ⏳ Temporizador reiniciado para juan.perez@mail.com
[12-03-2025 21:19:54] [WARN] ⚠️ El usuario: juan.perez@mail.com se ha reconectado con el token: bcab082356065669a70b139978e1b9704346a7c4e26a2c3406dc9f306f043522.
[12-03-2025 21:20:16] [INFO] Firebase Configuración: cargada
[12-03-2025 21:20:16] [INFO] MySQL Configuración: cargada
[12-03-2025 21:20:16] [INFO] Parámetros de mysql:[object Object]
[12-03-2025 21:20:17] [INFO] Servidor UP, UP, UP puerto escucha: 10010
[12-03-2025 21:20:17] [INFO] Rutas cargadas correctamente
[12-03-2025 21:20:19] [INFO] ✅ Cliente conectado con ID: 6Mi7-hLGeVY1HQrQAAAB
[12-03-2025 21:20:19] [INFO] ✅ Cliente conectado con ID: a8Py1-uCdrQi4AE8AAAD
[12-03-2025 21:20:19] [WARN] ⚠️ El usuario con el token: bcab082356065669a70b139978e1b9704346a7c4e26a2c3406dc9f306f043522 ha intentado conectarse al servidor token no válido.
[12-03-2025 21:20:27] [DEBUG] src/sockets/sockets.js los datos recibidos [object Object]
[12-03-2025 21:20:27] [DEBUG] src/sockets/auth/credenciales.js comprobarCredenciales() || Usuario: juan.perez@mail.com | Contraseña: contraseña_segura
[12-03-2025 21:20:27] [INFO] Conexión exitosa a MySQL
[12-03-2025 21:20:27] [INFO] Resultados de la consulta: [object Object]
[12-03-2025 21:20:27] [INFO] Conexión a MySQL cerrada
[12-03-2025 21:20:27] [DEBUG] src/sockets/auth/credenciales.js comprobarCredenciales() || FIREBASE_UID en MySQL: FR4igTSRuHTDIAxtRI9Xh08X1ZR2
[12-03-2025 21:20:27] [INFO] Conexión exitosa a MySQL
[12-03-2025 21:20:27] [INFO] Resultados de la consulta: [object Object]
[12-03-2025 21:20:27] [INFO] Conexión a MySQL cerrada
[12-03-2025 21:20:28] [DEBUG] src/sockets/auth/credenciales.js comprobarCredenciales() || El token es: 2e46fe6550269254019ca7317d4d131a3d18a1227ae6f3cb3fd9ecfd57f90c7b para el Usuario; juan.perez@mail.com
[12-03-2025 21:20:28] [DEBUG] src/sockets/auth/credenciales.js comprobarCredenciales() || TIPO DE CUENTA en MySQL: ADM
[12-03-2025 21:20:28] [INFO] ✅ Usuario: juan.perez@mail.com logueado correctamente. Tipo de cuenta: EMPLEADO.
[12-03-2025 21:20:29] [INFO] ⏳ Temporizador reiniciado para juan.perez@mail.com
[12-03-2025 21:20:29] [INFO] El usuario: juan.perez@mail.com, realiza la actividad Agregar datos para la tabla: EMPLEADOS con el token: 2e46fe6550269254019ca7317d4d131a3d18a1227ae6f3cb3fd9ecfd57f90c7b
[12-03-2025 21:20:29] [INFO] ✅Ruta /AgregarDatosTabla ha sido llamada
[12-03-2025 21:20:30] [ERROR] Error registering user: auth/email-already-in-use Firebase: Error (auth/email-already-in-use).
[12-03-2025 21:20:30] [ERROR] ❌ Error src/api/web_crud.js al registrar usuario en Firebase.
[12-03-2025 21:20:49] [INFO] ⏳ Temporizador reiniciado para juan.perez@mail.com
[12-03-2025 21:20:49] [INFO] El usuario: juan.perez@mail.com, realiza la actividad Agregar datos para la tabla: EMPLEADOS con el token: 2e46fe6550269254019ca7317d4d131a3d18a1227ae6f3cb3fd9ecfd57f90c7b
[12-03-2025 21:20:49] [INFO] ✅Ruta /AgregarDatosTabla ha sido llamada
[12-03-2025 21:20:49] [INFO] User registered successfully: qNl9zWL9RTOlKevfOZiwBPuWzJ53
[12-03-2025 21:20:49] [INFO] Conexión exitosa a MySQL
[12-03-2025 21:20:49] [ERROR] Error al realizar la consulta: Error: Column count doesn't match value count at row 1
[12-03-2025 21:20:49] [INFO] Conexión a MySQL cerrada
[12-03-2025 21:20:49] [ERROR] ❌ Error src/api/web_crud.js al insertar en DATOS_COMUNES.
[12-03-2025 21:20:49] [ERROR] ❌ Error src/api/web_crud.js al insertar en EMPLEADOS: ReferenceError: eliminarUsuario is not defined
[12-03-2025 21:21:39] [INFO] Firebase Configuración: cargada
[12-03-2025 21:21:39] [INFO] MySQL Configuración: cargada
[12-03-2025 21:21:39] [INFO] Parámetros de mysql:[object Object]
[12-03-2025 21:21:39] [INFO] Servidor UP, UP, UP puerto escucha: 10010
[12-03-2025 21:21:39] [ERROR] Error al cargar las rutas The requested module '../sockets/auth/reg_user.js' does not provide an export named 'eliminarUsuario'
[12-03-2025 21:21:39] [INFO] ✅ Cliente conectado con ID: OkJVfgTOGGY_uc8TAAAB
[12-03-2025 21:21:39] [WARN] ⚠️ El usuario con el token: 2e46fe6550269254019ca7317d4d131a3d18a1227ae6f3cb3fd9ecfd57f90c7b ha intentado conectarse al servidor token no válido.
[12-03-2025 21:21:41] [INFO] ✅ Cliente conectado con ID: RnKuCETzZynlATlHAAAD
[12-03-2025 21:22:40] [INFO] Firebase Configuración: cargada
[12-03-2025 21:22:40] [INFO] MySQL Configuración: cargada
[12-03-2025 21:22:40] [INFO] Parámetros de mysql:[object Object]
[12-03-2025 21:22:41] [INFO] Servidor UP, UP, UP puerto escucha: 10010
[12-03-2025 21:22:41] [INFO] Rutas cargadas correctamente
[12-03-2025 21:22:44] [INFO] ✅ Cliente conectado con ID: AS_zYbYPSrBDmbrCAAAB
[12-03-2025 21:22:45] [INFO] ✅ Cliente conectado con ID: OzztpoE32yM-jBe7AAAD
[12-03-2025 21:22:46] [DEBUG] src/sockets/sockets.js los datos recibidos [object Object]
[12-03-2025 21:22:46] [DEBUG] src/sockets/auth/credenciales.js comprobarCredenciales() || Usuario: juan.perez@mail.com | Contraseña: contraseña_segura
[12-03-2025 21:22:46] [INFO] Conexión exitosa a MySQL
[12-03-2025 21:22:47] [INFO] Resultados de la consulta: [object Object]
[12-03-2025 21:22:47] [INFO] Conexión a MySQL cerrada
[12-03-2025 21:22:47] [DEBUG] src/sockets/auth/credenciales.js comprobarCredenciales() || FIREBASE_UID en MySQL: FR4igTSRuHTDIAxtRI9Xh08X1ZR2
[12-03-2025 21:22:47] [INFO] Conexión exitosa a MySQL
[12-03-2025 21:22:47] [INFO] Resultados de la consulta: [object Object]
[12-03-2025 21:22:47] [INFO] Conexión a MySQL cerrada
[12-03-2025 21:22:48] [DEBUG] src/sockets/auth/credenciales.js comprobarCredenciales() || El token es: 22a22682a14ab1bc864205718ccb584f8ea3b89602530eb5071472e537cd45af para el Usuario; juan.perez@mail.com
[12-03-2025 21:22:48] [DEBUG] src/sockets/auth/credenciales.js comprobarCredenciales() || TIPO DE CUENTA en MySQL: ADM
[12-03-2025 21:22:48] [INFO] ✅ Usuario: juan.perez@mail.com logueado correctamente. Tipo de cuenta: EMPLEADO.
[12-03-2025 21:22:49] [INFO] ⏳ Temporizador reiniciado para juan.perez@mail.com
[12-03-2025 21:22:49] [INFO] El usuario: juan.perez@mail.com, realiza la actividad Agregar datos para la tabla: EMPLEADOS con el token: 22a22682a14ab1bc864205718ccb584f8ea3b89602530eb5071472e537cd45af
[12-03-2025 21:22:49] [INFO] ✅Ruta /AgregarDatosTabla ha sido llamada
[12-03-2025 21:22:49] [INFO] User registered successfully: HqMNvwW6ikcy89jbjulWRwX7rd42
[12-03-2025 21:22:49] [INFO] Conexión exitosa a MySQL
[12-03-2025 21:22:49] [ERROR] Error al realizar la consulta: Error: Column count doesn't match value count at row 1
[12-03-2025 21:22:49] [INFO] Conexión a MySQL cerrada
[12-03-2025 21:22:49] [ERROR] ❌ Error src/api/web_crud.js al insertar en DATOS_COMUNES.
[12-03-2025 21:22:49] [ERROR] Error al eliminar el usuario: undefined - auth.getUser is not a function
[12-03-2025 21:26:51] [INFO] ✅ Cliente conectado con ID: v3bzWDtWEebAIu6CAAAF
[12-03-2025 21:26:51] [INFO] ⏳ Temporizador reiniciado para juan.perez@mail.com
[12-03-2025 21:26:51] [WARN] ⚠️ El usuario: juan.perez@mail.com se ha reconectado con el token: 22a22682a14ab1bc864205718ccb584f8ea3b89602530eb5071472e537cd45af.
[12-03-2025 21:27:38] [INFO] ✅ Cliente conectado con ID: okmexEgcfmff3250AAAH
[12-03-2025 21:27:38] [INFO] ⏳ Temporizador reiniciado para juan.perez@mail.com
[12-03-2025 21:27:38] [WARN] ⚠️ El usuario: juan.perez@mail.com se ha reconectado con el token: 22a22682a14ab1bc864205718ccb584f8ea3b89602530eb5071472e537cd45af.
[12-03-2025 21:28:49] [INFO] ✅ Cliente conectado con ID: vopclhujnt4Y7quaAAAJ
[12-03-2025 21:28:49] [INFO] ⏳ Temporizador reiniciado para juan.perez@mail.com
[12-03-2025 21:28:49] [WARN] ⚠️ El usuario: juan.perez@mail.com se ha reconectado con el token: 22a22682a14ab1bc864205718ccb584f8ea3b89602530eb5071472e537cd45af.
[12-03-2025 21:29:35] [INFO] ✅ Cliente conectado con ID: RljjMGGegwKo1AfaAAAL
[12-03-2025 21:29:35] [INFO] ⏳ Temporizador reiniciado para juan.perez@mail.com
[12-03-2025 21:29:35] [WARN] ⚠️ El usuario: juan.perez@mail.com se ha reconectado con el token: 22a22682a14ab1bc864205718ccb584f8ea3b89602530eb5071472e537cd45af.
[12-03-2025 21:30:46] [INFO] ✅ Cliente conectado con ID: 8jo6KbNy_wUmA-khAAAN
[12-03-2025 21:30:46] [INFO] ⏳ Temporizador reiniciado para juan.perez@mail.com
[12-03-2025 21:30:46] [WARN] ⚠️ El usuario: juan.perez@mail.com se ha reconectado con el token: 22a22682a14ab1bc864205718ccb584f8ea3b89602530eb5071472e537cd45af.
[12-03-2025 21:31:32] [INFO] ✅ Cliente conectado con ID: ZCkdwmfIl-2iUJw6AAAP
[12-03-2025 21:31:32] [INFO] ⏳ Temporizador reiniciado para juan.perez@mail.com
[12-03-2025 21:31:32] [WARN] ⚠️ El usuario: juan.perez@mail.com se ha reconectado con el token: 22a22682a14ab1bc864205718ccb584f8ea3b89602530eb5071472e537cd45af.
[12-03-2025 21:32:09] [INFO] Firebase Configuración: cargada
[12-03-2025 21:32:09] [INFO] MySQL Configuración: cargada
[12-03-2025 21:32:09] [INFO] Parámetros de mysql:[object Object]
[12-03-2025 21:32:09] [INFO] Servidor UP, UP, UP puerto escucha: 10010
[12-03-2025 21:32:09] [INFO] Rutas cargadas correctamente
[12-03-2025 21:32:11] [INFO] ✅ Cliente conectado con ID: cGUBGUmpLLSDS_N2AAAB
[12-03-2025 21:32:11] [WARN] ⚠️ El usuario con el token: 22a22682a14ab1bc864205718ccb584f8ea3b89602530eb5071472e537cd45af ha intentado conectarse al servidor token no válido.
[12-03-2025 21:32:11] [INFO] ✅ Cliente conectado con ID: lMN6TSUyJOxKuhLUAAAD
[12-03-2025 21:32:16] [DEBUG] src/sockets/sockets.js los datos recibidos [object Object]
[12-03-2025 21:32:16] [DEBUG] src/sockets/auth/credenciales.js comprobarCredenciales() || Usuario: juan.perez@mail.com | Contraseña: contraseña_segura
[12-03-2025 21:32:16] [INFO] Conexión exitosa a MySQL
[12-03-2025 21:32:16] [INFO] Resultados de la consulta: [object Object]
[12-03-2025 21:32:16] [INFO] Conexión a MySQL cerrada
[12-03-2025 21:32:16] [DEBUG] src/sockets/auth/credenciales.js comprobarCredenciales() || FIREBASE_UID en MySQL: FR4igTSRuHTDIAxtRI9Xh08X1ZR2
[12-03-2025 21:32:16] [INFO] Conexión exitosa a MySQL
[12-03-2025 21:32:16] [INFO] Resultados de la consulta: [object Object]
[12-03-2025 21:32:16] [INFO] Conexión a MySQL cerrada
[12-03-2025 21:32:17] [DEBUG] src/sockets/auth/credenciales.js comprobarCredenciales() || El token es: a6f4afb1c0f1fdf1cf86a38be4b553d39cc06151105727f8607b338cc35f89c8 para el Usuario; juan.perez@mail.com
[12-03-2025 21:32:17] [DEBUG] src/sockets/auth/credenciales.js comprobarCredenciales() || TIPO DE CUENTA en MySQL: ADM
[12-03-2025 21:32:17] [INFO] ✅ Usuario: juan.perez@mail.com logueado correctamente. Tipo de cuenta: EMPLEADO.
[12-03-2025 21:32:18] [INFO] ⏳ Temporizador reiniciado para juan.perez@mail.com
[12-03-2025 21:32:18] [INFO] El usuario: juan.perez@mail.com, realiza la actividad Agregar datos para la tabla: EMPLEADOS con el token: a6f4afb1c0f1fdf1cf86a38be4b553d39cc06151105727f8607b338cc35f89c8
[12-03-2025 21:32:18] [INFO] ✅Ruta /AgregarDatosTabla ha sido llamada
[12-03-2025 21:32:19] [INFO] User registered successfully: 0sjN7zP9WYZrSFiXBIpfm5btky22
[12-03-2025 21:32:19] [INFO] Conexión exitosa a MySQL
[12-03-2025 21:32:19] [ERROR] Error al realizar la consulta: Error: Column count doesn't match value count at row 1
[12-03-2025 21:32:19] [INFO] Conexión a MySQL cerrada
[12-03-2025 21:32:19] [ERROR] ❌ Error src/api/web_crud.js al insertar en DATOS_COMUNES.
[12-03-2025 21:32:34] [ERROR] Error al eliminar el usuario: undefined - Unable to detect a Project Id in the current environment. 
To learn more about authentication and Google APIs, visit: 
https://cloud.google.com/docs/authentication/getting-started
[12-03-2025 21:36:24] [INFO] Firebase Configuración: cargada
[12-03-2025 21:36:24] [INFO] MySQL Configuración: cargada
[12-03-2025 21:36:24] [INFO] Parámetros de mysql:[object Object]
[12-03-2025 21:36:24] [INFO] Servidor UP, UP, UP puerto escucha: 10010
[12-03-2025 21:36:24] [INFO] Rutas cargadas correctamente
[12-03-2025 21:36:24] [INFO] ✅ Cliente conectado con ID: AON2eSg1RhHU6eT8AAAB
[12-03-2025 21:36:24] [WARN] ⚠️ El usuario con el token: a6f4afb1c0f1fdf1cf86a38be4b553d39cc06151105727f8607b338cc35f89c8 ha intentado conectarse al servidor token no válido.
[12-03-2025 21:36:25] [INFO] ✅ Cliente conectado con ID: FLPdNejRQ6ecrJ46AAAD
[12-03-2025 21:36:37] [DEBUG] src/sockets/sockets.js los datos recibidos [object Object]
[12-03-2025 21:36:37] [DEBUG] src/sockets/auth/credenciales.js comprobarCredenciales() || Usuario: juan.perez@mail.com | Contraseña: contraseña_segura
[12-03-2025 21:36:37] [INFO] Conexión exitosa a MySQL
[12-03-2025 21:36:37] [INFO] Resultados de la consulta: [object Object]
[12-03-2025 21:36:37] [INFO] Conexión a MySQL cerrada
[12-03-2025 21:36:37] [DEBUG] src/sockets/auth/credenciales.js comprobarCredenciales() || FIREBASE_UID en MySQL: FR4igTSRuHTDIAxtRI9Xh08X1ZR2
[12-03-2025 21:36:37] [INFO] Conexión exitosa a MySQL
[12-03-2025 21:36:37] [INFO] Resultados de la consulta: [object Object]
[12-03-2025 21:36:37] [INFO] Conexión a MySQL cerrada
[12-03-2025 21:36:38] [DEBUG] src/sockets/auth/credenciales.js comprobarCredenciales() || El token es: 9e8a3a8bc027bc46a9ff87e3b2f1671c29cee519319f8c9b370c31bebaec268f para el Usuario; juan.perez@mail.com
[12-03-2025 21:36:38] [DEBUG] src/sockets/auth/credenciales.js comprobarCredenciales() || TIPO DE CUENTA en MySQL: ADM
[12-03-2025 21:36:38] [INFO] ✅ Usuario: juan.perez@mail.com logueado correctamente. Tipo de cuenta: EMPLEADO.
[12-03-2025 21:36:38] [INFO] ⏳ Temporizador reiniciado para juan.perez@mail.com
[12-03-2025 21:36:38] [INFO] El usuario: juan.perez@mail.com, realiza la actividad Agregar datos para la tabla: EMPLEADOS con el token: 9e8a3a8bc027bc46a9ff87e3b2f1671c29cee519319f8c9b370c31bebaec268f
[12-03-2025 21:36:38] [INFO] ✅Ruta /AgregarDatosTabla ha sido llamada
[12-03-2025 21:36:39] [INFO] User registered successfully: CpoiyyiekvbL9yQroYzhJXuNF0x1
[12-03-2025 21:36:39] [INFO] Conexión exitosa a MySQL
[12-03-2025 21:36:39] [ERROR] Error al realizar la consulta: Error: Column count doesn't match value count at row 1
[12-03-2025 21:36:39] [INFO] Conexión a MySQL cerrada
[12-03-2025 21:36:39] [ERROR] ❌ Error src/api/web_crud.js al insertar en DATOS_COMUNES.
[12-03-2025 21:36:54] [ERROR] Error al eliminar el usuario: undefined - Unable to detect a Project Id in the current environment. 
To learn more about authentication and Google APIs, visit: 
https://cloud.google.com/docs/authentication/getting-started
[12-03-2025 21:38:57] [INFO] ✅ Cliente conectado con ID: ujSe5-cs1Far3ZOpAAAF
[12-03-2025 21:38:57] [INFO] ⏳ Temporizador reiniciado para juan.perez@mail.com
[12-03-2025 21:38:57] [WARN] ⚠️ El usuario: juan.perez@mail.com se ha reconectado con el token: 9e8a3a8bc027bc46a9ff87e3b2f1671c29cee519319f8c9b370c31bebaec268f.
[12-03-2025 21:39:44] [INFO] ✅ Cliente conectado con ID: AikF0gl0w5hWlnaIAAAH
[12-03-2025 21:39:44] [INFO] ⏳ Temporizador reiniciado para juan.perez@mail.com
[12-03-2025 21:39:44] [WARN] ⚠️ El usuario: juan.perez@mail.com se ha reconectado con el token: 9e8a3a8bc027bc46a9ff87e3b2f1671c29cee519319f8c9b370c31bebaec268f.
[12-03-2025 21:40:55] [INFO] ✅ Cliente conectado con ID: D_NhXrKA6HIBqn2QAAAJ
[12-03-2025 21:40:55] [INFO] ⏳ Temporizador reiniciado para juan.perez@mail.com
[12-03-2025 21:40:55] [WARN] ⚠️ El usuario: juan.perez@mail.com se ha reconectado con el token: 9e8a3a8bc027bc46a9ff87e3b2f1671c29cee519319f8c9b370c31bebaec268f.
[12-03-2025 21:41:42] [INFO] ✅ Cliente conectado con ID: 6Py0OgYCZq4AF1ijAAAL
[12-03-2025 21:41:42] [INFO] ⏳ Temporizador reiniciado para juan.perez@mail.com
[12-03-2025 21:41:42] [WARN] ⚠️ El usuario: juan.perez@mail.com se ha reconectado con el token: 9e8a3a8bc027bc46a9ff87e3b2f1671c29cee519319f8c9b370c31bebaec268f.
[12-03-2025 21:46:53] [INFO] Firebase Configuración: cargada
[12-03-2025 21:46:53] [INFO] MySQL Configuración: cargada
[12-03-2025 21:46:53] [INFO] Parámetros de mysql:[object Object]
[12-03-2025 21:46:53] [INFO] Servidor UP, UP, UP puerto escucha: 10010
[12-03-2025 21:46:53] [INFO] Rutas cargadas correctamente
[12-03-2025 21:46:55] [INFO] ✅ Cliente conectado con ID: JBw7prQdv8hpcsuuAAAB
[12-03-2025 21:46:55] [WARN] ⚠️ El usuario con el token: 9e8a3a8bc027bc46a9ff87e3b2f1671c29cee519319f8c9b370c31bebaec268f ha intentado conectarse al servidor token no válido.
[12-03-2025 21:46:55] [INFO] ✅ Cliente conectado con ID: mgHzsUBVOXDrhBUWAAAD
[12-03-2025 21:46:58] [DEBUG] src/sockets/sockets.js los datos recibidos [object Object]
[12-03-2025 21:46:58] [DEBUG] src/sockets/auth/credenciales.js comprobarCredenciales() || Usuario: juan.perez@mail.com | Contraseña: contraseña_segura
[12-03-2025 21:46:58] [INFO] Conexión exitosa a MySQL
[12-03-2025 21:46:58] [INFO] Resultados de la consulta: [object Object]
[12-03-2025 21:46:58] [INFO] Conexión a MySQL cerrada
[12-03-2025 21:46:58] [DEBUG] src/sockets/auth/credenciales.js comprobarCredenciales() || FIREBASE_UID en MySQL: FR4igTSRuHTDIAxtRI9Xh08X1ZR2
[12-03-2025 21:46:58] [INFO] Conexión exitosa a MySQL
[12-03-2025 21:46:58] [INFO] Resultados de la consulta: [object Object]
[12-03-2025 21:46:58] [INFO] Conexión a MySQL cerrada
[12-03-2025 21:46:59] [DEBUG] src/sockets/auth/credenciales.js comprobarCredenciales() || El token es: 28e14b42907f4bcdf8be961160e4dfd698d1681fa8946e3975b56b308f3c790a para el Usuario; juan.perez@mail.com
[12-03-2025 21:46:59] [DEBUG] src/sockets/auth/credenciales.js comprobarCredenciales() || TIPO DE CUENTA en MySQL: ADM
[12-03-2025 21:46:59] [INFO] ✅ Usuario: juan.perez@mail.com logueado correctamente. Tipo de cuenta: EMPLEADO.
[12-03-2025 21:47:00] [INFO] ⏳ Temporizador reiniciado para juan.perez@mail.com
[12-03-2025 21:47:00] [INFO] El usuario: juan.perez@mail.com, realiza la actividad Agregar datos para la tabla: EMPLEADOS con el token: 28e14b42907f4bcdf8be961160e4dfd698d1681fa8946e3975b56b308f3c790a
[12-03-2025 21:47:00] [INFO] ✅Ruta /AgregarDatosTabla ha sido llamada
[12-03-2025 21:47:01] [INFO] User registered successfully: tLNFd1Ll5ib0AkT75DYCRH2e9DL2
[12-03-2025 21:47:01] [INFO] Conexión exitosa a MySQL
[12-03-2025 21:47:01] [ERROR] Error al realizar la consulta: Error: Column count doesn't match value count at row 1
[12-03-2025 21:47:01] [INFO] Conexión a MySQL cerrada
[12-03-2025 21:47:01] [ERROR] ❌ Error src/api/web_crud.js al insertar en DATOS_COMUNES.
[12-03-2025 21:47:02] [INFO] ✅ Usuario con UID tLNFd1Ll5ib0AkT75DYCRH2e9DL2 eliminado correctamente de Firebase.
[12-03-2025 21:51:43] [INFO] Firebase Configuración: cargada
[12-03-2025 21:51:43] [INFO] MySQL Configuración: cargada
[12-03-2025 21:51:43] [INFO] Parámetros de mysql:[object Object]
[12-03-2025 21:51:43] [INFO] Servidor UP, UP, UP puerto escucha: 10010
[12-03-2025 21:51:43] [INFO] Rutas cargadas correctamente
[12-03-2025 21:51:44] [INFO] ✅ Cliente conectado con ID: MyV800VsRdNOp5FAAAAB
[12-03-2025 21:51:44] [WARN] ⚠️ El usuario con el token: 28e14b42907f4bcdf8be961160e4dfd698d1681fa8946e3975b56b308f3c790a ha intentado conectarse al servidor token no válido.
[12-03-2025 21:51:46] [INFO] ✅ Cliente conectado con ID: vQ0MUgZwPXlFr1qqAAAD
[12-03-2025 21:51:51] [DEBUG] src/sockets/sockets.js los datos recibidos [object Object]
[12-03-2025 21:51:51] [DEBUG] src/sockets/auth/credenciales.js comprobarCredenciales() || Usuario: juan.perez@mail.com | Contraseña: contraseña_segura
[12-03-2025 21:51:51] [INFO] Conexión exitosa a MySQL
[12-03-2025 21:51:51] [INFO] Resultados de la consulta: [object Object]
[12-03-2025 21:51:51] [INFO] Conexión a MySQL cerrada
[12-03-2025 21:51:51] [DEBUG] src/sockets/auth/credenciales.js comprobarCredenciales() || FIREBASE_UID en MySQL: FR4igTSRuHTDIAxtRI9Xh08X1ZR2
[12-03-2025 21:51:51] [INFO] Conexión exitosa a MySQL
[12-03-2025 21:51:51] [INFO] Resultados de la consulta: [object Object]
[12-03-2025 21:51:51] [INFO] Conexión a MySQL cerrada
[12-03-2025 21:51:52] [DEBUG] src/sockets/auth/credenciales.js comprobarCredenciales() || El token es: 5c0e89758a698077c7c6f98c6e2c6007801cecabab8e555e7c6360d729b3102e para el Usuario; juan.perez@mail.com
[12-03-2025 21:51:52] [DEBUG] src/sockets/auth/credenciales.js comprobarCredenciales() || TIPO DE CUENTA en MySQL: ADM
[12-03-2025 21:51:52] [INFO] ✅ Usuario: juan.perez@mail.com logueado correctamente. Tipo de cuenta: EMPLEADO.
[12-03-2025 21:51:53] [INFO] ⏳ Temporizador reiniciado para juan.perez@mail.com
[12-03-2025 21:51:53] [INFO] El usuario: juan.perez@mail.com, realiza la actividad Agregar datos para la tabla: EMPLEADOS con el token: 5c0e89758a698077c7c6f98c6e2c6007801cecabab8e555e7c6360d729b3102e
[12-03-2025 21:51:53] [INFO] ✅Ruta /AgregarDatosTabla ha sido llamada
[12-03-2025 21:51:54] [INFO] User registered successfully: Tbxras4ckDh9ha4k3bUcB9wY66L2
[12-03-2025 21:51:54] [INFO] Conexión exitosa a MySQL
[12-03-2025 21:51:54] [INFO] Resultados de la consulta: [object Object]
[12-03-2025 21:51:54] [INFO] Conexión a MySQL cerrada
[12-03-2025 21:51:54] [INFO] Conexión exitosa a MySQL
[12-03-2025 21:51:54] [INFO] Resultados de la consulta: [object Object]
[12-03-2025 21:51:54] [INFO] Conexión a MySQL cerrada
[12-03-2025 21:51:54] [INFO] ✅ Datos agregados correctamente en src/api/web_crud.js en la tabla EMPLEADOS con ID_DATOS_COMUNES: 8
[12-03-2025 21:51:58] [INFO] 🔴 Usuario juan.perez@mail.com desconectado. Eliminando...
[12-03-2025 21:51:58] [INFO] 🔴 Usuario desconectado manualmente.
[12-03-2025 21:52:45] [INFO] ✅ Cliente conectado con ID: p6DQP0FVh90JQMb3AAAF
[12-03-2025 21:52:45] [WARN] ⚠️ El usuario con el token: 5c0e89758a698077c7c6f98c6e2c6007801cecabab8e555e7c6360d729b3102e ha intentado conectarse al servidor token no válido.
[12-03-2025 21:52:48] [DEBUG] src/sockets/sockets.js los datos recibidos [object Object]
[12-03-2025 21:52:48] [DEBUG] src/sockets/auth/credenciales.js comprobarCredenciales() || Usuario: victor_desesperado@victor.entregado.com | Contraseña: contraseña_no_segura
[12-03-2025 21:52:48] [INFO] Conexión exitosa a MySQL
[12-03-2025 21:52:48] [INFO] Resultados de la consulta: [object Object]
[12-03-2025 21:52:48] [INFO] Conexión a MySQL cerrada
[12-03-2025 21:52:48] [DEBUG] src/sockets/auth/credenciales.js comprobarCredenciales() || FIREBASE_UID en MySQL: Tbxras4ckDh9ha4k3bUcB9wY66L2
[12-03-2025 21:52:48] [INFO] Conexión exitosa a MySQL
[12-03-2025 21:52:48] [INFO] Resultados de la consulta: [object Object]
[12-03-2025 21:52:48] [INFO] Conexión a MySQL cerrada
[12-03-2025 21:52:48] [DEBUG] src/sockets/auth/credenciales.js comprobarCredenciales() || El token es: 526b6ecd708bd65057f91c9145f30b76f31bf346c5305a2bafe5c6053b2ac0dd para el Usuario; victor_desesperado@victor.entregado.com
[12-03-2025 21:52:48] [DEBUG] src/sockets/auth/credenciales.js comprobarCredenciales() || TIPO DE CUENTA en MySQL: GESTOR
[12-03-2025 21:52:48] [INFO] ✅ Usuario: victor_desesperado@victor.entregado.com logueado correctamente. Tipo de cuenta: EMPLEADO.
[12-03-2025 21:59:47] [INFO] ✅ Cliente conectado con ID: J_E_d6eD9eoOkjxsAAAH
[12-03-2025 21:59:47] [INFO] ⏳ Temporizador reiniciado para victor_desesperado@victor.entregado.com
[12-03-2025 21:59:47] [WARN] ⚠️ El usuario: victor_desesperado@victor.entregado.com se ha reconectado con el token: 526b6ecd708bd65057f91c9145f30b76f31bf346c5305a2bafe5c6053b2ac0dd.
[12-03-2025 22:00:33] [INFO] ✅ Cliente conectado con ID: XCyRQ9SAg2QFmD-gAAAJ
[12-03-2025 22:00:33] [INFO] ⏳ Temporizador reiniciado para victor_desesperado@victor.entregado.com
[12-03-2025 22:00:33] [WARN] ⚠️ El usuario: victor_desesperado@victor.entregado.com se ha reconectado con el token: 526b6ecd708bd65057f91c9145f30b76f31bf346c5305a2bafe5c6053b2ac0dd.
[12-03-2025 22:01:44] [INFO] ✅ Cliente conectado con ID: RUsHzT7Oa9RAWC3HAAAL
[12-03-2025 22:01:44] [INFO] ⏳ Temporizador reiniciado para victor_desesperado@victor.entregado.com
[12-03-2025 22:01:44] [WARN] ⚠️ El usuario: victor_desesperado@victor.entregado.com se ha reconectado con el token: 526b6ecd708bd65057f91c9145f30b76f31bf346c5305a2bafe5c6053b2ac0dd.
[12-03-2025 22:02:56] [INFO] ✅ Cliente conectado con ID: kslHRmNysp-go8jmAAAN
[12-03-2025 22:02:56] [INFO] ⏳ Temporizador reiniciado para victor_desesperado@victor.entregado.com
[12-03-2025 22:02:56] [WARN] ⚠️ El usuario: victor_desesperado@victor.entregado.com se ha reconectado con el token: 526b6ecd708bd65057f91c9145f30b76f31bf346c5305a2bafe5c6053b2ac0dd.
[12-03-2025 22:03:43] [INFO] ✅ Cliente conectado con ID: GOdg8FEp05q8FB_gAAAP
[12-03-2025 22:03:43] [INFO] ⏳ Temporizador reiniciado para victor_desesperado@victor.entregado.com
[12-03-2025 22:03:43] [WARN] ⚠️ El usuario: victor_desesperado@victor.entregado.com se ha reconectado con el token: 526b6ecd708bd65057f91c9145f30b76f31bf346c5305a2bafe5c6053b2ac0dd.
[12-03-2025 22:04:54] [INFO] ✅ Cliente conectado con ID: 1tgG2Kkkm6If3WVPAAAR
[12-03-2025 22:04:54] [INFO] ⏳ Temporizador reiniciado para victor_desesperado@victor.entregado.com
[12-03-2025 22:04:54] [WARN] ⚠️ El usuario: victor_desesperado@victor.entregado.com se ha reconectado con el token: 526b6ecd708bd65057f91c9145f30b76f31bf346c5305a2bafe5c6053b2ac0dd.
[12-03-2025 22:05:41] [INFO] ✅ Cliente conectado con ID: X5gosf0WUJMQnHkrAAAT
[12-03-2025 22:05:41] [INFO] ⏳ Temporizador reiniciado para victor_desesperado@victor.entregado.com
[12-03-2025 22:05:41] [WARN] ⚠️ El usuario: victor_desesperado@victor.entregado.com se ha reconectado con el token: 526b6ecd708bd65057f91c9145f30b76f31bf346c5305a2bafe5c6053b2ac0dd.
[12-03-2025 22:06:52] [INFO] ✅ Cliente conectado con ID: SEQbCOZBIkhXLLGNAAAV
[12-03-2025 22:06:52] [INFO] ⏳ Temporizador reiniciado para victor_desesperado@victor.entregado.com
[12-03-2025 22:06:52] [WARN] ⚠️ El usuario: victor_desesperado@victor.entregado.com se ha reconectado con el token: 526b6ecd708bd65057f91c9145f30b76f31bf346c5305a2bafe5c6053b2ac0dd.
[12-03-2025 22:07:39] [INFO] ✅ Cliente conectado con ID: gRa-sHTzwKM4_genAAAX
[12-03-2025 22:07:39] [INFO] ⏳ Temporizador reiniciado para victor_desesperado@victor.entregado.com
[12-03-2025 22:07:39] [WARN] ⚠️ El usuario: victor_desesperado@victor.entregado.com se ha reconectado con el token: 526b6ecd708bd65057f91c9145f30b76f31bf346c5305a2bafe5c6053b2ac0dd.
[12-03-2025 22:08:50] [INFO] ✅ Cliente conectado con ID: g7w8mKjEyWhh42slAAAZ
[12-03-2025 22:08:50] [INFO] ⏳ Temporizador reiniciado para victor_desesperado@victor.entregado.com
[12-03-2025 22:08:50] [WARN] ⚠️ El usuario: victor_desesperado@victor.entregado.com se ha reconectado con el token: 526b6ecd708bd65057f91c9145f30b76f31bf346c5305a2bafe5c6053b2ac0dd.
[12-03-2025 22:09:37] [INFO] ✅ Cliente conectado con ID: fvUaQSdswUmjYurIAAAb
[12-03-2025 22:09:37] [INFO] ⏳ Temporizador reiniciado para victor_desesperado@victor.entregado.com
[12-03-2025 22:09:37] [WARN] ⚠️ El usuario: victor_desesperado@victor.entregado.com se ha reconectado con el token: 526b6ecd708bd65057f91c9145f30b76f31bf346c5305a2bafe5c6053b2ac0dd.
[12-03-2025 22:10:48] [INFO] ✅ Cliente conectado con ID: g9ASue0CgfuouRR2AAAd
[12-03-2025 22:10:48] [INFO] ⏳ Temporizador reiniciado para victor_desesperado@victor.entregado.com
[12-03-2025 22:10:48] [WARN] ⚠️ El usuario: victor_desesperado@victor.entregado.com se ha reconectado con el token: 526b6ecd708bd65057f91c9145f30b76f31bf346c5305a2bafe5c6053b2ac0dd.
[12-03-2025 22:11:34] [INFO] ✅ Cliente conectado con ID: NZL__CRSW6N_gotUAAAf
[12-03-2025 22:11:34] [INFO] ⏳ Temporizador reiniciado para victor_desesperado@victor.entregado.com
[12-03-2025 22:11:34] [WARN] ⚠️ El usuario: victor_desesperado@victor.entregado.com se ha reconectado con el token: 526b6ecd708bd65057f91c9145f30b76f31bf346c5305a2bafe5c6053b2ac0dd.
[12-03-2025 22:12:45] [INFO] ✅ Cliente conectado con ID: _2u6yIf3ArzPe-ncAAAh
[12-03-2025 22:12:45] [INFO] ⏳ Temporizador reiniciado para victor_desesperado@victor.entregado.com
[12-03-2025 22:12:45] [WARN] ⚠️ El usuario: victor_desesperado@victor.entregado.com se ha reconectado con el token: 526b6ecd708bd65057f91c9145f30b76f31bf346c5305a2bafe5c6053b2ac0dd.
[12-03-2025 22:13:31] [INFO] ✅ Cliente conectado con ID: LNVaVOuCWvhfk6i4AAAj
[12-03-2025 22:13:31] [INFO] ⏳ Temporizador reiniciado para victor_desesperado@victor.entregado.com
[12-03-2025 22:13:31] [WARN] ⚠️ El usuario: victor_desesperado@victor.entregado.com se ha reconectado con el token: 526b6ecd708bd65057f91c9145f30b76f31bf346c5305a2bafe5c6053b2ac0dd.
[12-03-2025 22:14:42] [INFO] ✅ Cliente conectado con ID: 9cT0dqu5G0bFYKRhAAAl
[12-03-2025 22:14:42] [INFO] ⏳ Temporizador reiniciado para victor_desesperado@victor.entregado.com
[12-03-2025 22:14:42] [WARN] ⚠️ El usuario: victor_desesperado@victor.entregado.com se ha reconectado con el token: 526b6ecd708bd65057f91c9145f30b76f31bf346c5305a2bafe5c6053b2ac0dd.
[12-03-2025 22:15:53] [INFO] ✅ Cliente conectado con ID: j6YwYWbxlgu4T0QGAAAn
[12-03-2025 22:15:53] [INFO] ⏳ Temporizador reiniciado para victor_desesperado@victor.entregado.com
[12-03-2025 22:15:53] [WARN] ⚠️ El usuario: victor_desesperado@victor.entregado.com se ha reconectado con el token: 526b6ecd708bd65057f91c9145f30b76f31bf346c5305a2bafe5c6053b2ac0dd.
[12-03-2025 22:16:40] [INFO] ✅ Cliente conectado con ID: K81n7YD4Ws7J3yEkAAAp
[12-03-2025 22:16:40] [INFO] ⏳ Temporizador reiniciado para victor_desesperado@victor.entregado.com
[12-03-2025 22:16:40] [WARN] ⚠️ El usuario: victor_desesperado@victor.entregado.com se ha reconectado con el token: 526b6ecd708bd65057f91c9145f30b76f31bf346c5305a2bafe5c6053b2ac0dd.
[12-03-2025 22:17:51] [INFO] ✅ Cliente conectado con ID: xaxsnvZCaXRawKODAAAr
[12-03-2025 22:17:51] [INFO] ⏳ Temporizador reiniciado para victor_desesperado@victor.entregado.com
[12-03-2025 22:17:51] [WARN] ⚠️ El usuario: victor_desesperado@victor.entregado.com se ha reconectado con el token: 526b6ecd708bd65057f91c9145f30b76f31bf346c5305a2bafe5c6053b2ac0dd.
[12-03-2025 22:18:38] [INFO] ✅ Cliente conectado con ID: ElN2xpNyvyiMCGNYAAAt
[12-03-2025 22:18:38] [INFO] ⏳ Temporizador reiniciado para victor_desesperado@victor.entregado.com
[12-03-2025 22:18:38] [WARN] ⚠️ El usuario: victor_desesperado@victor.entregado.com se ha reconectado con el token: 526b6ecd708bd65057f91c9145f30b76f31bf346c5305a2bafe5c6053b2ac0dd.
[12-03-2025 22:19:49] [INFO] ✅ Cliente conectado con ID: TDwtCzl__kzD0X2NAAAv
[12-03-2025 22:19:49] [INFO] ⏳ Temporizador reiniciado para victor_desesperado@victor.entregado.com
[12-03-2025 22:19:49] [WARN] ⚠️ El usuario: victor_desesperado@victor.entregado.com se ha reconectado con el token: 526b6ecd708bd65057f91c9145f30b76f31bf346c5305a2bafe5c6053b2ac0dd.
[12-03-2025 22:20:36] [INFO] ✅ Cliente conectado con ID: 9GBitj6qkml1a1UUAAAx
[12-03-2025 22:20:36] [INFO] ⏳ Temporizador reiniciado para victor_desesperado@victor.entregado.com
[12-03-2025 22:20:36] [WARN] ⚠️ El usuario: victor_desesperado@victor.entregado.com se ha reconectado con el token: 526b6ecd708bd65057f91c9145f30b76f31bf346c5305a2bafe5c6053b2ac0dd.
[12-03-2025 22:21:48] [INFO] ✅ Cliente conectado con ID: PDdiiPQAJDQc4GSFAAAz
[12-03-2025 22:21:48] [INFO] ⏳ Temporizador reiniciado para victor_desesperado@victor.entregado.com
[12-03-2025 22:21:48] [WARN] ⚠️ El usuario: victor_desesperado@victor.entregado.com se ha reconectado con el token: 526b6ecd708bd65057f91c9145f30b76f31bf346c5305a2bafe5c6053b2ac0dd.
[12-03-2025 22:22:35] [INFO] ✅ Cliente conectado con ID: JakZWWM5we_YWIh2AAA1
[12-03-2025 22:22:35] [INFO] ⏳ Temporizador reiniciado para victor_desesperado@victor.entregado.com
[12-03-2025 22:22:35] [WARN] ⚠️ El usuario: victor_desesperado@victor.entregado.com se ha reconectado con el token: 526b6ecd708bd65057f91c9145f30b76f31bf346c5305a2bafe5c6053b2ac0dd.
[12-03-2025 22:23:46] [INFO] ✅ Cliente conectado con ID: 8E-K4M7e20OHbih0AAA3
[12-03-2025 22:23:46] [INFO] ⏳ Temporizador reiniciado para victor_desesperado@victor.entregado.com
[12-03-2025 22:23:46] [WARN] ⚠️ El usuario: victor_desesperado@victor.entregado.com se ha reconectado con el token: 526b6ecd708bd65057f91c9145f30b76f31bf346c5305a2bafe5c6053b2ac0dd.
[12-03-2025 22:24:33] [INFO] ✅ Cliente conectado con ID: crSZ-lZSroqEeltWAAA5
[12-03-2025 22:24:33] [INFO] ⏳ Temporizador reiniciado para victor_desesperado@victor.entregado.com
[12-03-2025 22:24:33] [WARN] ⚠️ El usuario: victor_desesperado@victor.entregado.com se ha reconectado con el token: 526b6ecd708bd65057f91c9145f30b76f31bf346c5305a2bafe5c6053b2ac0dd.
[12-03-2025 22:25:45] [INFO] ✅ Cliente conectado con ID: utYF6cIkvKRuPYMJAAA7
[12-03-2025 22:25:45] [INFO] ⏳ Temporizador reiniciado para victor_desesperado@victor.entregado.com
[12-03-2025 22:25:45] [WARN] ⚠️ El usuario: victor_desesperado@victor.entregado.com se ha reconectado con el token: 526b6ecd708bd65057f91c9145f30b76f31bf346c5305a2bafe5c6053b2ac0dd.
[12-03-2025 22:26:31] [INFO] ✅ Cliente conectado con ID: GNbeo4ms0WUCgiFrAAA9
[12-03-2025 22:26:31] [INFO] ⏳ Temporizador reiniciado para victor_desesperado@victor.entregado.com
[12-03-2025 22:26:31] [WARN] ⚠️ El usuario: victor_desesperado@victor.entregado.com se ha reconectado con el token: 526b6ecd708bd65057f91c9145f30b76f31bf346c5305a2bafe5c6053b2ac0dd.
[12-03-2025 22:27:42] [INFO] ✅ Cliente conectado con ID: A_kWMpGlVlHwv4q1AAA_
[12-03-2025 22:27:42] [INFO] ⏳ Temporizador reiniciado para victor_desesperado@victor.entregado.com
[12-03-2025 22:27:42] [WARN] ⚠️ El usuario: victor_desesperado@victor.entregado.com se ha reconectado con el token: 526b6ecd708bd65057f91c9145f30b76f31bf346c5305a2bafe5c6053b2ac0dd.
[12-03-2025 22:28:54] [INFO] ✅ Cliente conectado con ID: OYQO7gRsBesUREN4AABB
[12-03-2025 22:28:54] [INFO] ⏳ Temporizador reiniciado para victor_desesperado@victor.entregado.com
[12-03-2025 22:28:54] [WARN] ⚠️ El usuario: victor_desesperado@victor.entregado.com se ha reconectado con el token: 526b6ecd708bd65057f91c9145f30b76f31bf346c5305a2bafe5c6053b2ac0dd.
[12-03-2025 22:29:41] [INFO] ✅ Cliente conectado con ID: VrURqW0d6zeKGE1JAABD
[12-03-2025 22:29:41] [INFO] ⏳ Temporizador reiniciado para victor_desesperado@victor.entregado.com
[12-03-2025 22:29:41] [WARN] ⚠️ El usuario: victor_desesperado@victor.entregado.com se ha reconectado con el token: 526b6ecd708bd65057f91c9145f30b76f31bf346c5305a2bafe5c6053b2ac0dd.
[12-03-2025 22:30:53] [INFO] ✅ Cliente conectado con ID: HD3QsneWPyXOt0FCAABF
[12-03-2025 22:30:53] [INFO] ⏳ Temporizador reiniciado para victor_desesperado@victor.entregado.com
[12-03-2025 22:30:53] [WARN] ⚠️ El usuario: victor_desesperado@victor.entregado.com se ha reconectado con el token: 526b6ecd708bd65057f91c9145f30b76f31bf346c5305a2bafe5c6053b2ac0dd.
[12-03-2025 22:31:40] [INFO] ✅ Cliente conectado con ID: 6G-vrTYKDWuAJA8lAABH
[12-03-2025 22:31:40] [INFO] ⏳ Temporizador reiniciado para victor_desesperado@victor.entregado.com
[12-03-2025 22:31:40] [WARN] ⚠️ El usuario: victor_desesperado@victor.entregado.com se ha reconectado con el token: 526b6ecd708bd65057f91c9145f30b76f31bf346c5305a2bafe5c6053b2ac0dd.
[12-03-2025 22:32:52] [INFO] ✅ Cliente conectado con ID: 98BNBAoF1YFsjN0qAABJ
[12-03-2025 22:32:52] [INFO] ⏳ Temporizador reiniciado para victor_desesperado@victor.entregado.com
[12-03-2025 22:32:52] [WARN] ⚠️ El usuario: victor_desesperado@victor.entregado.com se ha reconectado con el token: 526b6ecd708bd65057f91c9145f30b76f31bf346c5305a2bafe5c6053b2ac0dd.
[12-03-2025 22:33:38] [INFO] ✅ Cliente conectado con ID: 9vVfMUH9EgaUfU4qAABL
[12-03-2025 22:33:38] [INFO] ⏳ Temporizador reiniciado para victor_desesperado@victor.entregado.com
[12-03-2025 22:33:38] [WARN] ⚠️ El usuario: victor_desesperado@victor.entregado.com se ha reconectado con el token: 526b6ecd708bd65057f91c9145f30b76f31bf346c5305a2bafe5c6053b2ac0dd.
[12-03-2025 22:34:50] [INFO] ✅ Cliente conectado con ID: 0Jbj4TPo93UMGmO3AABN
[12-03-2025 22:34:50] [INFO] ⏳ Temporizador reiniciado para victor_desesperado@victor.entregado.com
[12-03-2025 22:34:50] [WARN] ⚠️ El usuario: victor_desesperado@victor.entregado.com se ha reconectado con el token: 526b6ecd708bd65057f91c9145f30b76f31bf346c5305a2bafe5c6053b2ac0dd.
[12-03-2025 22:35:37] [INFO] ✅ Cliente conectado con ID: UCo_JZK6y93kDk6CAABP
[12-03-2025 22:35:37] [INFO] ⏳ Temporizador reiniciado para victor_desesperado@victor.entregado.com
[12-03-2025 22:35:37] [WARN] ⚠️ El usuario: victor_desesperado@victor.entregado.com se ha reconectado con el token: 526b6ecd708bd65057f91c9145f30b76f31bf346c5305a2bafe5c6053b2ac0dd.
[12-03-2025 22:36:48] [INFO] ✅ Cliente conectado con ID: LtZD7wkyH8HuVB7eAABR
[12-03-2025 22:36:48] [INFO] ⏳ Temporizador reiniciado para victor_desesperado@victor.entregado.com
[12-03-2025 22:36:48] [WARN] ⚠️ El usuario: victor_desesperado@victor.entregado.com se ha reconectado con el token: 526b6ecd708bd65057f91c9145f30b76f31bf346c5305a2bafe5c6053b2ac0dd.
[12-03-2025 22:37:34] [INFO] ✅ Cliente conectado con ID: lR0tmReBMj1JivRXAABT
[12-03-2025 22:37:34] [INFO] ⏳ Temporizador reiniciado para victor_desesperado@victor.entregado.com
[12-03-2025 22:37:34] [WARN] ⚠️ El usuario: victor_desesperado@victor.entregado.com se ha reconectado con el token: 526b6ecd708bd65057f91c9145f30b76f31bf346c5305a2bafe5c6053b2ac0dd.
[12-03-2025 22:38:45] [INFO] ✅ Cliente conectado con ID: SPtQLR3wQFtJA9whAABV
[12-03-2025 22:38:45] [INFO] ⏳ Temporizador reiniciado para victor_desesperado@victor.entregado.com
[12-03-2025 22:38:45] [WARN] ⚠️ El usuario: victor_desesperado@victor.entregado.com se ha reconectado con el token: 526b6ecd708bd65057f91c9145f30b76f31bf346c5305a2bafe5c6053b2ac0dd.
[12-03-2025 22:39:32] [INFO] ✅ Cliente conectado con ID: EADSOGtvqzN4UfxuAABX
[12-03-2025 22:39:32] [INFO] ⏳ Temporizador reiniciado para victor_desesperado@victor.entregado.com
[12-03-2025 22:39:32] [WARN] ⚠️ El usuario: victor_desesperado@victor.entregado.com se ha reconectado con el token: 526b6ecd708bd65057f91c9145f30b76f31bf346c5305a2bafe5c6053b2ac0dd.
[12-03-2025 22:40:43] [INFO] ✅ Cliente conectado con ID: hHAOdnQnj0F7dn5-AABZ
[12-03-2025 22:40:43] [INFO] ⏳ Temporizador reiniciado para victor_desesperado@victor.entregado.com
[12-03-2025 22:40:43] [WARN] ⚠️ El usuario: victor_desesperado@victor.entregado.com se ha reconectado con el token: 526b6ecd708bd65057f91c9145f30b76f31bf346c5305a2bafe5c6053b2ac0dd.
[12-03-2025 22:41:54] [INFO] ✅ Cliente conectado con ID: rlECRr35h1gfI99dAABb
[12-03-2025 22:41:54] [INFO] ⏳ Temporizador reiniciado para victor_desesperado@victor.entregado.com
[12-03-2025 22:41:54] [WARN] ⚠️ El usuario: victor_desesperado@victor.entregado.com se ha reconectado con el token: 526b6ecd708bd65057f91c9145f30b76f31bf346c5305a2bafe5c6053b2ac0dd.
[12-03-2025 22:42:41] [INFO] ✅ Cliente conectado con ID: _gMBr5CwcNXV1B0vAABd
[12-03-2025 22:42:41] [INFO] ⏳ Temporizador reiniciado para victor_desesperado@victor.entregado.com
[12-03-2025 22:42:41] [WARN] ⚠️ El usuario: victor_desesperado@victor.entregado.com se ha reconectado con el token: 526b6ecd708bd65057f91c9145f30b76f31bf346c5305a2bafe5c6053b2ac0dd.
[12-03-2025 22:43:53] [INFO] ✅ Cliente conectado con ID: SQCXvynL1xh8PJkMAABf
[12-03-2025 22:43:53] [INFO] ⏳ Temporizador reiniciado para victor_desesperado@victor.entregado.com
[12-03-2025 22:43:53] [WARN] ⚠️ El usuario: victor_desesperado@victor.entregado.com se ha reconectado con el token: 526b6ecd708bd65057f91c9145f30b76f31bf346c5305a2bafe5c6053b2ac0dd.
[12-03-2025 22:44:40] [INFO] ✅ Cliente conectado con ID: ieLCXy-qHTaxBpljAABh
[12-03-2025 22:44:40] [INFO] ⏳ Temporizador reiniciado para victor_desesperado@victor.entregado.com
[12-03-2025 22:44:40] [WARN] ⚠️ El usuario: victor_desesperado@victor.entregado.com se ha reconectado con el token: 526b6ecd708bd65057f91c9145f30b76f31bf346c5305a2bafe5c6053b2ac0dd.
[12-03-2025 22:45:52] [INFO] ✅ Cliente conectado con ID: GX9tPAHuPcNPVTwmAABj
[12-03-2025 22:45:52] [INFO] ⏳ Temporizador reiniciado para victor_desesperado@victor.entregado.com
[12-03-2025 22:45:52] [WARN] ⚠️ El usuario: victor_desesperado@victor.entregado.com se ha reconectado con el token: 526b6ecd708bd65057f91c9145f30b76f31bf346c5305a2bafe5c6053b2ac0dd.
[12-03-2025 22:46:39] [INFO] ✅ Cliente conectado con ID: 3hfQJKgxc_btGMQAAABl
[12-03-2025 22:46:39] [INFO] ⏳ Temporizador reiniciado para victor_desesperado@victor.entregado.com
[12-03-2025 22:46:39] [WARN] ⚠️ El usuario: victor_desesperado@victor.entregado.com se ha reconectado con el token: 526b6ecd708bd65057f91c9145f30b76f31bf346c5305a2bafe5c6053b2ac0dd.
[12-03-2025 22:47:51] [INFO] ✅ Cliente conectado con ID: a_oM5mjn69tMoWNrAABn
[12-03-2025 22:47:51] [INFO] ⏳ Temporizador reiniciado para victor_desesperado@victor.entregado.com
[12-03-2025 22:47:51] [WARN] ⚠️ El usuario: victor_desesperado@victor.entregado.com se ha reconectado con el token: 526b6ecd708bd65057f91c9145f30b76f31bf346c5305a2bafe5c6053b2ac0dd.
[12-03-2025 22:48:38] [INFO] ✅ Cliente conectado con ID: 86-91gZibkYAMZiwAABp
[12-03-2025 22:48:38] [INFO] ⏳ Temporizador reiniciado para victor_desesperado@victor.entregado.com
[12-03-2025 22:48:38] [WARN] ⚠️ El usuario: victor_desesperado@victor.entregado.com se ha reconectado con el token: 526b6ecd708bd65057f91c9145f30b76f31bf346c5305a2bafe5c6053b2ac0dd.
[12-03-2025 22:49:49] [INFO] ✅ Cliente conectado con ID: 2xbJr-AIzK8oW3ZcAABr
[12-03-2025 22:49:49] [INFO] ⏳ Temporizador reiniciado para victor_desesperado@victor.entregado.com
[12-03-2025 22:49:49] [WARN] ⚠️ El usuario: victor_desesperado@victor.entregado.com se ha reconectado con el token: 526b6ecd708bd65057f91c9145f30b76f31bf346c5305a2bafe5c6053b2ac0dd.
[12-03-2025 22:50:15] [INFO] 🔴 Usuario victor_desesperado@victor.entregado.com desconectado. Eliminando...
[12-03-2025 22:50:15] [INFO] 🔴 Usuario desconectado manualmente.
[12-03-2025 22:50:29] [INFO] ✅ Cliente conectado con ID: hM9AoD6KcVIgBdZGAABt
[12-03-2025 22:50:29] [WARN] ⚠️ El usuario con el token: 526b6ecd708bd65057f91c9145f30b76f31bf346c5305a2bafe5c6053b2ac0dd ha intentado conectarse al servidor token no válido.
[12-03-2025 22:50:33] [DEBUG] src/sockets/sockets.js los datos recibidos [object Object]
[12-03-2025 22:50:33] [DEBUG] src/sockets/auth/credenciales.js comprobarCredenciales() || Usuario: juan.perez@mail.com | Contraseña: contraseña_segura
[12-03-2025 22:50:33] [INFO] Conexión exitosa a MySQL
[12-03-2025 22:50:33] [INFO] Resultados de la consulta: [object Object]
[12-03-2025 22:50:33] [INFO] Conexión a MySQL cerrada
[12-03-2025 22:50:33] [DEBUG] src/sockets/auth/credenciales.js comprobarCredenciales() || FIREBASE_UID en MySQL: FR4igTSRuHTDIAxtRI9Xh08X1ZR2
[12-03-2025 22:50:33] [INFO] Conexión exitosa a MySQL
[12-03-2025 22:50:33] [INFO] Resultados de la consulta: [object Object]
[12-03-2025 22:50:33] [INFO] Conexión a MySQL cerrada
[12-03-2025 22:50:34] [DEBUG] src/sockets/auth/credenciales.js comprobarCredenciales() || El token es: 169ff888b25bc47f326b7f11f40f5b42463e30fb9c75281a964da572c3abd503 para el Usuario; juan.perez@mail.com
[12-03-2025 22:50:34] [DEBUG] src/sockets/auth/credenciales.js comprobarCredenciales() || TIPO DE CUENTA en MySQL: ADM
[12-03-2025 22:50:34] [INFO] ✅ Usuario: juan.perez@mail.com logueado correctamente. Tipo de cuenta: EMPLEADO.
[12-03-2025 22:50:40] [INFO] ⏳ Temporizador reiniciado para juan.perez@mail.com
[12-03-2025 22:50:40] [INFO] El usuario: juan.perez@mail.com, realiza la actividad Solicitar datos para la tabla: EMPLEADOS con el token: 169ff888b25bc47f326b7f11f40f5b42463e30fb9c75281a964da572c3abd503
[12-03-2025 22:50:40] [INFO] ✅ Ruta /ObtenerDatosTablas ha sido llamada
[12-03-2025 22:50:40] [DEBUG] /src/api/web_crud.js POST: ObtenerDatosTablas || tabla consultada: EMPLEADOS
[12-03-2025 22:50:40] [INFO] Conexión exitosa a MySQL
[12-03-2025 22:50:40] [INFO] Resultados de la consulta: [object Object],[object Object],[object Object]
[12-03-2025 22:50:40] [INFO] Conexión a MySQL cerrada
[12-03-2025 22:50:40] [DEBUG] /src/api/web_crud.js POST: ObtenerDatosTablas || Resultado de la consulta de creación de la tabla EMPLEADOS [{"ID_EMPLEADOS":1,"NOMBRE":"Juan","APELLIDO_A":"Pérez","APELLIDO_B":"Gómez","DIRECCION":"Calle Falsa 123","CODIGO_POSTAL":28001,"CIUDAD":"Madrid","MUNICIPIO":"Madrid","TELEFONO":"912345678","MOVIL":"612345678","MAIL":"juan.perez@mail.com","DNI_CIF":"12345678Z","NUMERO_CUENTA":"ES8300001111111111","NUMERO_SS":15155566698,"TIPO_CUENTA":"ADM","TOTAL_VACACIONES":30},{"ID_EMPLEADOS":2,"NOMBRE":"Fran","APELLIDO_A":"Pérez","APELLIDO_B":"Gómez","DIRECCION":"Calle Falsa 456","CODIGO_POSTAL":28001,"CIUDAD":"Coruña","MUNICIPIO":"Arteixo","TELEFONO":"912345678","MOVIL":"611666852","MAIL":"fran.perez@mail.com","DNI_CIF":"87654321Z","NUMERO_CUENTA":"ES8333301111111111","NUMERO_SS":121252445,"TIPO_CUENTA":"GESTOR","TOTAL_VACACIONES":30},{"ID_EMPLEADOS":4,"NOMBRE":"Víctor","APELLIDO_A":"Fernández","APELLIDO_B":"Méndez","DIRECCION":"avd De la desesperanza","CODIGO_POSTAL":15011,"CIUDAD":"La Coruña","MUNICIPIO":"Arteixo","TELEFONO":"981666999","MOVIL":"666999666","MAIL":"victor_desesperado@victor.entregado.com","DNI_CIF":"53166632Q","NUMERO_CUENTA":"ES9121000418450200051332","NUMERO_SS":81234567869,"TIPO_CUENTA":"GESTOR","TOTAL_VACACIONES":30}]
[12-03-2025 22:50:40] [INFO] ✅ Datos para la tabla EMPLEADOS obtenidos correctamente.
[12-03-2025 23:05:40] [WARN] ⚠️ Usuario juan.perez@mail.com deslogueado por inactividad.
